2022-02-18T15:26:55.277439+08:00 0 [Warning] TIMESTAMP with implicit DEFAULT value is deprecated. Please use --explicit_defaults_for_timestamp server option (see documentation for more details).
2022-02-18T15:26:55.277492+08:00 0 [Warning] 'NO_ZERO_DATE', 'NO_ZERO_IN_DATE' and 'ERROR_FOR_DIVISION_BY_ZERO' sql modes should be used with strict mode. They will be merged with strict mode in a future release.
2022-02-18T15:26:55.277507+08:00 0 [Warning] 'NO_AUTO_CREATE_USER' sql mode was not set.
2022-02-18T15:26:55.288314+08:00 0 [Warning] Setting lower_case_table_names=2 because file system for /var/lib/mysql/ is case insensitive
2022-02-18T15:26:58.240929+08:00 0 [Warning] InnoDB: New log files created, LSN=49319
2022-02-18T15:26:58.986923+08:00 0 [Warning] InnoDB: Creating foreign key constraint system tables.
mysqld: File '/var/lib/mysql/slow_query_log/slow.log' not found (Errcode: 2 - No such file or directory)
2022-02-18T15:26:59.103602+08:00 0 [ERROR] Could not use /var/lib/mysql/slow_query_log/slow.log for logging (error 2 - No such file or directory). Turning logging off for the server process. To turn it on again: fix the cause, then either restart the query logging by using "SET GLOBAL SLOW_QUERY_LOG=ON" or restart the MySQL server.
2022-02-18T15:26:59.261316+08:00 0 [Warning] No existing UUID has been found, so we assume that this is the first time that this server has been started. Generating a new UUID: 28998204-908c-11ec-81b6-0242ac130014.
2022-02-18T15:26:59.300728+08:00 0 [Warning] Gtid table is not ready to be used. Table 'mysql.gtid_executed' cannot be opened.
2022-02-18T15:27:00.738806+08:00 0 [Warning] A deprecated TLS version TLSv1 is enabled. Please use TLSv1.2 or higher.
2022-02-18T15:27:00.742127+08:00 0 [Warning] A deprecated TLS version TLSv1.1 is enabled. Please use TLSv1.2 or higher.
2022-02-18T15:27:00.775502+08:00 0 [Warning] CA certificate ca.pem is self signed.
2022-02-18T15:27:01.184605+08:00 1 [Warning] root@localhost is created with an empty password ! Please consider switching off the --initialize-insecure option.
2022-02-18T15:27:16.490311+08:00 0 [Warning] TIMESTAMP with implicit DEFAULT value is deprecated. Please use --explicit_defaults_for_timestamp server option (see documentation for more details).
2022-02-18T15:27:16.490401+08:00 0 [Warning] 'NO_ZERO_DATE', 'NO_ZERO_IN_DATE' and 'ERROR_FOR_DIVISION_BY_ZERO' sql modes should be used with strict mode. They will be merged with strict mode in a future release.
2022-02-18T15:27:16.490417+08:00 0 [Warning] 'NO_AUTO_CREATE_USER' sql mode was not set.
2022-02-18T15:27:16.502445+08:00 0 [Note] mysqld (mysqld 5.7.36-log) starting as process 76 ...
2022-02-18T15:27:16.513280+08:00 0 [Warning] Setting lower_case_table_names=2 because file system for /var/lib/mysql/ is case insensitive
2022-02-18T15:27:16.535776+08:00 0 [Note] InnoDB: PUNCH HOLE support available
2022-02-18T15:27:16.538713+08:00 0 [Note] InnoDB: Mutexes and rw_locks use GCC atomic builtins
2022-02-18T15:27:16.539922+08:00 0 [Note] InnoDB: Uses event mutexes
2022-02-18T15:27:16.540924+08:00 0 [Note] InnoDB: GCC builtin __atomic_thread_fence() is used for memory barrier
2022-02-18T15:27:16.542819+08:00 0 [Note] InnoDB: Compressed tables use zlib 1.2.11
2022-02-18T15:27:16.543856+08:00 0 [Note] InnoDB: Using Linux native AIO
2022-02-18T15:27:16.545291+08:00 0 [Note] InnoDB: Number of pools: 1
2022-02-18T15:27:16.546199+08:00 0 [Note] InnoDB: Using CPU crc32 instructions
2022-02-18T15:27:16.551075+08:00 0 [Note] InnoDB: Initializing buffer pool, total size = 128M, instances = 1, chunk size = 128M
2022-02-18T15:27:16.618072+08:00 0 [Note] InnoDB: Completed initialization of buffer pool
2022-02-18T15:27:16.623652+08:00 0 [Note] InnoDB: If the mysqld execution user is authorized, page cleaner thread priority can be changed. See the man page of setpriority().
2022-02-18T15:27:16.724213+08:00 0 [Note] InnoDB: Opened 4 undo tablespaces
2022-02-18T15:27:16.726217+08:00 0 [Note] InnoDB: 4 undo tablespaces made active
2022-02-18T15:27:16.727342+08:00 0 [Note] InnoDB: Highest supported file format is Barracuda.
2022-02-18T15:27:17.037502+08:00 0 [Note] InnoDB: Creating shared tablespace for temporary tables
2022-02-18T15:27:17.043954+08:00 0 [Note] InnoDB: Setting file './ibtmp1' size to 12 MB. Physically writing the file full; Please wait ...
2022-02-18T15:27:17.143601+08:00 0 [Note] InnoDB: File './ibtmp1' size is now 12 MB.
2022-02-18T15:27:17.152567+08:00 0 [Note] InnoDB: 96 redo rollback segment(s) found. 96 redo rollback segment(s) are active.
2022-02-18T15:27:17.154165+08:00 0 [Note] InnoDB: 32 non-redo rollback segment(s) are active.
2022-02-18T15:27:17.155788+08:00 0 [Note] InnoDB: 5.7.36 started; log sequence number 2664351
2022-02-18T15:27:17.156884+08:00 0 [Note] InnoDB: Loading buffer pool(s) from /var/lib/mysql/ib_buffer_pool
2022-02-18T15:27:17.157178+08:00 0 [Note] Plugin 'FEDERATED' is disabled.
mysqld: File '/var/lib/mysql/slow_query_log/slow.log' not found (Errcode: 2 - No such file or directory)
2022-02-18T15:27:17.208249+08:00 0 [ERROR] Could not use /var/lib/mysql/slow_query_log/slow.log for logging (error 2 - No such file or directory). Turning logging off for the server process. To turn it on again: fix the cause, then either restart the query logging by using "SET GLOBAL SLOW_QUERY_LOG=ON" or restart the MySQL server.
2022-02-18T15:27:17.251830+08:00 0 [Note] InnoDB: Buffer pool(s) load completed at 220218 15:27:17
2022-02-18T15:27:17.367495+08:00 0 [Note] Found ca.pem, server-cert.pem and server-key.pem in data directory. Trying to enable SSL support using them.
2022-02-18T15:27:17.369160+08:00 0 [Note] Skipping generation of SSL certificates as certificate files are present in data directory.
2022-02-18T15:27:17.371269+08:00 0 [Warning] A deprecated TLS version TLSv1 is enabled. Please use TLSv1.2 or higher.
2022-02-18T15:27:17.374057+08:00 0 [Warning] A deprecated TLS version TLSv1.1 is enabled. Please use TLSv1.2 or higher.
2022-02-18T15:27:17.400493+08:00 0 [Warning] CA certificate ca.pem is self signed.
2022-02-18T15:27:17.402559+08:00 0 [Note] Skipping generation of RSA key pair as key files are present in data directory.
2022-02-18T15:27:17.409226+08:00 0 [Warning] Insecure configuration for --pid-file: Location '/var/run/mysqld' in the path is accessible to all OS users. Consider choosing a different directory.
2022-02-18T15:27:17.757281+08:00 0 [Note] Failed to start slave threads for channel ''
2022-02-18T15:27:18.211034+08:00 0 [Note] Event Scheduler: Loaded 0 events
2022-02-18T15:27:18.212604+08:00 0 [Note] mysqld: ready for connections.
Version: '5.7.36-log'  socket: '/var/run/mysqld/mysqld.sock'  port: 0  MySQL Community Server (GPL)
2022-02-18T15:27:23.458871+08:00 0 [Note] Giving 0 client threads a chance to die gracefully
2022-02-18T15:27:23.465120+08:00 0 [Note] Shutting down slave threads
2022-02-18T15:27:23.466471+08:00 0 [Note] Forcefully disconnecting 0 remaining clients
2022-02-18T15:27:23.468089+08:00 0 [Note] Event Scheduler: Purging the queue. 0 events
2022-02-18T15:27:23.469750+08:00 0 [Note] Binlog end
2022-02-18T15:27:23.480062+08:00 0 [Note] Shutting down plugin 'ngram'
2022-02-18T15:27:23.481945+08:00 0 [Note] Shutting down plugin 'partition'
2022-02-18T15:27:23.482947+08:00 0 [Note] Shutting down plugin 'BLACKHOLE'
2022-02-18T15:27:23.484626+08:00 0 [Note] Shutting down plugin 'ARCHIVE'
2022-02-18T15:27:23.485455+08:00 0 [Note] Shutting down plugin 'PERFORMANCE_SCHEMA'
2022-02-18T15:27:23.487175+08:00 0 [Note] Shutting down plugin 'MRG_MYISAM'
2022-02-18T15:27:23.488531+08:00 0 [Note] Shutting down plugin 'MyISAM'
2022-02-18T15:27:23.489510+08:00 0 [Note] Shutting down plugin 'INNODB_SYS_VIRTUAL'
2022-02-18T15:27:23.490654+08:00 0 [Note] Shutting down plugin 'INNODB_SYS_DATAFILES'
2022-02-18T15:27:23.491567+08:00 0 [Note] Shutting down plugin 'INNODB_SYS_TABLESPACES'
2022-02-18T15:27:23.492488+08:00 0 [Note] Shutting down plugin 'INNODB_SYS_FOREIGN_COLS'
2022-02-18T15:27:23.494141+08:00 0 [Note] Shutting down plugin 'INNODB_SYS_FOREIGN'
2022-02-18T15:27:23.494913+08:00 0 [Note] Shutting down plugin 'INNODB_SYS_FIELDS'
2022-02-18T15:27:23.496196+08:00 0 [Note] Shutting down plugin 'INNODB_SYS_COLUMNS'
2022-02-18T15:27:23.497205+08:00 0 [Note] Shutting down plugin 'INNODB_SYS_INDEXES'
2022-02-18T15:27:23.497893+08:00 0 [Note] Shutting down plugin 'INNODB_SYS_TABLESTATS'
2022-02-18T15:27:23.498583+08:00 0 [Note] Shutting down plugin 'INNODB_SYS_TABLES'
2022-02-18T15:27:23.499587+08:00 0 [Note] Shutting down plugin 'INNODB_FT_INDEX_TABLE'
2022-02-18T15:27:23.500478+08:00 0 [Note] Shutting down plugin 'INNODB_FT_INDEX_CACHE'
2022-02-18T15:27:23.501038+08:00 0 [Note] Shutting down plugin 'INNODB_FT_CONFIG'
2022-02-18T15:27:23.502408+08:00 0 [Note] Shutting down plugin 'INNODB_FT_BEING_DELETED'
2022-02-18T15:27:23.503028+08:00 0 [Note] Shutting down plugin 'INNODB_FT_DELETED'
2022-02-18T15:27:23.503530+08:00 0 [Note] Shutting down plugin 'INNODB_FT_DEFAULT_STOPWORD'
2022-02-18T15:27:23.504273+08:00 0 [Note] Shutting down plugin 'INNODB_METRICS'
2022-02-18T15:27:23.505356+08:00 0 [Note] Shutting down plugin 'INNODB_TEMP_TABLE_INFO'
2022-02-18T15:27:23.506001+08:00 0 [Note] Shutting down plugin 'INNODB_BUFFER_POOL_STATS'
2022-02-18T15:27:23.506603+08:00 0 [Note] Shutting down plugin 'INNODB_BUFFER_PAGE_LRU'
2022-02-18T15:27:23.507624+08:00 0 [Note] Shutting down plugin 'INNODB_BUFFER_PAGE'
2022-02-18T15:27:23.508441+08:00 0 [Note] Shutting down plugin 'INNODB_CMP_PER_INDEX_RESET'
2022-02-18T15:27:23.509170+08:00 0 [Note] Shutting down plugin 'INNODB_CMP_PER_INDEX'
2022-02-18T15:27:23.510062+08:00 0 [Note] Shutting down plugin 'INNODB_CMPMEM_RESET'
2022-02-18T15:27:23.511145+08:00 0 [Note] Shutting down plugin 'INNODB_CMPMEM'
2022-02-18T15:27:23.511948+08:00 0 [Note] Shutting down plugin 'INNODB_CMP_RESET'
2022-02-18T15:27:23.513052+08:00 0 [Note] Shutting down plugin 'INNODB_CMP'
2022-02-18T15:27:23.513913+08:00 0 [Note] Shutting down plugin 'INNODB_LOCK_WAITS'
2022-02-18T15:27:23.514889+08:00 0 [Note] Shutting down plugin 'INNODB_LOCKS'
2022-02-18T15:27:23.515668+08:00 0 [Note] Shutting down plugin 'INNODB_TRX'
2022-02-18T15:27:23.516289+08:00 0 [Note] Shutting down plugin 'InnoDB'
2022-02-18T15:27:23.517123+08:00 0 [Note] InnoDB: FTS optimize thread exiting.
2022-02-18T15:27:23.518044+08:00 0 [Note] InnoDB: Starting shutdown...
2022-02-18T15:27:23.628422+08:00 0 [Note] InnoDB: Dumping buffer pool(s) to /var/lib/mysql/ib_buffer_pool
2022-02-18T15:27:23.651571+08:00 0 [Note] InnoDB: Buffer pool(s) dump completed at 220218 15:27:23
2022-02-18T15:27:25.256711+08:00 0 [Note] InnoDB: Shutdown completed; log sequence number 12548718
2022-02-18T15:27:25.262192+08:00 0 [Note] InnoDB: Removed temporary tablespace data file: "ibtmp1"
2022-02-18T15:27:25.262992+08:00 0 [Note] Shutting down plugin 'MEMORY'
2022-02-18T15:27:25.263585+08:00 0 [Note] Shutting down plugin 'CSV'
2022-02-18T15:27:25.264666+08:00 0 [Note] Shutting down plugin 'sha256_password'
2022-02-18T15:27:25.265440+08:00 0 [Note] Shutting down plugin 'mysql_native_password'
2022-02-18T15:27:25.266650+08:00 0 [Note] Shutting down plugin 'binlog'
2022-02-18T15:27:25.275845+08:00 0 [Note] mysqld: Shutdown complete

2022-02-18T15:27:25.694340+08:00 0 [Warning] TIMESTAMP with implicit DEFAULT value is deprecated. Please use --explicit_defaults_for_timestamp server option (see documentation for more details).
2022-02-18T15:27:25.694406+08:00 0 [Warning] 'NO_ZERO_DATE', 'NO_ZERO_IN_DATE' and 'ERROR_FOR_DIVISION_BY_ZERO' sql modes should be used with strict mode. They will be merged with strict mode in a future release.
2022-02-18T15:27:25.694421+08:00 0 [Warning] 'NO_AUTO_CREATE_USER' sql mode was not set.
2022-02-18T15:27:25.705912+08:00 0 [Note] mysqld (mysqld 5.7.36-log) starting as process 1 ...
2022-02-18T15:27:25.716271+08:00 0 [Warning] Setting lower_case_table_names=2 because file system for /var/lib/mysql/ is case insensitive
2022-02-18T15:27:25.731749+08:00 0 [Note] InnoDB: PUNCH HOLE support available
2022-02-18T15:27:25.732850+08:00 0 [Note] InnoDB: Mutexes and rw_locks use GCC atomic builtins
2022-02-18T15:27:25.733857+08:00 0 [Note] InnoDB: Uses event mutexes
2022-02-18T15:27:25.734835+08:00 0 [Note] InnoDB: GCC builtin __atomic_thread_fence() is used for memory barrier
2022-02-18T15:27:25.736229+08:00 0 [Note] InnoDB: Compressed tables use zlib 1.2.11
2022-02-18T15:27:25.737198+08:00 0 [Note] InnoDB: Using Linux native AIO
2022-02-18T15:27:25.739095+08:00 0 [Note] InnoDB: Number of pools: 1
2022-02-18T15:27:25.740222+08:00 0 [Note] InnoDB: Using CPU crc32 instructions
2022-02-18T15:27:25.744561+08:00 0 [Note] InnoDB: Initializing buffer pool, total size = 128M, instances = 1, chunk size = 128M
2022-02-18T15:27:25.763588+08:00 0 [Note] InnoDB: Completed initialization of buffer pool
2022-02-18T15:27:25.769828+08:00 0 [Note] InnoDB: If the mysqld execution user is authorized, page cleaner thread priority can be changed. See the man page of setpriority().
2022-02-18T15:27:25.873816+08:00 0 [Note] InnoDB: Opened 4 undo tablespaces
2022-02-18T15:27:25.875026+08:00 0 [Note] InnoDB: 4 undo tablespaces made active
2022-02-18T15:27:25.876251+08:00 0 [Note] InnoDB: Highest supported file format is Barracuda.
2022-02-18T15:27:26.142083+08:00 0 [Note] InnoDB: Creating shared tablespace for temporary tables
2022-02-18T15:27:26.146571+08:00 0 [Note] InnoDB: Setting file './ibtmp1' size to 12 MB. Physically writing the file full; Please wait ...
2022-02-18T15:27:26.248516+08:00 0 [Note] InnoDB: File './ibtmp1' size is now 12 MB.
2022-02-18T15:27:26.257186+08:00 0 [Note] InnoDB: 96 redo rollback segment(s) found. 96 redo rollback segment(s) are active.
2022-02-18T15:27:26.258043+08:00 0 [Note] InnoDB: 32 non-redo rollback segment(s) are active.
2022-02-18T15:27:26.259425+08:00 0 [Note] InnoDB: Waiting for purge to start
2022-02-18T15:27:26.310598+08:00 0 [Note] InnoDB: 5.7.36 started; log sequence number 12548718
2022-02-18T15:27:26.312036+08:00 0 [Note] Plugin 'FEDERATED' is disabled.
2022-02-18T15:27:26.312036+08:00 0 [Note] InnoDB: Loading buffer pool(s) from /var/lib/mysql/ib_buffer_pool
mysqld: File '/var/lib/mysql/slow_query_log/slow.log' not found (Errcode: 2 - No such file or directory)
2022-02-18T15:27:26.328713+08:00 0 [ERROR] Could not use /var/lib/mysql/slow_query_log/slow.log for logging (error 2 - No such file or directory). Turning logging off for the server process. To turn it on again: fix the cause, then either restart the query logging by using "SET GLOBAL SLOW_QUERY_LOG=ON" or restart the MySQL server.
2022-02-18T15:27:26.469278+08:00 0 [Note] InnoDB: Buffer pool(s) load completed at 220218 15:27:26
2022-02-18T15:27:26.526458+08:00 0 [Note] Found ca.pem, server-cert.pem and server-key.pem in data directory. Trying to enable SSL support using them.
2022-02-18T15:27:26.527446+08:00 0 [Note] Skipping generation of SSL certificates as certificate files are present in data directory.
2022-02-18T15:27:26.528581+08:00 0 [Warning] A deprecated TLS version TLSv1 is enabled. Please use TLSv1.2 or higher.
2022-02-18T15:27:26.529828+08:00 0 [Warning] A deprecated TLS version TLSv1.1 is enabled. Please use TLSv1.2 or higher.
2022-02-18T15:27:26.536083+08:00 0 [Warning] CA certificate ca.pem is self signed.
2022-02-18T15:27:26.537213+08:00 0 [Note] Skipping generation of RSA key pair as key files are present in data directory.
2022-02-18T15:27:26.541520+08:00 0 [Note] Server hostname (bind-address): '0.0.0.0'; port: 3306
2022-02-18T15:27:26.542637+08:00 0 [Note]   - '0.0.0.0' resolves to '0.0.0.0';
2022-02-18T15:27:26.543804+08:00 0 [Note] Server socket created on IP: '0.0.0.0'.
2022-02-18T15:27:26.546707+08:00 0 [Warning] Insecure configuration for --pid-file: Location '/var/run/mysqld' in the path is accessible to all OS users. Consider choosing a different directory.
2022-02-18T15:27:26.644803+08:00 0 [Note] Failed to start slave threads for channel ''
2022-02-18T15:27:26.880689+08:00 0 [Note] Event Scheduler: Loaded 0 events
2022-02-18T15:27:26.882794+08:00 0 [Note] mysqld: ready for connections.
Version: '5.7.36-log'  socket: '/var/run/mysqld/mysqld.sock'  port: 3306  MySQL Community Server (GPL)
2022-02-18T15:30:44.652441+08:00 6 [Note] Start binlog_dump to master_thread_id(6) slave_server(2), pos(mysql-bin.000003, 753)
2022-02-18T15:30:45.073110+08:00 7 [Note] Start binlog_dump to master_thread_id(7) slave_server(3), pos(mysql-bin.000003, 753)
2022-02-18T15:36:34.601617+08:00 0 [Note] Giving 9 client threads a chance to die gracefully
2022-02-18T15:36:34.605298+08:00 0 [Note] Shutting down slave threads
2022-02-18T15:36:44.623131+08:00 0 [Note] Forcefully disconnecting 7 remaining clients
2022-02-18T15:36:44.624399+08:00 0 [Warning] mysqld: Forcing close of thread 10  user: 'root'

2022-02-18T15:36:44.625407+08:00 0 [Warning] mysqld: Forcing close of thread 9  user: 'root'

2022-02-18T15:36:44.627126+08:00 0 [Warning] mysqld: Forcing close of thread 11  user: 'root'

2022-02-18T15:36:44.628289+08:00 0 [Warning] mysqld: Forcing close of thread 13  user: 'root'

2022-02-18T15:36:44.630217+08:00 0 [Warning] mysqld: Forcing close of thread 8  user: 'root'

2022-02-18T15:36:44.634150+08:00 0 [Warning] mysqld: Forcing close of thread 12  user: 'root'

2022-02-18T15:36:44.635855+08:00 0 [Warning] mysqld: Forcing close of thread 14  user: 'root'

2022-02-18T15:36:44.637227+08:00 0 [Note] Event Scheduler: Purging the queue. 0 events
2022-02-18T15:36:44.638606+08:00 0 [Note] Binlog end
2022-02-18T15:36:44.647392+08:00 0 [Note] Shutting down plugin 'ngram'
2022-02-18T15:36:44.649859+08:00 0 [Note] Shutting down plugin 'partition'
2022-02-18T15:36:44.651169+08:00 0 [Note] Shutting down plugin 'BLACKHOLE'
2022-02-18T15:36:44.653118+08:00 0 [Note] Shutting down plugin 'ARCHIVE'
