2022-02-17T14:36:07.842906+08:00 0 [Warning] TIMESTAMP with implicit DEFAULT value is deprecated. Please use --explicit_defaults_for_timestamp server option (see documentation for more details).
2022-02-17T14:36:07.842946+08:00 0 [Warning] 'NO_ZERO_DATE', 'NO_ZERO_IN_DATE' and 'ERROR_FOR_DIVISION_BY_ZERO' sql modes should be used with strict mode. They will be merged with strict mode in a future release.
2022-02-17T14:36:07.842949+08:00 0 [Warning] 'NO_AUTO_CREATE_USER' sql mode was not set.
2022-02-17T14:36:07.850609+08:00 0 [Warning] Setting lower_case_table_names=2 because file system for /var/lib/mysql/ is case insensitive
2022-02-17T14:36:08.740999+08:00 0 [Warning] InnoDB: New log files created, LSN=49319
2022-02-17T14:36:08.926776+08:00 0 [Warning] InnoDB: Creating foreign key constraint system tables.
mysqld: File '/var/lib/mysql/slow_query_log/slow.log' not found (Errcode: 2 - No such file or directory)
2022-02-17T14:36:08.997005+08:00 0 [ERROR] Could not use /var/lib/mysql/slow_query_log/slow.log for logging (error 2 - No such file or directory). Turning logging off for the server process. To turn it on again: fix the cause, then either restart the query logging by using "SET GLOBAL SLOW_QUERY_LOG=ON" or restart the MySQL server.
2022-02-17T14:36:09.019642+08:00 0 [Warning] No existing UUID has been found, so we assume that this is the first time that this server has been started. Generating a new UUID: e419d13b-8fbb-11ec-817d-0242ac1c0002.
2022-02-17T14:36:09.023808+08:00 0 [Warning] Gtid table is not ready to be used. Table 'mysql.gtid_executed' cannot be opened.
2022-02-17T14:36:10.044638+08:00 0 [Warning] A deprecated TLS version TLSv1 is enabled. Please use TLSv1.2 or higher.
2022-02-17T14:36:10.045403+08:00 0 [Warning] A deprecated TLS version TLSv1.1 is enabled. Please use TLSv1.2 or higher.
2022-02-17T14:36:10.053532+08:00 0 [Warning] CA certificate ca.pem is self signed.
2022-02-17T14:36:10.382120+08:00 1 [Warning] root@localhost is created with an empty password ! Please consider switching off the --initialize-insecure option.
2022-02-17T14:36:17.164879+08:00 0 [Warning] TIMESTAMP with implicit DEFAULT value is deprecated. Please use --explicit_defaults_for_timestamp server option (see documentation for more details).
2022-02-17T14:36:17.164937+08:00 0 [Warning] 'NO_ZERO_DATE', 'NO_ZERO_IN_DATE' and 'ERROR_FOR_DIVISION_BY_ZERO' sql modes should be used with strict mode. They will be merged with strict mode in a future release.
2022-02-17T14:36:17.164941+08:00 0 [Warning] 'NO_AUTO_CREATE_USER' sql mode was not set.
2022-02-17T14:36:17.171644+08:00 0 [Note] mysqld (mysqld 5.7.36-log) starting as process 76 ...
2022-02-17T14:36:17.177049+08:00 0 [Warning] Setting lower_case_table_names=2 because file system for /var/lib/mysql/ is case insensitive
2022-02-17T14:36:17.184508+08:00 0 [Note] InnoDB: PUNCH HOLE support available
2022-02-17T14:36:17.184976+08:00 0 [Note] InnoDB: Mutexes and rw_locks use GCC atomic builtins
2022-02-17T14:36:17.185442+08:00 0 [Note] InnoDB: Uses event mutexes
2022-02-17T14:36:17.185810+08:00 0 [Note] InnoDB: GCC builtin __atomic_thread_fence() is used for memory barrier
2022-02-17T14:36:17.186298+08:00 0 [Note] InnoDB: Compressed tables use zlib 1.2.11
2022-02-17T14:36:17.186791+08:00 0 [Note] InnoDB: Using Linux native AIO
2022-02-17T14:36:17.187469+08:00 0 [Note] InnoDB: Number of pools: 1
2022-02-17T14:36:17.188024+08:00 0 [Note] InnoDB: Using CPU crc32 instructions
2022-02-17T14:36:17.189949+08:00 0 [Note] InnoDB: Initializing buffer pool, total size = 128M, instances = 1, chunk size = 128M
2022-02-17T14:36:17.200973+08:00 0 [Note] InnoDB: Completed initialization of buffer pool
2022-02-17T14:36:17.204310+08:00 0 [Note] InnoDB: If the mysqld execution user is authorized, page cleaner thread priority can be changed. See the man page of setpriority().
2022-02-17T14:36:17.253804+08:00 0 [Note] InnoDB: Opened 4 undo tablespaces
2022-02-17T14:36:17.254434+08:00 0 [Note] InnoDB: 4 undo tablespaces made active
2022-02-17T14:36:17.255192+08:00 0 [Note] InnoDB: Highest supported file format is Barracuda.
2022-02-17T14:36:17.358760+08:00 0 [Note] InnoDB: Creating shared tablespace for temporary tables
2022-02-17T14:36:17.362538+08:00 0 [Note] InnoDB: Setting file './ibtmp1' size to 12 MB. Physically writing the file full; Please wait ...
2022-02-17T14:36:17.424388+08:00 0 [Note] InnoDB: File './ibtmp1' size is now 12 MB.
2022-02-17T14:36:17.429959+08:00 0 [Note] InnoDB: 96 redo rollback segment(s) found. 96 redo rollback segment(s) are active.
2022-02-17T14:36:17.430574+08:00 0 [Note] InnoDB: 32 non-redo rollback segment(s) are active.
2022-02-17T14:36:17.431830+08:00 0 [Note] InnoDB: Waiting for purge to start
2022-02-17T14:36:17.482691+08:00 0 [Note] InnoDB: 5.7.36 started; log sequence number 2664992
2022-02-17T14:36:17.483976+08:00 0 [Note] InnoDB: Loading buffer pool(s) from /var/lib/mysql/ib_buffer_pool
2022-02-17T14:36:17.484108+08:00 0 [Note] Plugin 'FEDERATED' is disabled.
mysqld: File '/var/lib/mysql/slow_query_log/slow.log' not found (Errcode: 2 - No such file or directory)
2022-02-17T14:36:17.510222+08:00 0 [ERROR] Could not use /var/lib/mysql/slow_query_log/slow.log for logging (error 2 - No such file or directory). Turning logging off for the server process. To turn it on again: fix the cause, then either restart the query logging by using "SET GLOBAL SLOW_QUERY_LOG=ON" or restart the MySQL server.
2022-02-17T14:36:17.527497+08:00 0 [Note] InnoDB: Buffer pool(s) load completed at 220217 14:36:17
2022-02-17T14:36:17.555530+08:00 0 [Note] Found ca.pem, server-cert.pem and server-key.pem in data directory. Trying to enable SSL support using them.
2022-02-17T14:36:17.555988+08:00 0 [Note] Skipping generation of SSL certificates as certificate files are present in data directory.
2022-02-17T14:36:17.556462+08:00 0 [Warning] A deprecated TLS version TLSv1 is enabled. Please use TLSv1.2 or higher.
2022-02-17T14:36:17.556811+08:00 0 [Warning] A deprecated TLS version TLSv1.1 is enabled. Please use TLSv1.2 or higher.
2022-02-17T14:36:17.560717+08:00 0 [Warning] CA certificate ca.pem is self signed.
2022-02-17T14:36:17.561180+08:00 0 [Note] Skipping generation of RSA key pair as key files are present in data directory.
2022-02-17T14:36:17.565416+08:00 0 [Warning] Insecure configuration for --pid-file: Location '/var/run/mysqld' in the path is accessible to all OS users. Consider choosing a different directory.
2022-02-17T14:36:17.659466+08:00 0 [Note] Failed to start slave threads for channel ''
2022-02-17T14:36:18.029188+08:00 0 [Note] Event Scheduler: Loaded 0 events
2022-02-17T14:36:18.030092+08:00 0 [Note] mysqld: ready for connections.
Version: '5.7.36-log'  socket: '/var/run/mysqld/mysqld.sock'  port: 0  MySQL Community Server (GPL)
2022-02-17T14:36:20.657039+08:00 0 [Note] Giving 0 client threads a chance to die gracefully
2022-02-17T14:36:20.657901+08:00 0 [Note] Shutting down slave threads
2022-02-17T14:36:20.658519+08:00 0 [Note] Forcefully disconnecting 0 remaining clients
2022-02-17T14:36:20.658917+08:00 0 [Note] Event Scheduler: Purging the queue. 0 events
2022-02-17T14:36:20.659566+08:00 0 [Note] Binlog end
2022-02-17T14:36:20.665041+08:00 0 [Note] Shutting down plugin 'ngram'
2022-02-17T14:36:20.665729+08:00 0 [Note] Shutting down plugin 'partition'
2022-02-17T14:36:20.666229+08:00 0 [Note] Shutting down plugin 'BLACKHOLE'
2022-02-17T14:36:20.666694+08:00 0 [Note] Shutting down plugin 'ARCHIVE'
2022-02-17T14:36:20.667085+08:00 0 [Note] Shutting down plugin 'PERFORMANCE_SCHEMA'
2022-02-17T14:36:20.667498+08:00 0 [Note] Shutting down plugin 'MRG_MYISAM'
2022-02-17T14:36:20.667878+08:00 0 [Note] Shutting down plugin 'MyISAM'
2022-02-17T14:36:20.668406+08:00 0 [Note] Shutting down plugin 'INNODB_SYS_VIRTUAL'
2022-02-17T14:36:20.668753+08:00 0 [Note] Shutting down plugin 'INNODB_SYS_DATAFILES'
2022-02-17T14:36:20.669229+08:00 0 [Note] Shutting down plugin 'INNODB_SYS_TABLESPACES'
2022-02-17T14:36:20.669635+08:00 0 [Note] Shutting down plugin 'INNODB_SYS_FOREIGN_COLS'
2022-02-17T14:36:20.669993+08:00 0 [Note] Shutting down plugin 'INNODB_SYS_FOREIGN'
2022-02-17T14:36:20.670567+08:00 0 [Note] Shutting down plugin 'INNODB_SYS_FIELDS'
2022-02-17T14:36:20.671528+08:00 0 [Note] Shutting down plugin 'INNODB_SYS_COLUMNS'
2022-02-17T14:36:20.671857+08:00 0 [Note] Shutting down plugin 'INNODB_SYS_INDEXES'
2022-02-17T14:36:20.672216+08:00 0 [Note] Shutting down plugin 'INNODB_SYS_TABLESTATS'
2022-02-17T14:36:20.672617+08:00 0 [Note] Shutting down plugin 'INNODB_SYS_TABLES'
2022-02-17T14:36:20.672998+08:00 0 [Note] Shutting down plugin 'INNODB_FT_INDEX_TABLE'
2022-02-17T14:36:20.673399+08:00 0 [Note] Shutting down plugin 'INNODB_FT_INDEX_CACHE'
2022-02-17T14:36:20.673745+08:00 0 [Note] Shutting down plugin 'INNODB_FT_CONFIG'
2022-02-17T14:36:20.674099+08:00 0 [Note] Shutting down plugin 'INNODB_FT_BEING_DELETED'
2022-02-17T14:36:20.674473+08:00 0 [Note] Shutting down plugin 'INNODB_FT_DELETED'
2022-02-17T14:36:20.674887+08:00 0 [Note] Shutting down plugin 'INNODB_FT_DEFAULT_STOPWORD'
2022-02-17T14:36:20.675277+08:00 0 [Note] Shutting down plugin 'INNODB_METRICS'
2022-02-17T14:36:20.675726+08:00 0 [Note] Shutting down plugin 'INNODB_TEMP_TABLE_INFO'
2022-02-17T14:36:20.676080+08:00 0 [Note] Shutting down plugin 'INNODB_BUFFER_POOL_STATS'
2022-02-17T14:36:20.676579+08:00 0 [Note] Shutting down plugin 'INNODB_BUFFER_PAGE_LRU'
2022-02-17T14:36:20.676947+08:00 0 [Note] Shutting down plugin 'INNODB_BUFFER_PAGE'
2022-02-17T14:36:20.677306+08:00 0 [Note] Shutting down plugin 'INNODB_CMP_PER_INDEX_RESET'
2022-02-17T14:36:20.677831+08:00 0 [Note] Shutting down plugin 'INNODB_CMP_PER_INDEX'
2022-02-17T14:36:20.678154+08:00 0 [Note] Shutting down plugin 'INNODB_CMPMEM_RESET'
2022-02-17T14:36:20.678541+08:00 0 [Note] Shutting down plugin 'INNODB_CMPMEM'
2022-02-17T14:36:20.678977+08:00 0 [Note] Shutting down plugin 'INNODB_CMP_RESET'
2022-02-17T14:36:20.679379+08:00 0 [Note] Shutting down plugin 'INNODB_CMP'
2022-02-17T14:36:20.679733+08:00 0 [Note] Shutting down plugin 'INNODB_LOCK_WAITS'
2022-02-17T14:36:20.680133+08:00 0 [Note] Shutting down plugin 'INNODB_LOCKS'
2022-02-17T14:36:20.680497+08:00 0 [Note] Shutting down plugin 'INNODB_TRX'
2022-02-17T14:36:20.681000+08:00 0 [Note] Shutting down plugin 'InnoDB'
2022-02-17T14:36:20.681557+08:00 0 [Note] InnoDB: FTS optimize thread exiting.
2022-02-17T14:36:20.682174+08:00 0 [Note] InnoDB: Starting shutdown...
2022-02-17T14:36:20.785965+08:00 0 [Note] InnoDB: Dumping buffer pool(s) to /var/lib/mysql/ib_buffer_pool
2022-02-17T14:36:20.793047+08:00 0 [Note] InnoDB: Buffer pool(s) dump completed at 220217 14:36:20
2022-02-17T14:36:22.406345+08:00 0 [Note] InnoDB: Shutdown completed; log sequence number 12549343
2022-02-17T14:36:22.408925+08:00 0 [Note] InnoDB: Removed temporary tablespace data file: "ibtmp1"
2022-02-17T14:36:22.409473+08:00 0 [Note] Shutting down plugin 'MEMORY'
2022-02-17T14:36:22.410070+08:00 0 [Note] Shutting down plugin 'CSV'
2022-02-17T14:36:22.426221+08:00 0 [Note] Shutting down plugin 'sha256_password'
2022-02-17T14:36:22.427199+08:00 0 [Note] Shutting down plugin 'mysql_native_password'
2022-02-17T14:36:22.428227+08:00 0 [Note] Shutting down plugin 'binlog'
2022-02-17T14:36:22.432466+08:00 0 [Note] mysqld: Shutdown complete

2022-02-17T14:36:22.844204+08:00 0 [Warning] TIMESTAMP with implicit DEFAULT value is deprecated. Please use --explicit_defaults_for_timestamp server option (see documentation for more details).
2022-02-17T14:36:22.844292+08:00 0 [Warning] 'NO_ZERO_DATE', 'NO_ZERO_IN_DATE' and 'ERROR_FOR_DIVISION_BY_ZERO' sql modes should be used with strict mode. They will be merged with strict mode in a future release.
2022-02-17T14:36:22.844297+08:00 0 [Warning] 'NO_AUTO_CREATE_USER' sql mode was not set.
2022-02-17T14:36:22.850464+08:00 0 [Note] mysqld (mysqld 5.7.36-log) starting as process 1 ...
2022-02-17T14:36:22.857252+08:00 0 [Warning] Setting lower_case_table_names=2 because file system for /var/lib/mysql/ is case insensitive
2022-02-17T14:36:22.865393+08:00 0 [Note] InnoDB: PUNCH HOLE support available
2022-02-17T14:36:22.866065+08:00 0 [Note] InnoDB: Mutexes and rw_locks use GCC atomic builtins
2022-02-17T14:36:22.866516+08:00 0 [Note] InnoDB: Uses event mutexes
2022-02-17T14:36:22.867626+08:00 0 [Note] InnoDB: GCC builtin __atomic_thread_fence() is used for memory barrier
2022-02-17T14:36:22.867973+08:00 0 [Note] InnoDB: Compressed tables use zlib 1.2.11
2022-02-17T14:36:22.868326+08:00 0 [Note] InnoDB: Using Linux native AIO
2022-02-17T14:36:22.869251+08:00 0 [Note] InnoDB: Number of pools: 1
2022-02-17T14:36:22.869805+08:00 0 [Note] InnoDB: Using CPU crc32 instructions
2022-02-17T14:36:22.871904+08:00 0 [Note] InnoDB: Initializing buffer pool, total size = 128M, instances = 1, chunk size = 128M
2022-02-17T14:36:22.883185+08:00 0 [Note] InnoDB: Completed initialization of buffer pool
2022-02-17T14:36:22.885744+08:00 0 [Note] InnoDB: If the mysqld execution user is authorized, page cleaner thread priority can be changed. See the man page of setpriority().
2022-02-17T14:36:22.938414+08:00 0 [Note] InnoDB: Opened 4 undo tablespaces
2022-02-17T14:36:22.938820+08:00 0 [Note] InnoDB: 4 undo tablespaces made active
2022-02-17T14:36:22.939559+08:00 0 [Note] InnoDB: Highest supported file format is Barracuda.
2022-02-17T14:36:23.041767+08:00 0 [Note] InnoDB: Creating shared tablespace for temporary tables
2022-02-17T14:36:23.044416+08:00 0 [Note] InnoDB: Setting file './ibtmp1' size to 12 MB. Physically writing the file full; Please wait ...
2022-02-17T14:36:23.114866+08:00 0 [Note] InnoDB: File './ibtmp1' size is now 12 MB.
2022-02-17T14:36:23.120626+08:00 0 [Note] InnoDB: 96 redo rollback segment(s) found. 96 redo rollback segment(s) are active.
2022-02-17T14:36:23.121500+08:00 0 [Note] InnoDB: 32 non-redo rollback segment(s) are active.
2022-02-17T14:36:23.122206+08:00 0 [Note] InnoDB: Waiting for purge to start
2022-02-17T14:36:23.173249+08:00 0 [Note] InnoDB: 5.7.36 started; log sequence number 12549343
2022-02-17T14:36:23.174602+08:00 0 [Note] InnoDB: Loading buffer pool(s) from /var/lib/mysql/ib_buffer_pool
2022-02-17T14:36:23.174765+08:00 0 [Note] Plugin 'FEDERATED' is disabled.
mysqld: File '/var/lib/mysql/slow_query_log/slow.log' not found (Errcode: 2 - No such file or directory)
2022-02-17T14:36:23.191473+08:00 0 [ERROR] Could not use /var/lib/mysql/slow_query_log/slow.log for logging (error 2 - No such file or directory). Turning logging off for the server process. To turn it on again: fix the cause, then either restart the query logging by using "SET GLOBAL SLOW_QUERY_LOG=ON" or restart the MySQL server.
2022-02-17T14:36:23.258010+08:00 0 [Note] InnoDB: Buffer pool(s) load completed at 220217 14:36:23
2022-02-17T14:36:23.293588+08:00 0 [Note] Found ca.pem, server-cert.pem and server-key.pem in data directory. Trying to enable SSL support using them.
2022-02-17T14:36:23.294276+08:00 0 [Note] Skipping generation of SSL certificates as certificate files are present in data directory.
2022-02-17T14:36:23.294734+08:00 0 [Warning] A deprecated TLS version TLSv1 is enabled. Please use TLSv1.2 or higher.
2022-02-17T14:36:23.295180+08:00 0 [Warning] A deprecated TLS version TLSv1.1 is enabled. Please use TLSv1.2 or higher.
2022-02-17T14:36:23.298781+08:00 0 [Warning] CA certificate ca.pem is self signed.
2022-02-17T14:36:23.299221+08:00 0 [Note] Skipping generation of RSA key pair as key files are present in data directory.
2022-02-17T14:36:23.301677+08:00 0 [Note] Server hostname (bind-address): '*'; port: 3306
2022-02-17T14:36:23.302159+08:00 0 [Note] IPv6 is available.
2022-02-17T14:36:23.302699+08:00 0 [Note]   - '::' resolves to '::';
2022-02-17T14:36:23.303153+08:00 0 [Note] Server socket created on IP: '::'.
2022-02-17T14:36:23.305364+08:00 0 [Warning] Insecure configuration for --pid-file: Location '/var/run/mysqld' in the path is accessible to all OS users. Consider choosing a different directory.
2022-02-17T14:36:23.371303+08:00 0 [Note] Failed to start slave threads for channel ''
2022-02-17T14:36:23.476570+08:00 0 [Note] Event Scheduler: Loaded 0 events
2022-02-17T14:36:23.477260+08:00 0 [Note] mysqld: ready for connections.
Version: '5.7.36-log'  socket: '/var/run/mysqld/mysqld.sock'  port: 3306  MySQL Community Server (GPL)
2022-02-17T18:26:29.967653+08:00 0 [Note] Giving 6 client threads a chance to die gracefully
2022-02-17T18:26:29.970619+08:00 0 [Note] Shutting down slave threads
2022-02-17T18:26:31.949651+08:00 0 [Note] Forcefully disconnecting 6 remaining clients
2022-02-17T18:26:31.950810+08:00 0 [Warning] mysqld: Forcing close of thread 6  user: 'xulei'

2022-02-17T18:26:31.951972+08:00 0 [Warning] mysqld: Forcing close of thread 4  user: 'root'

2022-02-17T18:26:31.953408+08:00 0 [Warning] mysqld: Forcing close of thread 5  user: 'root'

2022-02-17T18:26:31.954416+08:00 0 [Warning] mysqld: Forcing close of thread 7  user: 'xulei'

2022-02-17T18:26:31.955316+08:00 0 [Warning] mysqld: Forcing close of thread 2  user: 'root'

2022-02-17T18:26:31.956322+08:00 0 [Warning] mysqld: Forcing close of thread 3  user: 'root'

2022-02-17T18:26:31.957253+08:00 0 [Note] Event Scheduler: Purging the queue. 0 events
2022-02-17T18:26:31.959071+08:00 0 [Note] Binlog end
2022-02-17T18:26:31.962749+08:00 0 [Note] Shutting down plugin 'ngram'
2022-02-17T18:26:31.964710+08:00 0 [Note] Shutting down plugin 'partition'
2022-02-17T18:26:31.965362+08:00 0 [Note] Shutting down plugin 'BLACKHOLE'
2022-02-17T18:26:31.965811+08:00 0 [Note] Shutting down plugin 'ARCHIVE'
2022-02-17T18:26:31.966406+08:00 0 [Note] Shutting down plugin 'PERFORMANCE_SCHEMA'
2022-02-17T18:26:31.966905+08:00 0 [Note] Shutting down plugin 'MRG_MYISAM'
2022-02-17T18:26:31.967317+08:00 0 [Note] Shutting down plugin 'MyISAM'
2022-02-17T18:26:31.967969+08:00 0 [Note] Shutting down plugin 'INNODB_SYS_VIRTUAL'
2022-02-17T18:26:31.968405+08:00 0 [Note] Shutting down plugin 'INNODB_SYS_DATAFILES'
2022-02-17T18:26:31.968851+08:00 0 [Note] Shutting down plugin 'INNODB_SYS_TABLESPACES'
2022-02-17T18:26:31.969249+08:00 0 [Note] Shutting down plugin 'INNODB_SYS_FOREIGN_COLS'
2022-02-17T18:26:31.969626+08:00 0 [Note] Shutting down plugin 'INNODB_SYS_FOREIGN'
2022-02-17T18:26:31.970044+08:00 0 [Note] Shutting down plugin 'INNODB_SYS_FIELDS'
2022-02-17T18:26:31.970635+08:00 0 [Note] Shutting down plugin 'INNODB_SYS_COLUMNS'
2022-02-17T18:26:31.971064+08:00 0 [Note] Shutting down plugin 'INNODB_SYS_INDEXES'
2022-02-17T18:26:31.971552+08:00 0 [Note] Shutting down plugin 'INNODB_SYS_TABLESTATS'
2022-02-17T18:26:31.971904+08:00 0 [Note] Shutting down plugin 'INNODB_SYS_TABLES'
2022-02-17T18:26:31.972409+08:00 0 [Note] Shutting down plugin 'INNODB_FT_INDEX_TABLE'
2022-02-17T18:26:31.973074+08:00 0 [Note] Shutting down plugin 'INNODB_FT_INDEX_CACHE'
2022-02-17T18:26:31.973598+08:00 0 [Note] Shutting down plugin 'INNODB_FT_CONFIG'
2022-02-17T18:26:31.974094+08:00 0 [Note] Shutting down plugin 'INNODB_FT_BEING_DELETED'
2022-02-17T18:26:31.974588+08:00 0 [Note] Shutting down plugin 'INNODB_FT_DELETED'
2022-02-17T18:26:31.975088+08:00 0 [Note] Shutting down plugin 'INNODB_FT_DEFAULT_STOPWORD'
2022-02-17T18:26:31.975497+08:00 0 [Note] Shutting down plugin 'INNODB_METRICS'
2022-02-17T18:26:31.975938+08:00 0 [Note] Shutting down plugin 'INNODB_TEMP_TABLE_INFO'
2022-02-17T18:26:31.976522+08:00 0 [Note] Shutting down plugin 'INNODB_BUFFER_POOL_STATS'
2022-02-17T18:26:31.977113+08:00 0 [Note] Shutting down plugin 'INNODB_BUFFER_PAGE_LRU'
2022-02-17T18:26:31.977541+08:00 0 [Note] Shutting down plugin 'INNODB_BUFFER_PAGE'
2022-02-17T18:26:31.977944+08:00 0 [Note] Shutting down plugin 'INNODB_CMP_PER_INDEX_RESET'
2022-02-17T18:26:31.978363+08:00 0 [Note] Shutting down plugin 'INNODB_CMP_PER_INDEX'
2022-02-17T18:26:31.978781+08:00 0 [Note] Shutting down plugin 'INNODB_CMPMEM_RESET'
2022-02-17T18:26:31.979195+08:00 0 [Note] Shutting down plugin 'INNODB_CMPMEM'
2022-02-17T18:26:31.979859+08:00 0 [Note] Shutting down plugin 'INNODB_CMP_RESET'
2022-02-17T18:26:31.980238+08:00 0 [Note] Shutting down plugin 'INNODB_CMP'
2022-02-17T18:26:31.980649+08:00 0 [Note] Shutting down plugin 'INNODB_LOCK_WAITS'
2022-02-17T18:26:31.981070+08:00 0 [Note] Shutting down plugin 'INNODB_LOCKS'
2022-02-17T18:26:31.981687+08:00 0 [Note] Shutting down plugin 'INNODB_TRX'
2022-02-17T18:26:31.982284+08:00 0 [Note] Shutting down plugin 'InnoDB'
2022-02-17T18:26:31.982992+08:00 0 [Note] InnoDB: FTS optimize thread exiting.
2022-02-17T18:26:31.984478+08:00 0 [Note] InnoDB: Starting shutdown...
2022-02-17T18:26:32.090123+08:00 0 [Note] InnoDB: Dumping buffer pool(s) to /var/lib/mysql/ib_buffer_pool
2022-02-17T18:26:32.097416+08:00 0 [Note] InnoDB: Buffer pool(s) dump completed at 220217 18:26:32
2022-02-17T18:26:33.727596+08:00 0 [Note] InnoDB: Shutdown completed; log sequence number 12844353
2022-02-17T18:26:33.731656+08:00 0 [Note] InnoDB: Removed temporary tablespace data file: "ibtmp1"
2022-02-17T18:26:33.732317+08:00 0 [Note] Shutting down plugin 'MEMORY'
2022-02-17T18:26:33.732717+08:00 0 [Note] Shutting down plugin 'CSV'
2022-02-17T18:26:33.733119+08:00 0 [Note] Shutting down plugin 'sha256_password'
2022-02-17T18:26:33.733530+08:00 0 [Note] Shutting down plugin 'mysql_native_password'
2022-02-17T18:26:33.734043+08:00 0 [Note] Shutting down plugin 'binlog'
2022-02-17T18:26:33.738347+08:00 0 [Note] mysqld: Shutdown complete

2022-02-17T22:13:23.361533+08:00 0 [Warning] TIMESTAMP with implicit DEFAULT value is deprecated. Please use --explicit_defaults_for_timestamp server option (see documentation for more details).
2022-02-17T22:13:23.361613+08:00 0 [Warning] 'NO_ZERO_DATE', 'NO_ZERO_IN_DATE' and 'ERROR_FOR_DIVISION_BY_ZERO' sql modes should be used with strict mode. They will be merged with strict mode in a future release.
2022-02-17T22:13:23.361619+08:00 0 [Warning] 'NO_AUTO_CREATE_USER' sql mode was not set.
2022-02-17T22:13:23.369781+08:00 0 [Note] mysqld (mysqld 5.7.36-log) starting as process 1 ...
2022-02-17T22:13:23.375845+08:00 0 [Warning] Setting lower_case_table_names=2 because file system for /var/lib/mysql/ is case insensitive
2022-02-17T22:13:23.384323+08:00 0 [Note] InnoDB: PUNCH HOLE support available
2022-02-17T22:13:23.384820+08:00 0 [Note] InnoDB: Mutexes and rw_locks use GCC atomic builtins
2022-02-17T22:13:23.385218+08:00 0 [Note] InnoDB: Uses event mutexes
2022-02-17T22:13:23.385784+08:00 0 [Note] InnoDB: GCC builtin __atomic_thread_fence() is used for memory barrier
2022-02-17T22:13:23.386145+08:00 0 [Note] InnoDB: Compressed tables use zlib 1.2.11
2022-02-17T22:13:23.386573+08:00 0 [Note] InnoDB: Using Linux native AIO
2022-02-17T22:13:23.387454+08:00 0 [Note] InnoDB: Number of pools: 1
2022-02-17T22:13:23.388071+08:00 0 [Note] InnoDB: Using CPU crc32 instructions
2022-02-17T22:13:23.391156+08:00 0 [Note] InnoDB: Initializing buffer pool, total size = 128M, instances = 1, chunk size = 128M
2022-02-17T22:13:23.404771+08:00 0 [Note] InnoDB: Completed initialization of buffer pool
2022-02-17T22:13:23.408617+08:00 0 [Note] InnoDB: If the mysqld execution user is authorized, page cleaner thread priority can be changed. See the man page of setpriority().
2022-02-17T22:13:23.465081+08:00 0 [Note] InnoDB: Opened 4 undo tablespaces
2022-02-17T22:13:23.465559+08:00 0 [Note] InnoDB: 4 undo tablespaces made active
2022-02-17T22:13:23.466374+08:00 0 [Note] InnoDB: Highest supported file format is Barracuda.
2022-02-17T22:13:23.642809+08:00 0 [Note] InnoDB: Creating shared tablespace for temporary tables
2022-02-17T22:13:23.647036+08:00 0 [Note] InnoDB: Setting file './ibtmp1' size to 12 MB. Physically writing the file full; Please wait ...
2022-02-17T22:13:23.712455+08:00 0 [Note] InnoDB: File './ibtmp1' size is now 12 MB.
2022-02-17T22:13:23.718997+08:00 0 [Note] InnoDB: 96 redo rollback segment(s) found. 96 redo rollback segment(s) are active.
2022-02-17T22:13:23.719556+08:00 0 [Note] InnoDB: 32 non-redo rollback segment(s) are active.
2022-02-17T22:13:23.720385+08:00 0 [Note] InnoDB: Waiting for purge to start
2022-02-17T22:13:23.771287+08:00 0 [Note] InnoDB: 5.7.36 started; log sequence number 12844353
2022-02-17T22:13:23.772570+08:00 0 [Note] InnoDB: Loading buffer pool(s) from /var/lib/mysql/ib_buffer_pool
2022-02-17T22:13:23.772803+08:00 0 [Note] Plugin 'FEDERATED' is disabled.
2022-02-17T22:13:23.788802+08:00 0 [Note] InnoDB: Buffer pool(s) load completed at 220217 22:13:23
mysqld: File '/var/lib/mysql/slow_query_log/slow.log' not found (Errcode: 2 - No such file or directory)
2022-02-17T22:13:23.796790+08:00 0 [ERROR] Could not use /var/lib/mysql/slow_query_log/slow.log for logging (error 2 - No such file or directory). Turning logging off for the server process. To turn it on again: fix the cause, then either restart the query logging by using "SET GLOBAL SLOW_QUERY_LOG=ON" or restart the MySQL server.
2022-02-17T22:13:23.867731+08:00 0 [Note] Found ca.pem, server-cert.pem and server-key.pem in data directory. Trying to enable SSL support using them.
2022-02-17T22:13:23.868136+08:00 0 [Note] Skipping generation of SSL certificates as certificate files are present in data directory.
2022-02-17T22:13:23.868534+08:00 0 [Warning] A deprecated TLS version TLSv1 is enabled. Please use TLSv1.2 or higher.
2022-02-17T22:13:23.869028+08:00 0 [Warning] A deprecated TLS version TLSv1.1 is enabled. Please use TLSv1.2 or higher.
2022-02-17T22:13:23.875058+08:00 0 [Warning] CA certificate ca.pem is self signed.
2022-02-17T22:13:23.875795+08:00 0 [Note] Skipping generation of RSA key pair as key files are present in data directory.
2022-02-17T22:13:23.882378+08:00 0 [Note] Server hostname (bind-address): '*'; port: 3306
2022-02-17T22:13:23.883011+08:00 0 [Note] IPv6 is available.
2022-02-17T22:13:23.883485+08:00 0 [Note]   - '::' resolves to '::';
2022-02-17T22:13:23.884039+08:00 0 [Note] Server socket created on IP: '::'.
2022-02-17T22:13:23.886144+08:00 0 [Warning] Insecure configuration for --pid-file: Location '/var/run/mysqld' in the path is accessible to all OS users. Consider choosing a different directory.
2022-02-17T22:13:24.015782+08:00 0 [Note] Failed to start slave threads for channel ''
2022-02-17T22:13:24.193769+08:00 0 [Note] Event Scheduler: Loaded 0 events
2022-02-17T22:13:24.194501+08:00 0 [Note] mysqld: ready for connections.
Version: '5.7.36-log'  socket: '/var/run/mysqld/mysqld.sock'  port: 3306  MySQL Community Server (GPL)
2022-02-17T22:16:58.721022+08:00 8 [Note] Access denied for user 'xulei'@'172.28.0.1' (using password: NO)
2022-02-18T01:04:19.027108+08:00 0 [Note] Giving 6 client threads a chance to die gracefully
2022-02-18T01:04:19.027935+08:00 0 [Note] Shutting down slave threads
2022-02-18T01:04:21.029811+08:00 0 [Note] Forcefully disconnecting 6 remaining clients
2022-02-18T01:04:21.031060+08:00 0 [Warning] mysqld: Forcing close of thread 6  user: 'root'

2022-02-18T01:04:21.032495+08:00 0 [Warning] mysqld: Forcing close of thread 4  user: 'root'

2022-02-18T01:04:21.033739+08:00 0 [Warning] mysqld: Forcing close of thread 5  user: 'root'

2022-02-18T01:04:21.034773+08:00 0 [Warning] mysqld: Forcing close of thread 7  user: 'root'

2022-02-18T01:04:21.035734+08:00 0 [Warning] mysqld: Forcing close of thread 2  user: 'xulei'

2022-02-18T01:04:21.036687+08:00 0 [Warning] mysqld: Forcing close of thread 3  user: 'xulei'

2022-02-18T01:04:21.037527+08:00 0 [Note] Event Scheduler: Purging the queue. 0 events
2022-02-18T01:04:21.039131+08:00 0 [Note] Binlog end
2022-02-18T01:04:21.042740+08:00 0 [Note] Shutting down plugin 'ngram'
2022-02-18T01:04:21.043792+08:00 0 [Note] Shutting down plugin 'partition'
2022-02-18T01:04:21.044310+08:00 0 [Note] Shutting down plugin 'BLACKHOLE'
2022-02-18T01:04:21.044816+08:00 0 [Note] Shutting down plugin 'ARCHIVE'
2022-02-18T01:04:21.045371+08:00 0 [Note] Shutting down plugin 'PERFORMANCE_SCHEMA'
2022-02-18T01:04:21.045850+08:00 0 [Note] Shutting down plugin 'MRG_MYISAM'
2022-02-18T01:04:21.046154+08:00 0 [Note] Shutting down plugin 'MyISAM'
2022-02-18T01:04:21.046559+08:00 0 [Note] Shutting down plugin 'INNODB_SYS_VIRTUAL'
2022-02-18T01:04:21.046949+08:00 0 [Note] Shutting down plugin 'INNODB_SYS_DATAFILES'
2022-02-18T01:04:21.047292+08:00 0 [Note] Shutting down plugin 'INNODB_SYS_TABLESPACES'
2022-02-18T01:04:21.047666+08:00 0 [Note] Shutting down plugin 'INNODB_SYS_FOREIGN_COLS'
2022-02-18T01:04:21.047967+08:00 0 [Note] Shutting down plugin 'INNODB_SYS_FOREIGN'
2022-02-18T01:04:21.048302+08:00 0 [Note] Shutting down plugin 'INNODB_SYS_FIELDS'
2022-02-18T01:04:21.048642+08:00 0 [Note] Shutting down plugin 'INNODB_SYS_COLUMNS'
2022-02-18T01:04:21.049042+08:00 0 [Note] Shutting down plugin 'INNODB_SYS_INDEXES'
2022-02-18T01:04:21.049829+08:00 0 [Note] Shutting down plugin 'INNODB_SYS_TABLESTATS'
2022-02-18T01:04:21.050198+08:00 0 [Note] Shutting down plugin 'INNODB_SYS_TABLES'
2022-02-18T01:04:21.050492+08:00 0 [Note] Shutting down plugin 'INNODB_FT_INDEX_TABLE'
2022-02-18T01:04:21.050992+08:00 0 [Note] Shutting down plugin 'INNODB_FT_INDEX_CACHE'
2022-02-18T01:04:21.051331+08:00 0 [Note] Shutting down plugin 'INNODB_FT_CONFIG'
2022-02-18T01:04:21.051701+08:00 0 [Note] Shutting down plugin 'INNODB_FT_BEING_DELETED'
2022-02-18T01:04:21.052080+08:00 0 [Note] Shutting down plugin 'INNODB_FT_DELETED'
2022-02-18T01:04:21.052496+08:00 0 [Note] Shutting down plugin 'INNODB_FT_DEFAULT_STOPWORD'
2022-02-18T01:04:21.052793+08:00 0 [Note] Shutting down plugin 'INNODB_METRICS'
2022-02-18T01:04:21.053236+08:00 0 [Note] Shutting down plugin 'INNODB_TEMP_TABLE_INFO'
2022-02-18T01:04:21.053659+08:00 0 [Note] Shutting down plugin 'INNODB_BUFFER_POOL_STATS'
2022-02-18T01:04:21.053963+08:00 0 [Note] Shutting down plugin 'INNODB_BUFFER_PAGE_LRU'
2022-02-18T01:04:21.054414+08:00 0 [Note] Shutting down plugin 'INNODB_BUFFER_PAGE'
2022-02-18T01:04:21.054806+08:00 0 [Note] Shutting down plugin 'INNODB_CMP_PER_INDEX_RESET'
2022-02-18T01:04:21.055089+08:00 0 [Note] Shutting down plugin 'INNODB_CMP_PER_INDEX'
2022-02-18T01:04:21.055541+08:00 0 [Note] Shutting down plugin 'INNODB_CMPMEM_RESET'
2022-02-18T01:04:21.055920+08:00 0 [Note] Shutting down plugin 'INNODB_CMPMEM'
2022-02-18T01:04:21.056488+08:00 0 [Note] Shutting down plugin 'INNODB_CMP_RESET'
2022-02-18T01:04:21.057008+08:00 0 [Note] Shutting down plugin 'INNODB_CMP'
2022-02-18T01:04:21.057480+08:00 0 [Note] Shutting down plugin 'INNODB_LOCK_WAITS'
2022-02-18T01:04:21.057894+08:00 0 [Note] Shutting down plugin 'INNODB_LOCKS'
2022-02-18T01:04:21.058463+08:00 0 [Note] Shutting down plugin 'INNODB_TRX'
2022-02-18T01:04:21.059061+08:00 0 [Note] Shutting down plugin 'InnoDB'
2022-02-18T01:04:21.059742+08:00 0 [Note] InnoDB: FTS optimize thread exiting.
2022-02-18T01:04:21.060418+08:00 0 [Note] InnoDB: Starting shutdown...
2022-02-18T01:04:21.164330+08:00 0 [Note] InnoDB: Dumping buffer pool(s) to /var/lib/mysql/ib_buffer_pool
2022-02-18T01:04:21.172128+08:00 0 [Note] InnoDB: Buffer pool(s) dump completed at 220218  1:04:21
2022-02-18T01:04:22.804905+08:00 0 [Note] InnoDB: Shutdown completed; log sequence number 13093341
2022-02-18T01:04:22.811519+08:00 0 [Note] InnoDB: Removed temporary tablespace data file: "ibtmp1"
2022-02-18T01:04:22.812529+08:00 0 [Note] Shutting down plugin 'MEMORY'
2022-02-18T01:04:22.813123+08:00 0 [Note] Shutting down plugin 'CSV'
2022-02-18T01:04:22.813526+08:00 0 [Note] Shutting down plugin 'sha256_password'
2022-02-18T01:04:22.813917+08:00 0 [Note] Shutting down plugin 'mysql_native_password'
2022-02-18T01:04:22.814463+08:00 0 [Note] Shutting down plugin 'binlog'
2022-02-18T01:04:22.817864+08:00 0 [Note] mysqld: Shutdown complete

2022-03-03T19:17:26.378059+08:00 0 [Warning] TIMESTAMP with implicit DEFAULT value is deprecated. Please use --explicit_defaults_for_timestamp server option (see documentation for more details).
2022-03-03T19:17:26.378151+08:00 0 [Warning] 'NO_ZERO_DATE', 'NO_ZERO_IN_DATE' and 'ERROR_FOR_DIVISION_BY_ZERO' sql modes should be used with strict mode. They will be merged with strict mode in a future release.
2022-03-03T19:17:26.378156+08:00 0 [Warning] 'NO_AUTO_CREATE_USER' sql mode was not set.
2022-03-03T19:17:26.384309+08:00 0 [Note] mysqld (mysqld 5.7.36-log) starting as process 1 ...
2022-03-03T19:17:26.389073+08:00 0 [Warning] Setting lower_case_table_names=2 because file system for /var/lib/mysql/ is case insensitive
2022-03-03T19:17:26.398068+08:00 0 [Note] InnoDB: PUNCH HOLE support available
2022-03-03T19:17:26.398592+08:00 0 [Note] InnoDB: Mutexes and rw_locks use GCC atomic builtins
2022-03-03T19:17:26.398989+08:00 0 [Note] InnoDB: Uses event mutexes
2022-03-03T19:17:26.399365+08:00 0 [Note] InnoDB: GCC builtin __atomic_thread_fence() is used for memory barrier
2022-03-03T19:17:26.400570+08:00 0 [Note] InnoDB: Compressed tables use zlib 1.2.11
2022-03-03T19:17:26.401092+08:00 0 [Note] InnoDB: Using Linux native AIO
2022-03-03T19:17:26.402806+08:00 0 [Note] InnoDB: Number of pools: 1
2022-03-03T19:17:26.404853+08:00 0 [Note] InnoDB: Using CPU crc32 instructions
2022-03-03T19:17:26.406855+08:00 0 [Note] InnoDB: Initializing buffer pool, total size = 128M, instances = 1, chunk size = 128M
2022-03-03T19:17:26.417641+08:00 0 [Note] InnoDB: Completed initialization of buffer pool
2022-03-03T19:17:26.420286+08:00 0 [Note] InnoDB: If the mysqld execution user is authorized, page cleaner thread priority can be changed. See the man page of setpriority().
2022-03-03T19:17:26.477047+08:00 0 [Note] InnoDB: Opened 4 undo tablespaces
2022-03-03T19:17:26.477476+08:00 0 [Note] InnoDB: 4 undo tablespaces made active
2022-03-03T19:17:26.478180+08:00 0 [Note] InnoDB: Highest supported file format is Barracuda.
2022-03-03T19:17:26.606525+08:00 0 [Note] InnoDB: Creating shared tablespace for temporary tables
2022-03-03T19:17:26.609082+08:00 0 [Note] InnoDB: Setting file './ibtmp1' size to 12 MB. Physically writing the file full; Please wait ...
2022-03-03T19:17:26.678682+08:00 0 [Note] InnoDB: File './ibtmp1' size is now 12 MB.
2022-03-03T19:17:26.684980+08:00 0 [Note] InnoDB: 96 redo rollback segment(s) found. 96 redo rollback segment(s) are active.
2022-03-03T19:17:26.685799+08:00 0 [Note] InnoDB: 32 non-redo rollback segment(s) are active.
2022-03-03T19:17:26.686533+08:00 0 [Note] InnoDB: Waiting for purge to start
2022-03-03T19:17:26.737479+08:00 0 [Note] InnoDB: 5.7.36 started; log sequence number 13093341
2022-03-03T19:17:26.738897+08:00 0 [Note] InnoDB: Loading buffer pool(s) from /var/lib/mysql/ib_buffer_pool
2022-03-03T19:17:26.739111+08:00 0 [Note] Plugin 'FEDERATED' is disabled.
mysqld: File '/var/lib/mysql/slow_query_log/slow.log' not found (Errcode: 2 - No such file or directory)
2022-03-03T19:17:26.770959+08:00 0 [ERROR] Could not use /var/lib/mysql/slow_query_log/slow.log for logging (error 2 - No such file or directory). Turning logging off for the server process. To turn it on again: fix the cause, then either restart the query logging by using "SET GLOBAL SLOW_QUERY_LOG=ON" or restart the MySQL server.
2022-03-03T19:17:26.774903+08:00 0 [Note] InnoDB: Buffer pool(s) load completed at 220303 19:17:26
2022-03-03T19:17:26.845593+08:00 0 [Note] Found ca.pem, server-cert.pem and server-key.pem in data directory. Trying to enable SSL support using them.
2022-03-03T19:17:26.846351+08:00 0 [Note] Skipping generation of SSL certificates as certificate files are present in data directory.
2022-03-03T19:17:26.846803+08:00 0 [Warning] A deprecated TLS version TLSv1 is enabled. Please use TLSv1.2 or higher.
2022-03-03T19:17:26.847501+08:00 0 [Warning] A deprecated TLS version TLSv1.1 is enabled. Please use TLSv1.2 or higher.
2022-03-03T19:17:26.853711+08:00 0 [Warning] CA certificate ca.pem is self signed.
2022-03-03T19:17:26.854469+08:00 0 [Note] Skipping generation of RSA key pair as key files are present in data directory.
2022-03-03T19:17:26.858488+08:00 0 [Note] Server hostname (bind-address): '*'; port: 3306
2022-03-03T19:17:26.859016+08:00 0 [Note] IPv6 is available.
2022-03-03T19:17:26.859477+08:00 0 [Note]   - '::' resolves to '::';
2022-03-03T19:17:26.860116+08:00 0 [Note] Server socket created on IP: '::'.
2022-03-03T19:17:26.862254+08:00 0 [Warning] Insecure configuration for --pid-file: Location '/var/run/mysqld' in the path is accessible to all OS users. Consider choosing a different directory.
2022-03-03T19:17:26.989688+08:00 0 [Note] Failed to start slave threads for channel ''
2022-03-03T19:17:27.146764+08:00 0 [Note] Event Scheduler: Loaded 0 events
2022-03-03T19:17:27.147470+08:00 0 [Note] mysqld: ready for connections.
Version: '5.7.36-log'  socket: '/var/run/mysqld/mysqld.sock'  port: 3306  MySQL Community Server (GPL)
2022-03-03T22:25:49.492351+08:00 0 [Note] Giving 2 client threads a chance to die gracefully
2022-03-03T22:25:49.493445+08:00 0 [Note] Shutting down slave threads
2022-03-03T22:25:51.497392+08:00 0 [Note] Forcefully disconnecting 2 remaining clients
2022-03-03T22:25:51.498472+08:00 0 [Warning] mysqld: Forcing close of thread 2  user: 'root'

2022-03-03T22:25:51.499948+08:00 0 [Warning] mysqld: Forcing close of thread 3  user: 'root'

2022-03-03T22:25:51.501583+08:00 0 [Note] Event Scheduler: Purging the queue. 0 events
2022-03-03T22:25:51.502748+08:00 0 [Note] Binlog end
2022-03-03T22:25:51.510040+08:00 0 [Note] Shutting down plugin 'ngram'
2022-03-03T22:25:51.510473+08:00 0 [Note] Shutting down plugin 'partition'
2022-03-03T22:25:51.511089+08:00 0 [Note] Shutting down plugin 'BLACKHOLE'
2022-03-03T22:25:51.511558+08:00 0 [Note] Shutting down plugin 'ARCHIVE'
2022-03-03T22:25:51.512077+08:00 0 [Note] Shutting down plugin 'PERFORMANCE_SCHEMA'
2022-03-03T22:25:51.512611+08:00 0 [Note] Shutting down plugin 'MRG_MYISAM'
2022-03-03T22:25:51.512947+08:00 0 [Note] Shutting down plugin 'MyISAM'
2022-03-03T22:25:51.513419+08:00 0 [Note] Shutting down plugin 'INNODB_SYS_VIRTUAL'
2022-03-03T22:25:51.513828+08:00 0 [Note] Shutting down plugin 'INNODB_SYS_DATAFILES'
2022-03-03T22:25:51.514200+08:00 0 [Note] Shutting down plugin 'INNODB_SYS_TABLESPACES'
2022-03-03T22:25:51.514628+08:00 0 [Note] Shutting down plugin 'INNODB_SYS_FOREIGN_COLS'
2022-03-03T22:25:51.515051+08:00 0 [Note] Shutting down plugin 'INNODB_SYS_FOREIGN'
2022-03-03T22:25:51.515362+08:00 0 [Note] Shutting down plugin 'INNODB_SYS_FIELDS'
2022-03-03T22:25:51.515721+08:00 0 [Note] Shutting down plugin 'INNODB_SYS_COLUMNS'
2022-03-03T22:25:51.516180+08:00 0 [Note] Shutting down plugin 'INNODB_SYS_INDEXES'
2022-03-03T22:25:51.516542+08:00 0 [Note] Shutting down plugin 'INNODB_SYS_TABLESTATS'
2022-03-03T22:25:51.516799+08:00 0 [Note] Shutting down plugin 'INNODB_SYS_TABLES'
2022-03-03T22:25:51.517229+08:00 0 [Note] Shutting down plugin 'INNODB_FT_INDEX_TABLE'
2022-03-03T22:25:51.517658+08:00 0 [Note] Shutting down plugin 'INNODB_FT_INDEX_CACHE'
2022-03-03T22:25:51.518097+08:00 0 [Note] Shutting down plugin 'INNODB_FT_CONFIG'
2022-03-03T22:25:51.518720+08:00 0 [Note] Shutting down plugin 'INNODB_FT_BEING_DELETED'
2022-03-03T22:25:51.519064+08:00 0 [Note] Shutting down plugin 'INNODB_FT_DELETED'
2022-03-03T22:25:51.519416+08:00 0 [Note] Shutting down plugin 'INNODB_FT_DEFAULT_STOPWORD'
2022-03-03T22:25:51.519753+08:00 0 [Note] Shutting down plugin 'INNODB_METRICS'
2022-03-03T22:25:51.520202+08:00 0 [Note] Shutting down plugin 'INNODB_TEMP_TABLE_INFO'
2022-03-03T22:25:51.520505+08:00 0 [Note] Shutting down plugin 'INNODB_BUFFER_POOL_STATS'
2022-03-03T22:25:51.520894+08:00 0 [Note] Shutting down plugin 'INNODB_BUFFER_PAGE_LRU'
2022-03-03T22:25:51.521242+08:00 0 [Note] Shutting down plugin 'INNODB_BUFFER_PAGE'
2022-03-03T22:25:51.521566+08:00 0 [Note] Shutting down plugin 'INNODB_CMP_PER_INDEX_RESET'
2022-03-03T22:25:51.521930+08:00 0 [Note] Shutting down plugin 'INNODB_CMP_PER_INDEX'
2022-03-03T22:25:51.522360+08:00 0 [Note] Shutting down plugin 'INNODB_CMPMEM_RESET'
2022-03-03T22:25:51.522764+08:00 0 [Note] Shutting down plugin 'INNODB_CMPMEM'
2022-03-03T22:25:51.523143+08:00 0 [Note] Shutting down plugin 'INNODB_CMP_RESET'
2022-03-03T22:25:51.523510+08:00 0 [Note] Shutting down plugin 'INNODB_CMP'
2022-03-03T22:25:51.523859+08:00 0 [Note] Shutting down plugin 'INNODB_LOCK_WAITS'
2022-03-03T22:25:51.524196+08:00 0 [Note] Shutting down plugin 'INNODB_LOCKS'
2022-03-03T22:25:51.524545+08:00 0 [Note] Shutting down plugin 'INNODB_TRX'
2022-03-03T22:25:51.524893+08:00 0 [Note] Shutting down plugin 'InnoDB'
2022-03-03T22:25:51.525339+08:00 0 [Note] InnoDB: FTS optimize thread exiting.
2022-03-03T22:25:51.525766+08:00 0 [Note] InnoDB: Starting shutdown...
2022-03-03T22:25:51.629932+08:00 0 [Note] InnoDB: Dumping buffer pool(s) to /var/lib/mysql/ib_buffer_pool
2022-03-03T22:25:51.638437+08:00 0 [Note] InnoDB: Buffer pool(s) dump completed at 220303 22:25:51
2022-03-03T22:25:52.969772+08:00 0 [Note] InnoDB: Shutdown completed; log sequence number 13099373
2022-03-03T22:25:52.973084+08:00 0 [Note] InnoDB: Removed temporary tablespace data file: "ibtmp1"
2022-03-03T22:25:52.974496+08:00 0 [Note] Shutting down plugin 'MEMORY'
2022-03-03T22:25:52.974851+08:00 0 [Note] Shutting down plugin 'CSV'
2022-03-03T22:25:52.975507+08:00 0 [Note] Shutting down plugin 'sha256_password'
2022-03-03T22:25:52.976093+08:00 0 [Note] Shutting down plugin 'mysql_native_password'
2022-03-03T22:25:52.976638+08:00 0 [Note] Shutting down plugin 'binlog'
2022-03-03T22:25:52.979794+08:00 0 [Note] mysqld: Shutdown complete

2022-03-05T22:59:42.847186+08:00 0 [Warning] TIMESTAMP with implicit DEFAULT value is deprecated. Please use --explicit_defaults_for_timestamp server option (see documentation for more details).
2022-03-05T22:59:42.847319+08:00 0 [Warning] 'NO_ZERO_DATE', 'NO_ZERO_IN_DATE' and 'ERROR_FOR_DIVISION_BY_ZERO' sql modes should be used with strict mode. They will be merged with strict mode in a future release.
2022-03-05T22:59:42.847334+08:00 0 [Warning] 'NO_AUTO_CREATE_USER' sql mode was not set.
2022-03-05T22:59:42.854483+08:00 0 [Note] mysqld (mysqld 5.7.36-log) starting as process 1 ...
2022-03-05T22:59:42.864367+08:00 0 [Warning] Setting lower_case_table_names=2 because file system for /var/lib/mysql/ is case insensitive
2022-03-05T22:59:42.882336+08:00 0 [Note] InnoDB: PUNCH HOLE support available
2022-03-05T22:59:42.883497+08:00 0 [Note] InnoDB: Mutexes and rw_locks use GCC atomic builtins
2022-03-05T22:59:42.884828+08:00 0 [Note] InnoDB: Uses event mutexes
2022-03-05T22:59:42.885409+08:00 0 [Note] InnoDB: GCC builtin __atomic_thread_fence() is used for memory barrier
2022-03-05T22:59:42.885989+08:00 0 [Note] InnoDB: Compressed tables use zlib 1.2.11
2022-03-05T22:59:42.886713+08:00 0 [Note] InnoDB: Using Linux native AIO
2022-03-05T22:59:42.887876+08:00 0 [Note] InnoDB: Number of pools: 1
2022-03-05T22:59:42.889060+08:00 0 [Note] InnoDB: Using CPU crc32 instructions
2022-03-05T22:59:42.891458+08:00 0 [Note] InnoDB: Initializing buffer pool, total size = 128M, instances = 1, chunk size = 128M
2022-03-05T22:59:42.902965+08:00 0 [Note] InnoDB: Completed initialization of buffer pool
2022-03-05T22:59:42.906706+08:00 0 [Note] InnoDB: If the mysqld execution user is authorized, page cleaner thread priority can be changed. See the man page of setpriority().
2022-03-05T22:59:42.958700+08:00 0 [Note] InnoDB: Opened 4 undo tablespaces
2022-03-05T22:59:42.959316+08:00 0 [Note] InnoDB: 4 undo tablespaces made active
2022-03-05T22:59:42.960690+08:00 0 [Note] InnoDB: Highest supported file format is Barracuda.
2022-03-05T22:59:43.164748+08:00 0 [Note] InnoDB: Creating shared tablespace for temporary tables
2022-03-05T22:59:43.175146+08:00 0 [Note] InnoDB: Setting file './ibtmp1' size to 12 MB. Physically writing the file full; Please wait ...
2022-03-05T22:59:43.262733+08:00 0 [Note] InnoDB: File './ibtmp1' size is now 12 MB.
2022-03-05T22:59:43.268870+08:00 0 [Note] InnoDB: 96 redo rollback segment(s) found. 96 redo rollback segment(s) are active.
2022-03-05T22:59:43.269518+08:00 0 [Note] InnoDB: 32 non-redo rollback segment(s) are active.
2022-03-05T22:59:43.270839+08:00 0 [Note] InnoDB: Waiting for purge to start
2022-03-05T22:59:43.322600+08:00 0 [Note] InnoDB: 5.7.36 started; log sequence number 13099373
2022-03-05T22:59:43.324465+08:00 0 [Note] InnoDB: Loading buffer pool(s) from /var/lib/mysql/ib_buffer_pool
2022-03-05T22:59:43.324668+08:00 0 [Note] Plugin 'FEDERATED' is disabled.
mysqld: File '/var/lib/mysql/slow_query_log/slow.log' not found (Errcode: 2 - No such file or directory)
2022-03-05T22:59:43.352346+08:00 0 [ERROR] Could not use /var/lib/mysql/slow_query_log/slow.log for logging (error 2 - No such file or directory). Turning logging off for the server process. To turn it on again: fix the cause, then either restart the query logging by using "SET GLOBAL SLOW_QUERY_LOG=ON" or restart the MySQL server.
2022-03-05T22:59:43.477731+08:00 0 [Note] InnoDB: Buffer pool(s) load completed at 220305 22:59:43
2022-03-05T22:59:43.479280+08:00 0 [Note] Found ca.pem, server-cert.pem and server-key.pem in data directory. Trying to enable SSL support using them.
2022-03-05T22:59:43.480482+08:00 0 [Note] Skipping generation of SSL certificates as certificate files are present in data directory.
2022-03-05T22:59:43.481513+08:00 0 [Warning] A deprecated TLS version TLSv1 is enabled. Please use TLSv1.2 or higher.
2022-03-05T22:59:43.482458+08:00 0 [Warning] A deprecated TLS version TLSv1.1 is enabled. Please use TLSv1.2 or higher.
2022-03-05T22:59:43.490463+08:00 0 [Warning] CA certificate ca.pem is self signed.
2022-03-05T22:59:43.491138+08:00 0 [Note] Skipping generation of RSA key pair as key files are present in data directory.
2022-03-05T22:59:43.496340+08:00 0 [Note] Server hostname (bind-address): '*'; port: 3306
2022-03-05T22:59:43.497043+08:00 0 [Note] IPv6 is available.
2022-03-05T22:59:43.497702+08:00 0 [Note]   - '::' resolves to '::';
2022-03-05T22:59:43.498420+08:00 0 [Note] Server socket created on IP: '::'.
2022-03-05T22:59:43.500753+08:00 0 [Warning] Insecure configuration for --pid-file: Location '/var/run/mysqld' in the path is accessible to all OS users. Consider choosing a different directory.
2022-03-05T22:59:43.611370+08:00 0 [Note] Failed to start slave threads for channel ''
2022-03-05T22:59:43.856198+08:00 0 [Note] Event Scheduler: Loaded 0 events
2022-03-05T22:59:43.857351+08:00 0 [Note] mysqld: ready for connections.
Version: '5.7.36-log'  socket: '/var/run/mysqld/mysqld.sock'  port: 3306  MySQL Community Server (GPL)
2022-03-06T00:36:11.619664+08:00 0 [Note] InnoDB: page_cleaner: 1000ms intended loop took 5099ms. The settings might not be optimal. (flushed=0 and evicted=0, during the time.)
2022-03-06T20:59:53.267176+08:00 3 [Note] Aborted connection 3 to db: 'unconnected' user: 'root' host: '172.28.0.1' (Got an error reading communication packets)
2022-03-06T20:59:53.267297+08:00 2 [Note] Aborted connection 2 to db: 'test' user: 'root' host: '172.28.0.1' (Got an error reading communication packets)
2022-03-07T01:33:13.907340+08:00 8 [Note] Aborted connection 8 to db: 'unconnected' user: 'root' host: '172.28.0.1' (Got an error reading communication packets)
2022-03-07T01:33:13.907425+08:00 7 [Note] Aborted connection 7 to db: 'test' user: 'root' host: '172.28.0.1' (Got an error reading communication packets)
2022-03-07T01:38:22.219841+08:00 0 [Note] InnoDB: page_cleaner: 1000ms intended loop took 5131ms. The settings might not be optimal. (flushed=0 and evicted=0, during the time.)
2022-03-08T00:11:15.450948+08:00 0 [Note] InnoDB: page_cleaner: 1000ms intended loop took 4663ms. The settings might not be optimal. (flushed=0 and evicted=0, during the time.)
2022-03-08T21:15:52.278170+08:00 0 [Note] InnoDB: page_cleaner: 1000ms intended loop took 5345ms. The settings might not be optimal. (flushed=0 and evicted=0, during the time.)
2022-03-09T18:56:26.946832+08:00 0 [Note] Giving 0 client threads a chance to die gracefully
2022-03-09T18:56:26.948076+08:00 0 [Note] Shutting down slave threads
2022-03-09T18:56:26.949604+08:00 0 [Note] Forcefully disconnecting 0 remaining clients
2022-03-09T18:56:26.951805+08:00 0 [Note] Event Scheduler: Purging the queue. 0 events
2022-03-09T18:56:26.952817+08:00 0 [Note] Binlog end
2022-03-09T18:56:26.955407+08:00 0 [Note] Shutting down plugin 'ngram'
2022-03-09T18:56:26.959034+08:00 0 [Note] Shutting down plugin 'partition'
2022-03-09T18:56:26.960382+08:00 0 [Note] Shutting down plugin 'BLACKHOLE'
2022-03-09T18:56:26.961633+08:00 0 [Note] Shutting down plugin 'ARCHIVE'
2022-03-09T18:56:26.962563+08:00 0 [Note] Shutting down plugin 'PERFORMANCE_SCHEMA'
2022-03-09T18:56:26.963259+08:00 0 [Note] Shutting down plugin 'MRG_MYISAM'
2022-03-09T18:56:26.963890+08:00 0 [Note] Shutting down plugin 'MyISAM'
2022-03-09T18:56:26.964394+08:00 0 [Note] Shutting down plugin 'INNODB_SYS_VIRTUAL'
2022-03-09T18:56:26.965107+08:00 0 [Note] Shutting down plugin 'INNODB_SYS_DATAFILES'
2022-03-09T18:56:26.965900+08:00 0 [Note] Shutting down plugin 'INNODB_SYS_TABLESPACES'
2022-03-09T18:56:26.966545+08:00 0 [Note] Shutting down plugin 'INNODB_SYS_FOREIGN_COLS'
2022-03-09T18:56:26.967152+08:00 0 [Note] Shutting down plugin 'INNODB_SYS_FOREIGN'
2022-03-09T18:56:26.968080+08:00 0 [Note] Shutting down plugin 'INNODB_SYS_FIELDS'
2022-03-09T18:56:26.969358+08:00 0 [Note] Shutting down plugin 'INNODB_SYS_COLUMNS'
2022-03-09T18:56:26.969985+08:00 0 [Note] Shutting down plugin 'INNODB_SYS_INDEXES'
2022-03-09T18:56:26.970475+08:00 0 [Note] Shutting down plugin 'INNODB_SYS_TABLESTATS'
2022-03-09T18:56:26.971472+08:00 0 [Note] Shutting down plugin 'INNODB_SYS_TABLES'
2022-03-09T18:56:26.972205+08:00 0 [Note] Shutting down plugin 'INNODB_FT_INDEX_TABLE'
2022-03-09T18:56:26.972777+08:00 0 [Note] Shutting down plugin 'INNODB_FT_INDEX_CACHE'
2022-03-09T18:56:26.973369+08:00 0 [Note] Shutting down plugin 'INNODB_FT_CONFIG'
2022-03-09T18:56:26.973987+08:00 0 [Note] Shutting down plugin 'INNODB_FT_BEING_DELETED'
2022-03-09T18:56:26.974621+08:00 0 [Note] Shutting down plugin 'INNODB_FT_DELETED'
2022-03-09T18:56:26.975224+08:00 0 [Note] Shutting down plugin 'INNODB_FT_DEFAULT_STOPWORD'
2022-03-09T18:56:26.975808+08:00 0 [Note] Shutting down plugin 'INNODB_METRICS'
2022-03-09T18:56:26.976339+08:00 0 [Note] Shutting down plugin 'INNODB_TEMP_TABLE_INFO'
2022-03-09T18:56:26.976842+08:00 0 [Note] Shutting down plugin 'INNODB_BUFFER_POOL_STATS'
2022-03-09T18:56:26.977406+08:00 0 [Note] Shutting down plugin 'INNODB_BUFFER_PAGE_LRU'
2022-03-09T18:56:26.978214+08:00 0 [Note] Shutting down plugin 'INNODB_BUFFER_PAGE'
2022-03-09T18:56:26.978938+08:00 0 [Note] Shutting down plugin 'INNODB_CMP_PER_INDEX_RESET'
2022-03-09T18:56:26.979580+08:00 0 [Note] Shutting down plugin 'INNODB_CMP_PER_INDEX'
2022-03-09T18:56:26.980265+08:00 0 [Note] Shutting down plugin 'INNODB_CMPMEM_RESET'
2022-03-09T18:56:26.980828+08:00 0 [Note] Shutting down plugin 'INNODB_CMPMEM'
2022-03-09T18:56:26.981462+08:00 0 [Note] Shutting down plugin 'INNODB_CMP_RESET'
2022-03-09T18:56:26.982098+08:00 0 [Note] Shutting down plugin 'INNODB_CMP'
2022-03-09T18:56:26.982869+08:00 0 [Note] Shutting down plugin 'INNODB_LOCK_WAITS'
2022-03-09T18:56:26.983357+08:00 0 [Note] Shutting down plugin 'INNODB_LOCKS'
2022-03-09T18:56:26.983859+08:00 0 [Note] Shutting down plugin 'INNODB_TRX'
2022-03-09T18:56:26.984383+08:00 0 [Note] Shutting down plugin 'InnoDB'
2022-03-09T18:56:26.984994+08:00 0 [Note] InnoDB: FTS optimize thread exiting.
2022-03-09T18:56:26.986127+08:00 0 [Note] InnoDB: Starting shutdown...
2022-03-09T18:56:27.094034+08:00 0 [Note] InnoDB: Dumping buffer pool(s) to /var/lib/mysql/ib_buffer_pool
2022-03-09T18:56:27.103881+08:00 0 [Note] InnoDB: Buffer pool(s) dump completed at 220309 18:56:27
2022-03-09T18:56:28.636861+08:00 0 [Note] InnoDB: Shutdown completed; log sequence number 13140376
2022-03-09T18:56:28.643075+08:00 0 [Note] InnoDB: Removed temporary tablespace data file: "ibtmp1"
2022-03-09T18:56:28.644040+08:00 0 [Note] Shutting down plugin 'MEMORY'
2022-03-09T18:56:28.645098+08:00 0 [Note] Shutting down plugin 'CSV'
2022-03-09T18:56:28.645919+08:00 0 [Note] Shutting down plugin 'sha256_password'
2022-03-09T18:56:28.646488+08:00 0 [Note] Shutting down plugin 'mysql_native_password'
2022-03-09T18:56:28.647371+08:00 0 [Note] Shutting down plugin 'binlog'
2022-03-09T18:56:28.651851+08:00 0 [Note] mysqld: Shutdown complete

