2024-02-23 23:41:06,508 INFO SPI service [com.alipay.sofa.jraft.JRaftServiceFactory - com.alipay.sofa.jraft.core.DefaultJRaftServiceFactory] loading.

2024-02-23 23:41:06,541 INFO SPI service [com.alipay.sofa.jraft.rpc.RaftRpcFactory - com.alipay.sofa.jraft.rpc.impl.GrpcRaftRpcFactory] loading.

2024-02-23 23:41:06,606 INFO SPI service [com.alipay.sofa.jraft.util.JRaftSignalHandler - com.alipay.sofa.jraft.NodeDescribeSignalHandler] loading.

2024-02-23 23:41:06,607 INFO SPI service [com.alipay.sofa.jraft.util.JRaftSignalHandler - com.alipay.sofa.jraft.NodeMetricsSignalHandler] loading.

2024-02-23 23:41:06,607 INFO SPI service [com.alipay.sofa.jraft.util.JRaftSignalHandler - com.alipay.sofa.jraft.ThreadPoolMetricsSignalHandler] loading.

2024-02-23 23:41:06,608 INFO SPI service [com.alipay.sofa.jraft.util.timer.RaftTimerFactory - com.alipay.sofa.jraft.util.timer.DefaultRaftTimerFactory] loading.

2024-02-23 23:41:06,611 INFO The number of active nodes increment to 1.

2024-02-23 23:41:06,754 INFO Starts FSMCaller successfully.

2024-02-23 23:41:06,757 WARN No data for snapshot reader /home/nacos/data/protocol/raft/naming_persistent_service_v2/snapshot.

2024-02-23 23:41:06,762 INFO Node <naming_persistent_service_v2/nacos:7848> init, term=0, lastLogId=LogId [index=0, term=0], conf=nacos:7848, oldConf=.

2024-02-23 23:41:06,763 INFO Node <naming_persistent_service_v2/nacos:7848> start vote and grant vote self, term=0.

2024-02-23 23:41:06,777 INFO Save raft meta, path=/home/nacos/data/protocol/raft/naming_persistent_service_v2/meta-data, term=1, votedFor=nacos:7848, cost time=11 ms

2024-02-23 23:41:06,777 INFO Node <naming_persistent_service_v2/nacos:7848> become leader of group, term=1, conf=nacos:7848, oldConf=.

2024-02-23 23:41:06,779 INFO -Djraft.recyclers.maxCapacityPerThread: 4096.

2024-02-23 23:41:06,780 WARN RPC server is not started in RaftGroupService.

2024-02-23 23:41:06,780 INFO Start the RaftGroupService successfully.

2024-02-23 23:41:06,785 INFO The number of active nodes increment to 2.

2024-02-23 23:41:06,796 INFO onLeaderStart: term=1.

2024-02-23 23:41:06,819 INFO Creating new channel to: nacos:7848.

2024-02-23 23:41:06,838 INFO The channel nacos:7848 is in state: CONNECTING.

2024-02-23 23:41:06,843 INFO Starts FSMCaller successfully.

2024-02-23 23:41:06,843 WARN No data for snapshot reader /home/nacos/data/protocol/raft/naming_instance_metadata/snapshot.

2024-02-23 23:41:06,844 INFO Node <naming_instance_metadata/nacos:7848> init, term=0, lastLogId=LogId [index=0, term=0], conf=nacos:7848, oldConf=.

2024-02-23 23:41:06,844 INFO Node <naming_instance_metadata/nacos:7848> start vote and grant vote self, term=0.

2024-02-23 23:41:06,847 INFO Save raft meta, path=/home/nacos/data/protocol/raft/naming_instance_metadata/meta-data, term=1, votedFor=nacos:7848, cost time=3 ms

2024-02-23 23:41:06,848 INFO Node <naming_instance_metadata/nacos:7848> become leader of group, term=1, conf=nacos:7848, oldConf=.

2024-02-23 23:41:06,848 WARN RPC server is not started in RaftGroupService.

2024-02-23 23:41:06,848 INFO Start the RaftGroupService successfully.

2024-02-23 23:41:06,851 INFO The number of active nodes increment to 3.

2024-02-23 23:41:06,854 INFO onLeaderStart: term=1.

2024-02-23 23:41:06,901 INFO Starts FSMCaller successfully.

2024-02-23 23:41:06,901 WARN No data for snapshot reader /home/nacos/data/protocol/raft/naming_service_metadata/snapshot.

2024-02-23 23:41:06,902 INFO Node <naming_service_metadata/nacos:7848> init, term=0, lastLogId=LogId [index=0, term=0], conf=nacos:7848, oldConf=.

2024-02-23 23:41:06,905 INFO Node <naming_service_metadata/nacos:7848> start vote and grant vote self, term=0.

2024-02-23 23:41:06,911 INFO Save raft meta, path=/home/nacos/data/protocol/raft/naming_service_metadata/meta-data, term=1, votedFor=nacos:7848, cost time=6 ms

2024-02-23 23:41:06,911 INFO Node <naming_service_metadata/nacos:7848> become leader of group, term=1, conf=nacos:7848, oldConf=.

2024-02-23 23:41:06,911 WARN RPC server is not started in RaftGroupService.

2024-02-23 23:41:06,911 INFO Start the RaftGroupService successfully.

2024-02-23 23:41:06,914 INFO onLeaderStart: term=1.

2024-02-23 23:41:06,919 INFO The channel nacos:7848 is in state: READY.

2024-02-23 23:41:06,919 INFO The channel nacos:7848 has successfully established.

2024-02-23 23:42:59,683 INFO Node <naming_service_metadata/nacos:7848> shutdown, currTerm=1 state=STATE_LEADER.

2024-02-23 23:42:59,684 INFO Fail to find the next candidate.

2024-02-23 23:42:59,684 INFO onLeaderStop: status=Status[ESHUTDOWN<1007>: Raft node is going to quit.].

2024-02-23 23:42:59,695 INFO Save raft meta, path=/home/nacos/data/protocol/raft/naming_service_metadata/meta-data, term=1, votedFor=nacos:7848, cost time=4 ms

2024-02-23 23:42:59,695 INFO Shutting down FSMCaller...

2024-02-23 23:42:59,695 INFO onShutdown.

2024-02-23 23:42:59,695 INFO ThreadPool is terminated: JRaft-RPC-Processor, com.alipay.sofa.jraft.util.MetricThreadPoolExecutor@6c1e0f1f[Shutting down, pool size = 0, active threads = 0, queued tasks = 0, completed tasks = 0].

2024-02-23 23:42:59,696 INFO ThreadPool is terminated: JRaft-Node-ScheduleThreadPool, com.alipay.sofa.jraft.util.MetricScheduledThreadPoolExecutor@41c49e04[Shutting down, pool size = 0, active threads = 0, queued tasks = 0, completed tasks = 0].

2024-02-23 23:42:59,696 INFO Destroy timer: RepeatedTimer{timeout=null, stopped=true, running=false, destroyed=true, invoking=false, timeoutMs=5000, name='JRaft-ElectionTimer-<naming_service_metadata/nacos:7848>'}.

2024-02-23 23:42:59,696 INFO Destroy timer: RepeatedTimer{timeout=null, stopped=true, running=false, destroyed=true, invoking=false, timeoutMs=5000, name='JRaft-VoteTimer-<naming_service_metadata/nacos:7848>'}.

2024-02-23 23:42:59,696 INFO Destroy timer: RepeatedTimer{timeout=null, stopped=true, running=false, destroyed=true, invoking=false, timeoutMs=2500, name='JRaft-StepDownTimer-<naming_service_metadata/nacos:7848>'}.

2024-02-23 23:42:59,696 INFO Destroy timer: RepeatedTimer{timeout=null, stopped=true, running=false, destroyed=true, invoking=false, timeoutMs=1800000, name='JRaft-SnapshotTimer-<naming_service_metadata/nacos:7848>'}.

2024-02-23 23:42:59,696 INFO The number of active nodes decrement to 2.

2024-02-23 23:42:59,696 INFO Node <naming_service_metadata/nacos:7848> shutdown, currTerm=1 state=STATE_SHUTTING.

2024-02-23 23:42:59,696 INFO Stop the RaftGroupService successfully.

2024-02-23 23:42:59,696 INFO Node <naming_instance_metadata/nacos:7848> shutdown, currTerm=1 state=STATE_LEADER.

2024-02-23 23:42:59,697 INFO onLeaderStop: status=Status[ESHUTDOWN<1007>: Raft node is going to quit.].

2024-02-23 23:42:59,697 INFO Fail to find the next candidate.

2024-02-23 23:42:59,698 INFO DB destroyed, the db path is: /home/nacos/data/protocol/raft/naming_service_metadata/log.

2024-02-23 23:42:59,707 INFO Save raft meta, path=/home/nacos/data/protocol/raft/naming_instance_metadata/meta-data, term=1, votedFor=nacos:7848, cost time=8 ms

2024-02-23 23:42:59,707 INFO Shutting down FSMCaller...

2024-02-23 23:42:59,707 INFO onShutdown.

2024-02-23 23:42:59,707 INFO ThreadPool is terminated: JRaft-RPC-Processor, com.alipay.sofa.jraft.util.MetricThreadPoolExecutor@5ec8fa89[Shutting down, pool size = 0, active threads = 0, queued tasks = 0, completed tasks = 0].

2024-02-23 23:42:59,707 INFO ThreadPool is terminated: JRaft-Node-ScheduleThreadPool, com.alipay.sofa.jraft.util.MetricScheduledThreadPoolExecutor@46830cd[Shutting down, pool size = 0, active threads = 0, queued tasks = 0, completed tasks = 0].

2024-02-23 23:42:59,707 INFO Destroy timer: RepeatedTimer{timeout=null, stopped=true, running=false, destroyed=true, invoking=false, timeoutMs=5000, name='JRaft-ElectionTimer-<naming_instance_metadata/nacos:7848>'}.

2024-02-23 23:42:59,707 INFO Destroy timer: RepeatedTimer{timeout=null, stopped=true, running=false, destroyed=true, invoking=false, timeoutMs=5000, name='JRaft-VoteTimer-<naming_instance_metadata/nacos:7848>'}.

2024-02-23 23:42:59,707 INFO Destroy timer: RepeatedTimer{timeout=null, stopped=true, running=false, destroyed=true, invoking=false, timeoutMs=2500, name='JRaft-StepDownTimer-<naming_instance_metadata/nacos:7848>'}.

2024-02-23 23:42:59,707 INFO Destroy timer: RepeatedTimer{timeout=null, stopped=true, running=false, destroyed=true, invoking=false, timeoutMs=1800000, name='JRaft-SnapshotTimer-<naming_instance_metadata/nacos:7848>'}.

2024-02-23 23:42:59,707 INFO The number of active nodes decrement to 1.

2024-02-23 23:42:59,708 INFO Node <naming_instance_metadata/nacos:7848> shutdown, currTerm=1 state=STATE_SHUTTING.

2024-02-23 23:42:59,708 INFO Stop the RaftGroupService successfully.

2024-02-23 23:42:59,708 INFO Node <naming_persistent_service_v2/nacos:7848> shutdown, currTerm=1 state=STATE_LEADER.

2024-02-23 23:42:59,708 INFO Fail to find the next candidate.

2024-02-23 23:42:59,708 INFO onLeaderStop: status=Status[ESHUTDOWN<1007>: Raft node is going to quit.].

2024-02-23 23:42:59,710 INFO DB destroyed, the db path is: /home/nacos/data/protocol/raft/naming_instance_metadata/log.

2024-02-23 23:42:59,715 INFO Save raft meta, path=/home/nacos/data/protocol/raft/naming_persistent_service_v2/meta-data, term=1, votedFor=nacos:7848, cost time=7 ms

2024-02-23 23:42:59,715 INFO Shutting down FSMCaller...

2024-02-23 23:42:59,715 INFO onShutdown.

2024-02-23 23:42:59,715 INFO ThreadPool is terminated: JRaft-RPC-Processor, com.alipay.sofa.jraft.util.MetricThreadPoolExecutor@304346a1[Shutting down, pool size = 0, active threads = 0, queued tasks = 0, completed tasks = 0].

2024-02-23 23:42:59,715 INFO ThreadPool is terminated: JRaft-Node-ScheduleThreadPool, com.alipay.sofa.jraft.util.MetricScheduledThreadPoolExecutor@2946ee92[Shutting down, pool size = 0, active threads = 0, queued tasks = 0, completed tasks = 0].

2024-02-23 23:42:59,715 INFO The number of active nodes decrement to 0.

2024-02-23 23:42:59,716 INFO ThreadPool is terminated: JRaft-Global-ElectionTimer, com.alipay.sofa.jraft.util.MetricScheduledThreadPoolExecutor@93dde90[Shutting down, pool size = 2, active threads = 0, queued tasks = 0, completed tasks = 3].

2024-02-23 23:42:59,716 INFO Destroy timer: RepeatedTimer{timeout=null, stopped=true, running=false, destroyed=true, invoking=false, timeoutMs=5000, name='JRaft-ElectionTimer-<naming_persistent_service_v2/nacos:7848>'}.

2024-02-23 23:42:59,716 INFO ThreadPool is terminated: JRaft-Global-VoteTimer, com.alipay.sofa.jraft.util.MetricScheduledThreadPoolExecutor@17349397[Shutting down, pool size = 0, active threads = 0, queued tasks = 0, completed tasks = 3].

2024-02-23 23:42:59,716 INFO Destroy timer: RepeatedTimer{timeout=null, stopped=true, running=false, destroyed=true, invoking=false, timeoutMs=5000, name='JRaft-VoteTimer-<naming_persistent_service_v2/nacos:7848>'}.

2024-02-23 23:42:59,716 INFO ThreadPool is terminated: JRaft-Global-StepDownTimer, com.alipay.sofa.jraft.util.MetricScheduledThreadPoolExecutor@1a95a5c0[Shutting down, pool size = 0, active threads = 0, queued tasks = 0, completed tasks = 135].

2024-02-23 23:42:59,716 INFO Destroy timer: RepeatedTimer{timeout=null, stopped=true, running=false, destroyed=true, invoking=false, timeoutMs=2500, name='JRaft-StepDownTimer-<naming_persistent_service_v2/nacos:7848>'}.

2024-02-23 23:42:59,716 INFO ThreadPool is terminated: JRaft-Global-SnapshotTimer, com.alipay.sofa.jraft.util.MetricScheduledThreadPoolExecutor@3b7e5aab[Shutting down, pool size = 0, active threads = 0, queued tasks = 0, completed tasks = 0].

2024-02-23 23:42:59,716 INFO Destroy timer: RepeatedTimer{timeout=null, stopped=true, running=false, destroyed=true, invoking=false, timeoutMs=1800000, name='JRaft-SnapshotTimer-<naming_persistent_service_v2/nacos:7848>'}.

2024-02-23 23:42:59,716 INFO Node <naming_persistent_service_v2/nacos:7848> shutdown, currTerm=1 state=STATE_SHUTTING.

2024-02-23 23:42:59,716 INFO Stop the RaftGroupService successfully.

2024-02-23 23:42:59,716 INFO Shutdown managed channel: nacos:7848, ManagedChannelOrphanWrapper{delegate=ManagedChannelImpl{logId=10, target=nacos:7848}}.

2024-02-23 23:42:59,718 INFO DB destroyed, the db path is: /home/nacos/data/protocol/raft/naming_persistent_service_v2/log.

2024-02-23 23:42:59,718 INFO The channel nacos:7848 is in state: SHUTDOWN.

2024-02-23 23:42:59,718 WARN This channel nacos:7848 has started shutting down. Any new RPCs should fail immediately.

2024-02-23 23:42:59,720 INFO Connection disconnected: /172.11.3.201:45250

2024-02-23 23:42:59,725 INFO ThreadPool is terminated: JRaft-RPC-Processor, com.alipay.sofa.jraft.util.MetricThreadPoolExecutor@7950555a[Shutting down, pool size = 0, active threads = 0, queued tasks = 0, completed tasks = 104].

