2024-02-23 23:41:03,189 INFO Starting Nacos v2.3.0 using Java 1.8.0_392 on nacos with PID 1 (/home/nacos/target/nacos-server.jar started by root in /home/nacos)

2024-02-23 23:41:03,189 INFO The following 1 profile is active: "standalone"

2024-02-23 23:41:03,278 INFO Load Nacos package exclude filter success, package prefix com.alibaba.nacos.config.server, filter com.alibaba.nacos.config.server.filter.ConfigEnabledFilter

2024-02-23 23:41:03,278 INFO Load Nacos package exclude filter success, package prefix com.alibaba.nacos.naming, filter com.alibaba.nacos.naming.config.NamingEnabledFilter

2024-02-23 23:41:03,278 INFO Load Nacos package exclude filter success, package prefix com.alibaba.nacos.istio, filter com.alibaba.nacos.istio.config.IstioEnabledFilter

2024-02-23 23:41:03,359 INFO Skip @SpringBootApplication annotation for class com.alibaba.nacos.config.server.Config to avoid duplicate scan

2024-02-23 23:41:03,418 INFO Skip @SpringBootApplication annotation for class com.alibaba.nacos.naming.NamingApp to avoid duplicate scan

2024-02-23 23:41:03,423 INFO Skip @SpringBootApplication annotation for class com.alibaba.nacos.cmdb.CmdbApp to avoid duplicate scan

2024-02-23 23:41:03,428 WARN Istio module disabled because set nacos.extension.naming.istio.enabled as false

2024-02-23 23:41:03,428 WARN Istio module disabled because set nacos.extension.naming.istio.enabled as false

2024-02-23 23:41:03,428 WARN Istio module disabled because set nacos.extension.naming.istio.enabled as false

2024-02-23 23:41:03,428 WARN Istio module disabled because set nacos.extension.naming.istio.enabled as false

2024-02-23 23:41:03,428 WARN Istio module disabled because set nacos.extension.naming.istio.enabled as false

2024-02-23 23:41:03,428 WARN Istio module disabled because set nacos.extension.naming.istio.enabled as false

2024-02-23 23:41:03,428 WARN Istio module disabled because set nacos.extension.naming.istio.enabled as false

2024-02-23 23:41:03,428 WARN Istio module disabled because set nacos.extension.naming.istio.enabled as false

2024-02-23 23:41:03,428 WARN Istio module disabled because set nacos.extension.naming.istio.enabled as false

2024-02-23 23:41:03,428 WARN Istio module disabled because set nacos.extension.naming.istio.enabled as false

2024-02-23 23:41:03,428 WARN Istio module disabled because set nacos.extension.naming.istio.enabled as false

2024-02-23 23:41:03,428 WARN Istio module disabled because set nacos.extension.naming.istio.enabled as false

2024-02-23 23:41:03,428 WARN Istio module disabled because set nacos.extension.naming.istio.enabled as false

2024-02-23 23:41:03,429 WARN Istio module disabled because set nacos.extension.naming.istio.enabled as false

2024-02-23 23:41:03,429 WARN Istio module disabled because set nacos.extension.naming.istio.enabled as false

2024-02-23 23:41:03,429 WARN Istio module disabled because set nacos.extension.naming.istio.enabled as false

2024-02-23 23:41:03,429 WARN Istio module disabled because set nacos.extension.naming.istio.enabled as false

2024-02-23 23:41:03,429 WARN Istio module disabled because set nacos.extension.naming.istio.enabled as false

2024-02-23 23:41:03,429 WARN Istio module disabled because set nacos.extension.naming.istio.enabled as false

2024-02-23 23:41:03,429 WARN Istio module disabled because set nacos.extension.naming.istio.enabled as false

2024-02-23 23:41:03,429 WARN Istio module disabled because set nacos.extension.naming.istio.enabled as false

2024-02-23 23:41:03,429 WARN Istio module disabled because set nacos.extension.naming.istio.enabled as false

2024-02-23 23:41:03,429 WARN Istio module disabled because set nacos.extension.naming.istio.enabled as false

2024-02-23 23:41:03,429 WARN Istio module disabled because set nacos.extension.naming.istio.enabled as false

2024-02-23 23:41:03,429 WARN Istio module disabled because set nacos.extension.naming.istio.enabled as false

2024-02-23 23:41:03,429 INFO Skip @SpringBootApplication annotation for class com.alibaba.nacos.istio.IstioApp to avoid duplicate scan

2024-02-23 23:41:03,429 WARN Istio module disabled because set nacos.extension.naming.istio.enabled as false

2024-02-23 23:41:03,429 WARN Istio module disabled because set nacos.extension.naming.istio.enabled as false

2024-02-23 23:41:03,429 WARN Istio module disabled because set nacos.extension.naming.istio.enabled as false

2024-02-23 23:41:03,429 WARN Istio module disabled because set nacos.extension.naming.istio.enabled as false

2024-02-23 23:41:03,430 WARN Istio module disabled because set nacos.extension.naming.istio.enabled as false

2024-02-23 23:41:03,430 WARN Istio module disabled because set nacos.extension.naming.istio.enabled as false

2024-02-23 23:41:03,430 WARN Istio module disabled because set nacos.extension.naming.istio.enabled as false

2024-02-23 23:41:03,430 WARN Istio module disabled because set nacos.extension.naming.istio.enabled as false

2024-02-23 23:41:03,430 WARN Istio module disabled because set nacos.extension.naming.istio.enabled as false

2024-02-23 23:41:03,430 WARN Istio module disabled because set nacos.extension.naming.istio.enabled as false

2024-02-23 23:41:03,430 WARN Istio module disabled because set nacos.extension.naming.istio.enabled as false

2024-02-23 23:41:03,569 INFO Skip @SpringBootApplication annotation for class com.alibaba.nacos.prometheus.PrometheusApp to avoid duplicate scan

2024-02-23 23:41:04,387 INFO Tomcat initialized with port(s): 8848 (http)

2024-02-23 23:41:04,392 INFO Starting service [Tomcat]

2024-02-23 23:41:04,392 INFO Starting Servlet engine: [Apache Tomcat/9.0.79]

2024-02-23 23:41:04,417 INFO Initializing Spring embedded WebApplicationContext

2024-02-23 23:41:04,417 INFO Root WebApplicationContext: initialization completed in 1172 ms

2024-02-23 23:41:04,520 INFO Nacos-related cluster resource initialization

2024-02-23 23:41:04,523 INFO Load com.alibaba.nacos.core.ability.RemoteAbilityInitializer for ServerAbilityInitializer

2024-02-23 23:41:04,523 INFO Load com.alibaba.nacos.naming.ability.NamingAbilityInitializer for ServerAbilityInitializer

2024-02-23 23:41:04,524 INFO The cluster resource is initialized

2024-02-23 23:41:04,716 INFO HikariPool-1 - Starting...

2024-02-23 23:41:04,717 WARN Registered driver with driverClassName=org.apache.derby.jdbc.EmbeddedDriver was not found, trying direct instantiation.

2024-02-23 23:41:05,337 INFO HikariPool-1 - Driver does not support get/set network timeout for connections. (Feature not implemented: No details.)

2024-02-23 23:41:05,339 INFO HikariPool-1 - Start completed.

2024-02-23 23:41:05,987 INFO [MapperManager] Load Mapper(class com.alibaba.nacos.plugin.datasource.impl.mysql.ConfigInfoAggrMapperByMySql) datasource(mysql) tableName(config_info_aggr) successfully.

2024-02-23 23:41:05,987 INFO [MapperManager] Load Mapper(class com.alibaba.nacos.plugin.datasource.impl.mysql.ConfigInfoBetaMapperByMySql) datasource(mysql) tableName(config_info_beta) successfully.

2024-02-23 23:41:05,987 INFO [MapperManager] Load Mapper(class com.alibaba.nacos.plugin.datasource.impl.mysql.ConfigInfoMapperByMySql) datasource(mysql) tableName(config_info) successfully.

2024-02-23 23:41:05,987 INFO [MapperManager] Load Mapper(class com.alibaba.nacos.plugin.datasource.impl.mysql.ConfigInfoTagMapperByMySql) datasource(mysql) tableName(config_info_tag) successfully.

2024-02-23 23:41:05,987 INFO [MapperManager] Load Mapper(class com.alibaba.nacos.plugin.datasource.impl.mysql.ConfigTagsRelationMapperByMySql) datasource(mysql) tableName(config_tags_relation) successfully.

2024-02-23 23:41:05,987 INFO [MapperManager] Load Mapper(class com.alibaba.nacos.plugin.datasource.impl.mysql.HistoryConfigInfoMapperByMySql) datasource(mysql) tableName(his_config_info) successfully.

2024-02-23 23:41:05,987 INFO [MapperManager] Load Mapper(class com.alibaba.nacos.plugin.datasource.impl.mysql.TenantInfoMapperByMySql) datasource(mysql) tableName(tenant_info) successfully.

2024-02-23 23:41:05,987 INFO [MapperManager] Load Mapper(class com.alibaba.nacos.plugin.datasource.impl.mysql.TenantCapacityMapperByMySql) datasource(mysql) tableName(tenant_capacity) successfully.

2024-02-23 23:41:05,987 INFO [MapperManager] Load Mapper(class com.alibaba.nacos.plugin.datasource.impl.mysql.GroupCapacityMapperByMysql) datasource(mysql) tableName(group_capacity) successfully.

2024-02-23 23:41:05,987 INFO [MapperManager] Load Mapper(class com.alibaba.nacos.plugin.datasource.impl.derby.ConfigInfoAggrMapperByDerby) datasource(derby) tableName(config_info_aggr) successfully.

2024-02-23 23:41:05,987 INFO [MapperManager] Load Mapper(class com.alibaba.nacos.plugin.datasource.impl.derby.ConfigInfoBetaMapperByDerby) datasource(derby) tableName(config_info_beta) successfully.

2024-02-23 23:41:05,987 INFO [MapperManager] Load Mapper(class com.alibaba.nacos.plugin.datasource.impl.derby.ConfigInfoMapperByDerby) datasource(derby) tableName(config_info) successfully.

2024-02-23 23:41:05,987 INFO [MapperManager] Load Mapper(class com.alibaba.nacos.plugin.datasource.impl.derby.ConfigInfoTagMapperByDerby) datasource(derby) tableName(config_info_tag) successfully.

2024-02-23 23:41:05,987 INFO [MapperManager] Load Mapper(class com.alibaba.nacos.plugin.datasource.impl.derby.ConfigInfoTagsRelationMapperByDerby) datasource(derby) tableName(config_tags_relation) successfully.

2024-02-23 23:41:05,987 INFO [MapperManager] Load Mapper(class com.alibaba.nacos.plugin.datasource.impl.derby.HistoryConfigInfoMapperByDerby) datasource(derby) tableName(his_config_info) successfully.

2024-02-23 23:41:05,987 INFO [MapperManager] Load Mapper(class com.alibaba.nacos.plugin.datasource.impl.derby.TenantInfoMapperByDerby) datasource(derby) tableName(tenant_info) successfully.

2024-02-23 23:41:05,987 INFO [MapperManager] Load Mapper(class com.alibaba.nacos.plugin.datasource.impl.derby.TenantCapacityMapperByDerby) datasource(derby) tableName(tenant_capacity) successfully.

2024-02-23 23:41:05,987 INFO [MapperManager] Load Mapper(class com.alibaba.nacos.plugin.datasource.impl.derby.GroupCapacityMapperByDerby) datasource(derby) tableName(group_capacity) successfully.

2024-02-23 23:41:06,072 INFO [MapperManager] findMapper dataSource: derby, tableName: config_info

2024-02-23 23:41:06,123 INFO [MapperManager] findMapper dataSource: derby, tableName: config_info_beta

2024-02-23 23:41:06,128 INFO [MapperManager] findMapper dataSource: derby, tableName: config_info_tag

2024-02-23 23:41:06,131 INFO [MapperManager] findMapper dataSource: derby, tableName: config_info_aggr

2024-02-23 23:41:06,188 INFO Fail to find connection runtime ejector for name nacos,use default

2024-02-23 23:41:06,236 INFO Not configure type of control plugin, no limit control for current node.

2024-02-23 23:41:06,237 INFO Load connection metrics collector,size=2,[com.alibaba.nacos.config.server.service.LongPollingConnectionMetricsCollector@61bcd567, com.alibaba.nacos.core.remote.LongConnectionMetricsCollector@458342d3]

2024-02-23 23:41:06,237 INFO No connection rule content found ,use default empty rule 

2024-02-23 23:41:06,239 INFO ConnectionMetrics, totalCount = 0, detail = {long_connection=0, long_polling=0}

2024-02-23 23:41:06,241 INFO No tps control rule of CONFIG_PUSH_COUNT found  

2024-02-23 23:41:06,241 WARN Tps point for CONFIG_PUSH_COUNT registered, But tps control manager is no limit implementation.

2024-02-23 23:41:06,241 INFO No tps control rule of CONFIG_PUSH_SUCCESS found  

2024-02-23 23:41:06,241 WARN Tps point for CONFIG_PUSH_SUCCESS registered, But tps control manager is no limit implementation.

2024-02-23 23:41:06,241 INFO No tps control rule of CONFIG_PUSH_FAIL found  

2024-02-23 23:41:06,241 WARN Tps point for CONFIG_PUSH_FAIL registered, But tps control manager is no limit implementation.

2024-02-23 23:41:06,266 INFO Ready to get current node abilities...

2024-02-23 23:41:06,267 INFO Ready to initialize current node abilities, support modes: [SERVER, CLUSTER_CLIENT, SDK_CLIENT]

2024-02-23 23:41:06,268 INFO Initialize current abilities finish...

2024-02-23 23:41:06,268 INFO Ready to get current node abilities...

2024-02-23 23:41:06,268 INFO Ready to initialize current node abilities, support modes: [SDK_CLIENT]

2024-02-23 23:41:06,268 INFO Initialize current abilities finish...

2024-02-23 23:41:06,269 INFO [AbilityControlManager] Successfully initialize AbilityControlManager

2024-02-23 23:41:07,152 INFO Adding welcome page: class path resource [static/index.html]

2024-02-23 23:41:07,189 INFO Connection check task start

2024-02-23 23:41:07,196 INFO Long connection metrics detail ,Total count =0, sdkCount=0,clusterCount=0

2024-02-23 23:41:07,196 INFO Out dated connection ,size=0

2024-02-23 23:41:07,196 INFO Connection check task end

2024-02-23 23:41:07,360 WARN You are asking Spring Security to ignore Ant [pattern='/**']. This is not recommended -- please use permitAll via HttpSecurity#authorizeHttpRequests instead.

2024-02-23 23:41:07,360 INFO Will not secure Ant [pattern='/**']

2024-02-23 23:41:07,371 INFO Will secure any request with [org.springframework.security.web.session.DisableEncodeUrlFilter@671facee, org.springframework.security.web.context.request.async.WebAsyncManagerIntegrationFilter@46a953cf, org.springframework.security.web.context.SecurityContextPersistenceFilter@6bda1d19, org.springframework.security.web.header.HeaderWriterFilter@acdcf71, org.springframework.security.web.csrf.CsrfFilter@75a118e6, org.springframework.security.web.authentication.logout.LogoutFilter@5cb5bb88, org.springframework.security.web.savedrequest.RequestCacheAwareFilter@4492eede, org.springframework.security.web.servletapi.SecurityContextHolderAwareRequestFilter@37b57b54, org.springframework.security.web.authentication.AnonymousAuthenticationFilter@154bd49b, org.springframework.security.web.session.SessionManagementFilter@4a14c44f, org.springframework.security.web.access.ExceptionTranslationFilter@6014a9ba]

2024-02-23 23:41:07,386 INFO Exposing 1 endpoint(s) beneath base path '/actuator'

2024-02-23 23:41:07,417 INFO Tomcat started on port(s): 8848 (http) with context path '/nacos'

2024-02-23 23:41:07,426 INFO No tps control rule of NamingServiceListQuery found  

2024-02-23 23:41:07,426 WARN Tps point for NamingServiceListQuery registered, But tps control manager is no limit implementation.

2024-02-23 23:41:07,426 INFO No tps control rule of NamingInstanceMetadataUpdate found  

2024-02-23 23:41:07,426 WARN Tps point for NamingInstanceMetadataUpdate registered, But tps control manager is no limit implementation.

2024-02-23 23:41:07,426 INFO No tps control rule of NamingInstanceUpdate found  

2024-02-23 23:41:07,426 WARN Tps point for NamingInstanceUpdate registered, But tps control manager is no limit implementation.

2024-02-23 23:41:07,426 INFO No tps control rule of ConfigQuery found  

2024-02-23 23:41:07,426 WARN Tps point for ConfigQuery registered, But tps control manager is no limit implementation.

2024-02-23 23:41:07,426 WARN Tps point for NamingInstanceMetadataUpdate registered, But tps control manager is no limit implementation.

2024-02-23 23:41:07,426 INFO No tps control rule of HttpHealthCheck found  

2024-02-23 23:41:07,426 WARN Tps point for HttpHealthCheck registered, But tps control manager is no limit implementation.

2024-02-23 23:41:07,426 INFO No tps control rule of NamingInstanceDeregister found  

2024-02-23 23:41:07,426 WARN Tps point for NamingInstanceDeregister registered, But tps control manager is no limit implementation.

2024-02-23 23:41:07,427 INFO No tps control rule of NamingServiceUpdate found  

2024-02-23 23:41:07,427 WARN Tps point for NamingServiceUpdate registered, But tps control manager is no limit implementation.

2024-02-23 23:41:07,427 INFO No tps control rule of NamingInstanceRegister found  

2024-02-23 23:41:07,427 WARN Tps point for NamingInstanceRegister registered, But tps control manager is no limit implementation.

2024-02-23 23:41:07,427 INFO No tps control rule of NamingInstanceQuery found  

2024-02-23 23:41:07,427 WARN Tps point for NamingInstanceQuery registered, But tps control manager is no limit implementation.

2024-02-23 23:41:07,427 INFO No tps control rule of NamingServiceDeregister found  

2024-02-23 23:41:07,427 WARN Tps point for NamingServiceDeregister registered, But tps control manager is no limit implementation.

2024-02-23 23:41:07,427 INFO No tps control rule of NamingServiceRegister found  

2024-02-23 23:41:07,427 WARN Tps point for NamingServiceRegister registered, But tps control manager is no limit implementation.

2024-02-23 23:41:07,427 WARN Tps point for NamingServiceDeregister registered, But tps control manager is no limit implementation.

2024-02-23 23:41:07,427 INFO No tps control rule of NamingServiceSubscribe found  

2024-02-23 23:41:07,427 WARN Tps point for NamingServiceSubscribe registered, But tps control manager is no limit implementation.

2024-02-23 23:41:07,427 WARN Tps point for NamingServiceSubscribe registered, But tps control manager is no limit implementation.

2024-02-23 23:41:07,427 WARN Tps point for NamingInstanceUpdate registered, But tps control manager is no limit implementation.

2024-02-23 23:41:07,427 WARN Tps point for NamingServiceUpdate registered, But tps control manager is no limit implementation.

2024-02-23 23:41:07,427 INFO No tps control rule of NamingServiceQuery found  

2024-02-23 23:41:07,427 WARN Tps point for NamingServiceQuery registered, But tps control manager is no limit implementation.

2024-02-23 23:41:07,427 WARN Tps point for HttpHealthCheck registered, But tps control manager is no limit implementation.

2024-02-23 23:41:07,427 WARN Tps point for NamingServiceQuery registered, But tps control manager is no limit implementation.

2024-02-23 23:41:07,427 WARN Tps point for NamingServiceListQuery registered, But tps control manager is no limit implementation.

2024-02-23 23:41:07,427 WARN Tps point for NamingServiceRegister registered, But tps control manager is no limit implementation.

2024-02-23 23:41:07,427 WARN Tps point for NamingInstanceMetadataUpdate registered, But tps control manager is no limit implementation.

2024-02-23 23:41:07,427 WARN Tps point for NamingInstanceQuery registered, But tps control manager is no limit implementation.

2024-02-23 23:41:07,427 INFO No tps control rule of ConfigPublish found  

2024-02-23 23:41:07,427 WARN Tps point for ConfigPublish registered, But tps control manager is no limit implementation.

2024-02-23 23:41:07,427 WARN Tps point for NamingInstanceRegister registered, But tps control manager is no limit implementation.

2024-02-23 23:41:07,427 WARN Tps point for NamingInstanceDeregister registered, But tps control manager is no limit implementation.

2024-02-23 23:41:07,427 WARN Tps point for NamingInstanceMetadataUpdate registered, But tps control manager is no limit implementation.

2024-02-23 23:41:07,428 WARN Tps point for ConfigQuery registered, But tps control manager is no limit implementation.

2024-02-23 23:41:07,428 INFO No tps control rule of ClusterConfigChangeNotify found  

2024-02-23 23:41:07,428 WARN Tps point for ClusterConfigChangeNotify registered, But tps control manager is no limit implementation.

2024-02-23 23:41:07,428 INFO No tps control rule of ConfigListen found  

2024-02-23 23:41:07,428 WARN Tps point for ConfigListen registered, But tps control manager is no limit implementation.

2024-02-23 23:41:07,428 INFO No tps control rule of ConfigRemove found  

2024-02-23 23:41:07,428 WARN Tps point for ConfigRemove registered, But tps control manager is no limit implementation.

2024-02-23 23:41:07,428 WARN Tps point for ConfigPublish registered, But tps control manager is no limit implementation.

2024-02-23 23:41:07,428 INFO No tps control rule of HealthCheck found  

2024-02-23 23:41:07,428 WARN Tps point for HealthCheck registered, But tps control manager is no limit implementation.

2024-02-23 23:41:07,428 INFO No tps control rule of RemoteNamingServiceQuery found  

2024-02-23 23:41:07,428 WARN Tps point for RemoteNamingServiceQuery registered, But tps control manager is no limit implementation.

2024-02-23 23:41:07,428 INFO No tps control rule of RemoteNamingInstanceBatchRegister found  

2024-02-23 23:41:07,428 WARN Tps point for RemoteNamingInstanceBatchRegister registered, But tps control manager is no limit implementation.

2024-02-23 23:41:07,428 INFO No tps control rule of RemoteNamingInstanceRegisterDeregister found  

2024-02-23 23:41:07,428 WARN Tps point for RemoteNamingInstanceRegisterDeregister registered, But tps control manager is no limit implementation.

2024-02-23 23:41:07,428 INFO No tps control rule of RemoteNamingServiceListQuery found  

2024-02-23 23:41:07,428 WARN Tps point for RemoteNamingServiceListQuery registered, But tps control manager is no limit implementation.

2024-02-23 23:41:07,428 INFO No tps control rule of RemoteNamingServiceSubscribeUnSubscribe found  

2024-02-23 23:41:07,428 WARN Tps point for RemoteNamingServiceSubscribeUnSubscribe registered, But tps control manager is no limit implementation.

2024-02-23 23:41:07,428 WARN Tps point for RemoteNamingInstanceRegisterDeregister registered, But tps control manager is no limit implementation.

2024-02-23 23:41:07,431 INFO Started Nacos in 4.609 seconds (JVM running for 4.865)

2024-02-23 23:41:07,431 INFO Nacos started successfully in stand alone mode. use embedded storage

2024-02-23 23:41:09,241 INFO ConnectionMetrics, totalCount = 0, detail = {long_connection=0, long_polling=0}

2024-02-23 23:41:10,197 INFO Connection check task start

2024-02-23 23:41:10,197 INFO Long connection metrics detail ,Total count =0, sdkCount=0,clusterCount=0

2024-02-23 23:41:10,197 INFO Out dated connection ,size=0

2024-02-23 23:41:10,197 INFO Connection check task end

2024-02-23 23:41:12,244 INFO ConnectionMetrics, totalCount = 0, detail = {long_connection=0, long_polling=0}

2024-02-23 23:41:13,201 INFO Connection check task start

2024-02-23 23:41:13,201 INFO Long connection metrics detail ,Total count =0, sdkCount=0,clusterCount=0

2024-02-23 23:41:13,201 INFO Out dated connection ,size=0

2024-02-23 23:41:13,201 INFO Connection check task end

2024-02-23 23:41:15,245 INFO ConnectionMetrics, totalCount = 0, detail = {long_connection=0, long_polling=0}

2024-02-23 23:41:16,201 INFO Connection check task start

2024-02-23 23:41:16,201 INFO Long connection metrics detail ,Total count =0, sdkCount=0,clusterCount=0

2024-02-23 23:41:16,201 INFO Out dated connection ,size=0

2024-02-23 23:41:16,201 INFO Connection check task end

2024-02-23 23:41:18,246 INFO ConnectionMetrics, totalCount = 0, detail = {long_connection=0, long_polling=0}

2024-02-23 23:41:19,202 INFO Connection check task start

2024-02-23 23:41:19,202 INFO Long connection metrics detail ,Total count =0, sdkCount=0,clusterCount=0

2024-02-23 23:41:19,202 INFO Out dated connection ,size=0

2024-02-23 23:41:19,202 INFO Connection check task end

2024-02-23 23:41:21,247 INFO ConnectionMetrics, totalCount = 0, detail = {long_connection=0, long_polling=0}

2024-02-23 23:41:22,202 INFO Connection check task start

2024-02-23 23:41:22,202 INFO Long connection metrics detail ,Total count =0, sdkCount=0,clusterCount=0

2024-02-23 23:41:22,203 INFO Out dated connection ,size=0

2024-02-23 23:41:22,203 INFO Connection check task end

2024-02-23 23:41:24,248 INFO ConnectionMetrics, totalCount = 0, detail = {long_connection=0, long_polling=0}

2024-02-23 23:41:25,203 INFO Connection check task start

2024-02-23 23:41:25,203 INFO Long connection metrics detail ,Total count =0, sdkCount=0,clusterCount=0

2024-02-23 23:41:25,203 INFO Out dated connection ,size=0

2024-02-23 23:41:25,203 INFO Connection check task end

2024-02-23 23:41:27,249 INFO ConnectionMetrics, totalCount = 0, detail = {long_connection=0, long_polling=0}

2024-02-23 23:41:28,206 INFO Connection check task start

2024-02-23 23:41:28,206 INFO Long connection metrics detail ,Total count =0, sdkCount=0,clusterCount=0

2024-02-23 23:41:28,206 INFO Out dated connection ,size=0

2024-02-23 23:41:28,207 INFO Connection check task end

2024-02-23 23:41:29,746 INFO Initializing Spring DispatcherServlet 'dispatcherServlet'

2024-02-23 23:41:29,746 INFO Initializing Servlet 'dispatcherServlet'

2024-02-23 23:41:29,747 INFO Completed initialization in 1 ms

2024-02-23 23:41:29,755 INFO Get ParamCheck config from env, ParamCheckConfig{paramCheckEnabled=trueactiveParamChecker=default}

2024-02-23 23:41:29,921 INFO [AuthPluginManager] Load AuthPluginService(class com.alibaba.nacos.plugin.auth.impl.NacosAuthPluginService) AuthServiceName(nacos) successfully.

2024-02-23 23:41:29,921 INFO [AuthPluginManager] Load AuthPluginService(class com.alibaba.nacos.plugin.auth.impl.LdapAuthPluginService) AuthServiceName(ldap) successfully.

2024-02-23 23:41:29,948 INFO [MapperManager] findMapper dataSource: derby, tableName: tenant_info

2024-02-23 23:41:29,953 INFO [MapperManager] findMapper dataSource: derby, tableName: config_info

2024-02-23 23:41:30,009 INFO [MapperManager] findMapper dataSource: derby, tableName: config_info

2024-02-23 23:41:30,250 INFO ConnectionMetrics, totalCount = 0, detail = {long_connection=0, long_polling=0}

2024-02-23 23:41:31,207 INFO Connection check task start

2024-02-23 23:41:31,207 INFO Long connection metrics detail ,Total count =0, sdkCount=0,clusterCount=0

2024-02-23 23:41:31,207 INFO Out dated connection ,size=0

2024-02-23 23:41:31,207 INFO Connection check task end

2024-02-23 23:41:33,252 INFO ConnectionMetrics, totalCount = 0, detail = {long_connection=0, long_polling=0}

2024-02-23 23:41:34,207 INFO Connection check task start

2024-02-23 23:41:34,207 INFO Long connection metrics detail ,Total count =0, sdkCount=0,clusterCount=0

2024-02-23 23:41:34,208 INFO Out dated connection ,size=0

2024-02-23 23:41:34,208 INFO Connection check task end

2024-02-23 23:41:36,254 INFO ConnectionMetrics, totalCount = 0, detail = {long_connection=0, long_polling=0}

2024-02-23 23:41:37,208 INFO Connection check task start

2024-02-23 23:41:37,208 INFO Long connection metrics detail ,Total count =0, sdkCount=0,clusterCount=0

2024-02-23 23:41:37,208 INFO Out dated connection ,size=0

2024-02-23 23:41:37,208 INFO Connection check task end

2024-02-23 23:41:39,256 INFO ConnectionMetrics, totalCount = 0, detail = {long_connection=0, long_polling=0}

2024-02-23 23:41:40,209 INFO Connection check task start

2024-02-23 23:41:40,209 INFO Long connection metrics detail ,Total count =0, sdkCount=0,clusterCount=0

2024-02-23 23:41:40,209 INFO Out dated connection ,size=0

2024-02-23 23:41:40,209 INFO Connection check task end

2024-02-23 23:41:42,257 INFO ConnectionMetrics, totalCount = 0, detail = {long_connection=0, long_polling=0}

2024-02-23 23:41:43,209 INFO Connection check task start

2024-02-23 23:41:43,210 INFO Long connection metrics detail ,Total count =0, sdkCount=0,clusterCount=0

2024-02-23 23:41:43,210 INFO Out dated connection ,size=0

2024-02-23 23:41:43,210 INFO Connection check task end

2024-02-23 23:41:45,258 INFO ConnectionMetrics, totalCount = 0, detail = {long_connection=0, long_polling=0}

2024-02-23 23:41:46,212 INFO Connection check task start

2024-02-23 23:41:46,212 INFO Long connection metrics detail ,Total count =0, sdkCount=0,clusterCount=0

2024-02-23 23:41:46,212 INFO Out dated connection ,size=0

2024-02-23 23:41:46,212 INFO Connection check task end

2024-02-23 23:41:48,259 INFO ConnectionMetrics, totalCount = 0, detail = {long_connection=0, long_polling=0}

2024-02-23 23:41:49,214 INFO Connection check task start

2024-02-23 23:41:49,214 INFO Long connection metrics detail ,Total count =0, sdkCount=0,clusterCount=0

2024-02-23 23:41:49,214 INFO Out dated connection ,size=0

2024-02-23 23:41:49,214 INFO Connection check task end

2024-02-23 23:41:51,262 INFO ConnectionMetrics, totalCount = 0, detail = {long_connection=0, long_polling=0}

2024-02-23 23:41:52,215 INFO Connection check task start

2024-02-23 23:41:52,215 INFO Long connection metrics detail ,Total count =0, sdkCount=0,clusterCount=0

2024-02-23 23:41:52,215 INFO Out dated connection ,size=0

2024-02-23 23:41:52,215 INFO Connection check task end

2024-02-23 23:41:54,263 INFO ConnectionMetrics, totalCount = 0, detail = {long_connection=0, long_polling=0}

2024-02-23 23:41:55,215 INFO Connection check task start

2024-02-23 23:41:55,215 INFO Long connection metrics detail ,Total count =0, sdkCount=0,clusterCount=0

2024-02-23 23:41:55,216 INFO Out dated connection ,size=0

2024-02-23 23:41:55,216 INFO Connection check task end

2024-02-23 23:41:57,266 INFO ConnectionMetrics, totalCount = 0, detail = {long_connection=0, long_polling=0}

2024-02-23 23:41:58,217 INFO Connection check task start

2024-02-23 23:41:58,217 INFO Long connection metrics detail ,Total count =0, sdkCount=0,clusterCount=0

2024-02-23 23:41:58,217 INFO Out dated connection ,size=0

2024-02-23 23:41:58,217 INFO Connection check task end

2024-02-23 23:42:00,268 INFO ConnectionMetrics, totalCount = 0, detail = {long_connection=0, long_polling=0}

2024-02-23 23:42:01,218 INFO Connection check task start

2024-02-23 23:42:01,218 INFO Long connection metrics detail ,Total count =0, sdkCount=0,clusterCount=0

2024-02-23 23:42:01,218 INFO Out dated connection ,size=0

2024-02-23 23:42:01,218 INFO Connection check task end

2024-02-23 23:42:03,269 INFO ConnectionMetrics, totalCount = 0, detail = {long_connection=0, long_polling=0}

2024-02-23 23:42:04,218 INFO Connection check task start

2024-02-23 23:42:04,219 INFO Long connection metrics detail ,Total count =0, sdkCount=0,clusterCount=0

2024-02-23 23:42:04,219 INFO Out dated connection ,size=0

2024-02-23 23:42:04,219 INFO Connection check task end

2024-02-23 23:42:06,270 INFO ConnectionMetrics, totalCount = 0, detail = {long_connection=0, long_polling=0}

2024-02-23 23:42:07,220 INFO Connection check task start

2024-02-23 23:42:07,220 INFO Long connection metrics detail ,Total count =0, sdkCount=0,clusterCount=0

2024-02-23 23:42:07,220 INFO Out dated connection ,size=0

2024-02-23 23:42:07,220 INFO Connection check task end

2024-02-23 23:42:09,270 INFO ConnectionMetrics, totalCount = 0, detail = {long_connection=0, long_polling=0}

2024-02-23 23:42:10,221 INFO Connection check task start

2024-02-23 23:42:10,221 INFO Long connection metrics detail ,Total count =0, sdkCount=0,clusterCount=0

2024-02-23 23:42:10,221 INFO Out dated connection ,size=0

2024-02-23 23:42:10,221 INFO Connection check task end

2024-02-23 23:42:12,271 INFO ConnectionMetrics, totalCount = 0, detail = {long_connection=0, long_polling=0}

2024-02-23 23:42:13,223 INFO Connection check task start

2024-02-23 23:42:13,223 INFO Long connection metrics detail ,Total count =0, sdkCount=0,clusterCount=0

2024-02-23 23:42:13,223 INFO Out dated connection ,size=0

2024-02-23 23:42:13,223 INFO Connection check task end

2024-02-23 23:42:15,271 INFO ConnectionMetrics, totalCount = 0, detail = {long_connection=0, long_polling=0}

2024-02-23 23:42:16,226 INFO Connection check task start

2024-02-23 23:42:16,226 INFO Long connection metrics detail ,Total count =0, sdkCount=0,clusterCount=0

2024-02-23 23:42:16,226 INFO Out dated connection ,size=0

2024-02-23 23:42:16,226 INFO Connection check task end

2024-02-23 23:42:18,271 INFO ConnectionMetrics, totalCount = 0, detail = {long_connection=0, long_polling=0}

2024-02-23 23:42:19,227 INFO Connection check task start

2024-02-23 23:42:19,227 INFO Long connection metrics detail ,Total count =0, sdkCount=0,clusterCount=0

2024-02-23 23:42:19,227 INFO Out dated connection ,size=0

2024-02-23 23:42:19,227 INFO Connection check task end

2024-02-23 23:42:21,273 INFO ConnectionMetrics, totalCount = 0, detail = {long_connection=0, long_polling=0}

2024-02-23 23:42:22,228 INFO Connection check task start

2024-02-23 23:42:22,228 INFO Long connection metrics detail ,Total count =0, sdkCount=0,clusterCount=0

2024-02-23 23:42:22,228 INFO Out dated connection ,size=0

2024-02-23 23:42:22,228 INFO Connection check task end

2024-02-23 23:42:24,274 INFO ConnectionMetrics, totalCount = 0, detail = {long_connection=0, long_polling=0}

2024-02-23 23:42:25,229 INFO Connection check task start

2024-02-23 23:42:25,230 INFO Long connection metrics detail ,Total count =0, sdkCount=0,clusterCount=0

2024-02-23 23:42:25,230 INFO Out dated connection ,size=0

2024-02-23 23:42:25,230 INFO Connection check task end

2024-02-23 23:42:27,274 INFO ConnectionMetrics, totalCount = 0, detail = {long_connection=0, long_polling=0}

2024-02-23 23:42:28,230 INFO Connection check task start

2024-02-23 23:42:28,230 INFO Long connection metrics detail ,Total count =0, sdkCount=0,clusterCount=0

2024-02-23 23:42:28,230 INFO Out dated connection ,size=0

2024-02-23 23:42:28,230 INFO Connection check task end

2024-02-23 23:42:30,275 INFO ConnectionMetrics, totalCount = 0, detail = {long_connection=0, long_polling=0}

2024-02-23 23:42:31,231 INFO Connection check task start

2024-02-23 23:42:31,231 INFO Long connection metrics detail ,Total count =0, sdkCount=0,clusterCount=0

2024-02-23 23:42:31,231 INFO Out dated connection ,size=0

2024-02-23 23:42:31,231 INFO Connection check task end

2024-02-23 23:42:33,276 INFO ConnectionMetrics, totalCount = 0, detail = {long_connection=0, long_polling=0}

2024-02-23 23:42:34,232 INFO Connection check task start

2024-02-23 23:42:34,232 INFO Long connection metrics detail ,Total count =0, sdkCount=0,clusterCount=0

2024-02-23 23:42:34,232 INFO Out dated connection ,size=0

2024-02-23 23:42:34,232 INFO Connection check task end

2024-02-23 23:42:36,277 INFO ConnectionMetrics, totalCount = 0, detail = {long_connection=0, long_polling=0}

2024-02-23 23:42:37,233 INFO Connection check task start

2024-02-23 23:42:37,233 INFO Long connection metrics detail ,Total count =0, sdkCount=0,clusterCount=0

2024-02-23 23:42:37,233 INFO Out dated connection ,size=0

2024-02-23 23:42:37,233 INFO Connection check task end

2024-02-23 23:42:39,277 INFO ConnectionMetrics, totalCount = 0, detail = {long_connection=0, long_polling=0}

2024-02-23 23:42:40,235 INFO Connection check task start

2024-02-23 23:42:40,235 INFO Long connection metrics detail ,Total count =0, sdkCount=0,clusterCount=0

2024-02-23 23:42:40,235 INFO Out dated connection ,size=0

2024-02-23 23:42:40,235 INFO Connection check task end

2024-02-23 23:42:42,278 INFO ConnectionMetrics, totalCount = 0, detail = {long_connection=0, long_polling=0}

2024-02-23 23:42:43,235 INFO Connection check task start

2024-02-23 23:42:43,235 INFO Long connection metrics detail ,Total count =0, sdkCount=0,clusterCount=0

2024-02-23 23:42:43,235 INFO Out dated connection ,size=0

2024-02-23 23:42:43,235 INFO Connection check task end

2024-02-23 23:42:45,281 INFO ConnectionMetrics, totalCount = 0, detail = {long_connection=0, long_polling=0}

2024-02-23 23:42:46,235 INFO Connection check task start

2024-02-23 23:42:46,235 INFO Long connection metrics detail ,Total count =0, sdkCount=0,clusterCount=0

2024-02-23 23:42:46,236 INFO Out dated connection ,size=0

2024-02-23 23:42:46,236 INFO Connection check task end

2024-02-23 23:42:48,282 INFO ConnectionMetrics, totalCount = 0, detail = {long_connection=0, long_polling=0}

2024-02-23 23:42:49,236 INFO Connection check task start

2024-02-23 23:42:49,236 INFO Long connection metrics detail ,Total count =0, sdkCount=0,clusterCount=0

2024-02-23 23:42:49,236 INFO Out dated connection ,size=0

2024-02-23 23:42:49,236 INFO Connection check task end

2024-02-23 23:42:51,283 INFO ConnectionMetrics, totalCount = 0, detail = {long_connection=0, long_polling=0}

2024-02-23 23:42:52,236 INFO Connection check task start

2024-02-23 23:42:52,236 INFO Long connection metrics detail ,Total count =0, sdkCount=0,clusterCount=0

2024-02-23 23:42:52,236 INFO Out dated connection ,size=0

2024-02-23 23:42:52,236 INFO Connection check task end

2024-02-23 23:42:54,284 INFO ConnectionMetrics, totalCount = 0, detail = {long_connection=0, long_polling=0}

2024-02-23 23:42:55,237 INFO Connection check task start

2024-02-23 23:42:55,237 INFO Long connection metrics detail ,Total count =0, sdkCount=0,clusterCount=0

2024-02-23 23:42:55,237 INFO Out dated connection ,size=0

2024-02-23 23:42:55,237 INFO Connection check task end

2024-02-23 23:42:57,284 INFO ConnectionMetrics, totalCount = 0, detail = {long_connection=0, long_polling=0}

2024-02-23 23:42:58,238 INFO Connection check task start

2024-02-23 23:42:58,238 INFO Long connection metrics detail ,Total count =0, sdkCount=0,clusterCount=0

2024-02-23 23:42:58,238 INFO Out dated connection ,size=0

2024-02-23 23:42:58,238 INFO Connection check task end

2024-02-23 23:42:59,617 WARN [ThreadPoolManager] Start destroying ThreadPool

2024-02-23 23:42:59,619 WARN [NotifyCenter] Start destroying Publisher

2024-02-23 23:42:59,619 WARN [NotifyCenter] Destruction of the end

2024-02-23 23:42:59,649 WARN [WatchFileCenter] start close

2024-02-23 23:42:59,650 WARN [WatchFileCenter] start to shutdown this watcher which is watch : /home/nacos/conf

2024-02-23 23:42:59,652 WARN [HttpClientBeanHolder] Start destroying common HttpClient

2024-02-23 23:42:59,658 WARN [HttpClientBeanHolder] Destruction of the end

2024-02-23 23:42:59,678 WARN [WatchFileCenter] already closed

