Raven 3.1.2 configured not to capture errors: DSN not set
Creating scope :without_statuses. Overwriting existing method CommitStatus.without_statuses.
Creating scope :without_statuses. Overwriting existing method Ci::Pipeline.without_statuses.
Creating scope :in_pipelines. Overwriting existing method Ci::Build.in_pipelines.
Creating scope :of_projects. Overwriting existing method MergeRequest.of_projects.
Creating scope :join_project. Overwriting existing method MergeRequest.join_project.
Creating scope :references_project. Overwriting existing method MergeRequest.references_project.
Creating scope :system. Overwriting existing method Note.system.
Creating scope :order_created_desc. Overwriting existing method Packages::Package.order_created_desc.
Creating scope :order_name_desc. Overwriting existing method Packages::Package.order_name_desc.
Creating scope :order_name_asc. Overwriting existing method Member.order_name_asc.
Creating scope :order_name_desc. Overwriting existing method Member.order_name_desc.
Creating scope :with_user. Overwriting existing method GroupMember.with_user.
Creating scope :order_name_asc. Overwriting existing method Label.order_name_asc.
Creating scope :order_name_desc. Overwriting existing method Label.order_name_desc.
Creating scope :open. Overwriting existing method AlertManagement::Alert.open.
Creating scope :system. Overwriting existing method Gitlab::DatabaseImporters::CommonMetrics::PrometheusMetric.system.
Raven 3.1.2 configured not to capture errors: DSN not set
Creating scope :without_statuses. Overwriting existing method CommitStatus.without_statuses.
Creating scope :without_statuses. Overwriting existing method Ci::Pipeline.without_statuses.
Creating scope :in_pipelines. Overwriting existing method Ci::Build.in_pipelines.
Creating scope :of_projects. Overwriting existing method MergeRequest.of_projects.
Creating scope :join_project. Overwriting existing method MergeRequest.join_project.
Creating scope :references_project. Overwriting existing method MergeRequest.references_project.
Creating scope :system. Overwriting existing method Note.system.
Creating scope :order_created_desc. Overwriting existing method Packages::Package.order_created_desc.
Creating scope :order_name_desc. Overwriting existing method Packages::Package.order_name_desc.
Raven 3.1.2 configured not to capture errors: DSN not set
Creating scope :without_statuses. Overwriting existing method CommitStatus.without_statuses.
Creating scope :without_statuses. Overwriting existing method Ci::Pipeline.without_statuses.
Creating scope :in_pipelines. Overwriting existing method Ci::Build.in_pipelines.
Creating scope :of_projects. Overwriting existing method MergeRequest.of_projects.
Creating scope :join_project. Overwriting existing method MergeRequest.join_project.
Creating scope :references_project. Overwriting existing method MergeRequest.references_project.
Creating scope :system. Overwriting existing method Note.system.
Creating scope :order_created_desc. Overwriting existing method Packages::Package.order_created_desc.
Creating scope :order_name_desc. Overwriting existing method Packages::Package.order_name_desc.
Creating scope :open. Overwriting existing method AlertManagement::Alert.open.
Creating scope :order_name_asc. Overwriting existing method Label.order_name_asc.
Creating scope :order_name_desc. Overwriting existing method Label.order_name_desc.
Creating scope :open. Overwriting existing method ExternalPullRequest.open.
Creating scope :order_name_asc. Overwriting existing method Member.order_name_asc.
Creating scope :order_name_desc. Overwriting existing method Member.order_name_desc.
Creating scope :system. Overwriting existing method PrometheusMetric.system.
Creating scope :with_user. Overwriting existing method GroupMember.with_user.
Creating scope :without_statuses. Overwriting existing method Ci::Stage.without_statuses.
Creating scope :created. Overwriting existing method Ci::Stage.created.
Creating scope :pending. Overwriting existing method Ci::Stage.pending.
Creating scope :running. Overwriting existing method Ci::Stage.running.
Creating scope :success. Overwriting existing method Ci::Stage.success.
Creating scope :failed. Overwriting existing method Ci::Stage.failed.
Creating scope :canceled. Overwriting existing method Ci::Stage.canceled.
Creating scope :skipped. Overwriting existing method Ci::Stage.skipped.
Creating scope :manual. Overwriting existing method Ci::Stage.manual.
Creating scope :scheduled. Overwriting existing method Ci::Stage.scheduled.
Creating scope :preparing. Overwriting existing method Ci::Stage.preparing.
Creating scope :waiting_for_resource. Overwriting existing method Ci::Stage.waiting_for_resource.
Creating scope :database. Overwriting existing method Ci::BuildTraceChunk.database.
Raven 3.1.2 configured not to capture errors: DSN not set
Creating scope :without_statuses. Overwriting existing method CommitStatus.without_statuses.
Creating scope :without_statuses. Overwriting existing method Ci::Pipeline.without_statuses.
Creating scope :in_pipelines. Overwriting existing method Ci::Build.in_pipelines.
Creating scope :of_projects. Overwriting existing method MergeRequest.of_projects.
Creating scope :join_project. Overwriting existing method MergeRequest.join_project.
Creating scope :references_project. Overwriting existing method MergeRequest.references_project.
Creating scope :system. Overwriting existing method Note.system.
Creating scope :system. Overwriting existing method Gitlab::DatabaseImporters::CommonMetrics::PrometheusMetric.system.
Creating scope :order_created_desc. Overwriting existing method Packages::Package.order_created_desc.
Creating scope :order_name_desc. Overwriting existing method Packages::Package.order_name_desc.
Creating scope :open. Overwriting existing method AlertManagement::Alert.open.
Creating scope :order_name_asc. Overwriting existing method Label.order_name_asc.
Creating scope :order_name_desc. Overwriting existing method Label.order_name_desc.
Creating scope :open. Overwriting existing method ExternalPullRequest.open.
Creating scope :order_name_asc. Overwriting existing method Member.order_name_asc.
Creating scope :order_name_desc. Overwriting existing method Member.order_name_desc.
Creating scope :system. Overwriting existing method PrometheusMetric.system.
Creating scope :with_user. Overwriting existing method GroupMember.with_user.
Creating scope :without_statuses. Overwriting existing method Ci::Stage.without_statuses.
Creating scope :created. Overwriting existing method Ci::Stage.created.
Creating scope :pending. Overwriting existing method Ci::Stage.pending.
Creating scope :running. Overwriting existing method Ci::Stage.running.
Creating scope :success. Overwriting existing method Ci::Stage.success.
Creating scope :failed. Overwriting existing method Ci::Stage.failed.
Creating scope :canceled. Overwriting existing method Ci::Stage.canceled.
Creating scope :skipped. Overwriting existing method Ci::Stage.skipped.
Creating scope :manual. Overwriting existing method Ci::Stage.manual.
Creating scope :scheduled. Overwriting existing method Ci::Stage.scheduled.
Creating scope :preparing. Overwriting existing method Ci::Stage.preparing.
Creating scope :waiting_for_resource. Overwriting existing method Ci::Stage.waiting_for_resource.
Creating scope :database. Overwriting existing method Ci::BuildTraceChunk.database.
Started GET "/" for  at 2022-04-20 09:45:21 +0000
Creating scope :system. Overwriting existing method Gitlab::DatabaseImporters::CommonMetrics::PrometheusMetric.system.
Processing by RootController#index as HTML
Redirected to http://example.org/users/sign_in
Filter chain halted as :redirect_unlogged_user rendered or redirected
Completed 302 Found in 825ms (ActiveRecord: 45.3ms | Elasticsearch: 0.0ms | Allocations: 217885)
Started GET "/api/v4/geo/proxy" for 127.0.0.1 at 2022-04-20 09:45:32 +0000
Started GET "/api/v4/geo/proxy" for 127.0.0.1 at 2022-04-20 09:45:42 +0000
Started GET "/-/metrics" for 127.0.0.1 at 2022-04-20 09:45:43 +0000
Processing by MetricsController#index as HTML
Completed 200 OK in 6197ms (Views: 104.5ms | ActiveRecord: 42.9ms | Elasticsearch: 0.0ms | Allocations: 642899)
Started GET "/api/v4/geo/proxy" for 127.0.0.1 at 2022-04-20 09:45:52 +0000
Started GET "/-/metrics" for 127.0.0.1 at 2022-04-20 09:45:58 +0000
Processing by MetricsController#index as HTML
Completed 200 OK in 494ms (Views: 9.3ms | ActiveRecord: 0.0ms | Elasticsearch: 0.0ms | Allocations: 601)
Started GET "/api/v4/geo/proxy" for 127.0.0.1 at 2022-04-20 09:46:03 +0000
Started GET "/-/metrics" for 127.0.0.1 at 2022-04-20 09:46:13 +0000
Processing by MetricsController#index as HTML
Started GET "/api/v4/geo/proxy" for 127.0.0.1 at 2022-04-20 09:46:13 +0000
Completed 200 OK in 5857ms (Views: 10.5ms | ActiveRecord: 0.0ms | Elasticsearch: 0.0ms | Allocations: 640007)
Started GET "/api/v4/geo/proxy" for 127.0.0.1 at 2022-04-20 09:46:23 +0000
  Rendered layout layouts/mailer.html.haml (Duration: 1008.9ms | Allocations: 66409)
  Rendered layout layouts/mailer.text.erb (Duration: 30.3ms | Allocations: 3089)
Delivered mail 625fd672ece3_c20263f4758c7@gitlab.mail (60.5ms)
Started GET "/help" for 127.0.0.1 at 2022-04-20 09:46:27 +0000
Processing by HelpController#index as */*
Started GET "/-/metrics" for 127.0.0.1 at 2022-04-20 09:46:28 +0000
Processing by MetricsController#index as HTML
Completed 200 OK in 136ms (Views: 0.9ms | ActiveRecord: 0.0ms | Elasticsearch: 0.0ms | Allocations: 618)
Started GET "/api/v4/geo/proxy" for 127.0.0.1 at 2022-04-20 09:46:33 +0000
Started GET "/-/metrics" for 127.0.0.1 at 2022-04-20 09:46:44 +0000
Processing by MetricsController#index as HTML
Completed 200 OK in 2201ms (Views: 74.3ms | ActiveRecord: 0.0ms | Elasticsearch: 0.0ms | Allocations: 661)
Started GET "/api/v4/geo/proxy" for 127.0.0.1 at 2022-04-20 09:46:47 +0000
  Rendered layout layouts/help.html.haml (Duration: 53058.6ms | Allocations: 489903)
Completed 200 OK in 53299ms (Views: 52198.7ms | ActiveRecord: 874.7ms | Elasticsearch: 0.0ms | Allocations: 492647)
Started GET "/api/v4/geo/proxy" for 127.0.0.1 at 2022-04-20 09:47:39 +0000
Started GET "/help" for 127.0.0.1 at 2022-04-20 09:48:02 +0000
Processing by HelpController#index as */*
Started GET "/api/v4/geo/proxy" for 127.0.0.1 at 2022-04-20 09:48:15 +0000
Started GET "/api/v4/geo/proxy" for 127.0.0.1 at 2022-04-20 09:48:48 +0000
  Rendered layout layouts/help.html.haml (Duration: 73584.8ms | Allocations: 19397)
Completed 500 Internal Server Error in 76831ms (ActiveRecord: 0.0ms | Elasticsearch: 0.0ms | Allocations: 22075)
Started GET "/-/metrics" for 127.0.0.1 at 2022-04-20 09:49:46 +0000
Started GET "/help" for 127.0.0.1 at 2022-04-20 09:49:46 +0000
Processing by MetricsController#index as HTML
Completed 200 OK in 531ms (Views: 7.2ms | ActiveRecord: 0.0ms | Elasticsearch: 0.0ms | Allocations: 832)
Processing by HelpController#index as */*
Processing by Gitlab::RequestForgeryProtection::Controller#index as HTML
Completed 200 OK in 1ms (ActiveRecord: 0.0ms | Elasticsearch: 0.0ms | Allocations: 129)
  
Rack::Timeout::RequestTimeoutException (Request ran for longer than 60000ms):
  
app/controllers/application_controller.rb:133:in `render'
app/controllers/application_controller.rb:490:in `set_current_admin'
lib/gitlab/session.rb:11:in `with_session'
app/controllers/application_controller.rb:481:in `set_session_storage'
lib/gitlab/i18n.rb:105:in `with_locale'
lib/gitlab/i18n.rb:111:in `with_user_locale'
app/controllers/application_controller.rb:475:in `set_locale'
app/controllers/application_controller.rb:469:in `set_current_context'
lib/gitlab/metrics/elasticsearch_rack_middleware.rb:16:in `call'
lib/gitlab/middleware/rails_queue_duration.rb:33:in `call'
lib/gitlab/middleware/speedscope.rb:13:in `call'
lib/gitlab/request_profiler/middleware.rb:17:in `call'
lib/gitlab/database/load_balancing/rack_middleware.rb:23:in `call'
lib/gitlab/metrics/rack_middleware.rb:16:in `block in call'
lib/gitlab/metrics/web_transaction.rb:46:in `run'
lib/gitlab/metrics/rack_middleware.rb:16:in `call'
lib/gitlab/jira/middleware.rb:19:in `call'
lib/gitlab/middleware/go.rb:20:in `call'
lib/gitlab/etag_caching/middleware.rb:21:in `call'
lib/gitlab/middleware/multipart.rb:173:in `call'
lib/gitlab/middleware/read_only/controller.rb:50:in `call'
lib/gitlab/middleware/read_only.rb:18:in `call'
lib/gitlab/middleware/same_site_cookies.rb:27:in `call'
lib/gitlab/middleware/handle_malformed_strings.rb:21:in `call'
lib/gitlab/middleware/basic_health_check.rb:25:in `call'
lib/gitlab/middleware/handle_ip_spoof_attack_error.rb:25:in `call'
lib/gitlab/middleware/request_context.rb:21:in `call'
config/initializers/fix_local_cache_middleware.rb:11:in `call'
lib/gitlab/middleware/compressed_json.rb:26:in `call'
lib/gitlab/middleware/rack_multipart_tempfile_factory.rb:19:in `call'
lib/gitlab/middleware/sidekiq_web_static.rb:20:in `call'
lib/gitlab/metrics/requests_rack_middleware.rb:75:in `call'
lib/gitlab/middleware/release_env.rb:13:in `call'

Rack::Timeout::RequestTimeoutException (Request ran for longer than 60000ms):
  /opt/gitlab/embedded/lib/ruby/gems/2.7.0/gems/redis-4.4.0/lib/redis/connection/ruby.rb:55:in `wait_readable'
  /opt/gitlab/embedded/lib/ruby/gems/2.7.0/gems/redis-4.4.0/lib/redis/connection/ruby.rb:55:in `block in _read_from_socket'
  /opt/gitlab/embedded/lib/ruby/gems/2.7.0/gems/redis-4.4.0/lib/redis/connection/ruby.rb:52:in `loop'
  /opt/gitlab/embedded/lib/ruby/gems/2.7.0/gems/redis-4.4.0/lib/redis/connection/ruby.rb:52:in `_read_from_socket'
  /opt/gitlab/embedded/lib/ruby/gems/2.7.0/gems/redis-4.4.0/lib/redis/connection/ruby.rb:45:in `gets'
  /opt/gitlab/embedded/lib/ruby/gems/2.7.0/gems/redis-4.4.0/lib/redis/connection/ruby.rb:378:in `read'
  /opt/gitlab/embedded/lib/ruby/gems/2.7.0/gems/redis-4.4.0/lib/redis/client.rb:297:in `block in read'
  /opt/gitlab/embedded/lib/ruby/gems/2.7.0/gems/redis-4.4.0/lib/redis/client.rb:285:in `io'
  /opt/gitlab/embedded/lib/ruby/gems/2.7.0/gems/redis-4.4.0/lib/redis/client.rb:296:in `read'
  /opt/gitlab/embedded/service/gitlab-rails/lib/gitlab/instrumentation/redis_interceptor.rb:46:in `read'
  /opt/gitlab/embedded/lib/ruby/gems/2.7.0/gems/redis-4.4.0/lib/redis/client.rb:148:in `block in call'
  /opt/gitlab/embedded/lib/ruby/gems/2.7.0/gems/redis-4.4.0/lib/redis/client.rb:265:in `block (2 levels) in process'
  /opt/gitlab/embedded/lib/ruby/gems/2.7.0/gems/redis-4.4.0/lib/redis/client.rb:406:in `ensure_connected'
  /opt/gitlab/embedded/lib/ruby/gems/2.7.0/gems/redis-4.4.0/lib/redis/client.rb:255:in `block in process'
  /opt/gitlab/embedded/lib/ruby/gems/2.7.0/gems/redis-4.4.0/lib/redis/client.rb:342:in `logging'
  /opt/gitlab/embedded/lib/ruby/gems/2.7.0/gems/redis-4.4.0/lib/redis/client.rb:254:in `process'
  /opt/gitlab/embedded/lib/ruby/gems/2.7.0/gems/redis-4.4.0/lib/redis/client.rb:148:in `call'
  /opt/gitlab/embedded/service/gitlab-rails/lib/gitlab/instrumentation/redis_interceptor.rb:21:in `call'
  /opt/gitlab/embedded/lib/ruby/gems/2.7.0/gems/redis-4.4.0/lib/redis.rb:959:in `block in get'
  /opt/gitlab/embedded/lib/ruby/gems/2.7.0/gems/redis-4.4.0/lib/redis.rb:70:in `block in synchronize'
  /opt/gitlab/embedded/lib/ruby/2.7.0/monitor.rb:202:in `synchronize'
  /opt/gitlab/embedded/lib/ruby/2.7.0/monitor.rb:202:in `mon_synchronize'
  /opt/gitlab/embedded/lib/ruby/gems/2.7.0/gems/redis-4.4.0/lib/redis.rb:70:in `synchronize'
  /opt/gitlab/embedded/lib/ruby/gems/2.7.0/gems/redis-4.4.0/lib/redis.rb:958:in `get'
  /opt/gitlab/embedded/lib/ruby/gems/2.7.0/gems/activesupport-6.1.4.1/lib/active_support/cache/redis_cache_store.rb:349:in `block (2 levels) in read_entry'
  /opt/gitlab/embedded/lib/ruby/gems/2.7.0/gems/connection_pool-2.2.2/lib/connection_pool.rb:65:in `block (2 levels) in with'
  /opt/gitlab/embedded/lib/ruby/gems/2.7.0/gems/connection_pool-2.2.2/lib/connection_pool.rb:64:in `handle_interrupt'
  /opt/gitlab/embedded/lib/ruby/gems/2.7.0/gems/connection_pool-2.2.2/lib/connection_pool.rb:64:in `block in with'
  /opt/gitlab/embedded/lib/ruby/gems/2.7.0/gems/connection_pool-2.2.2/lib/connection_pool.rb:61:in `handle_interrupt'
  /opt/gitlab/embedded/lib/ruby/gems/2.7.0/gems/connection_pool-2.2.2/lib/connection_pool.rb:61:in `with'
  /opt/gitlab/embedded/lib/ruby/gems/2.7.0/gems/activesupport-6.1.4.1/lib/active_support/cache/redis_cache_store.rb:349:in `block in read_entry'
  /opt/gitlab/embedded/lib/ruby/gems/2.7.0/gems/activesupport-6.1.4.1/lib/active_support/cache/redis_cache_store.rb:478:in `failsafe'
  /opt/gitlab/embedded/lib/ruby/gems/2.7.0/gems/activesupport-6.1.4.1/lib/active_support/cache/redis_cache_store.rb:347:in `read_entry'
  /opt/gitlab/embedded/lib/ruby/gems/2.7.0/gems/activesupport-6.1.4.1/lib/active_support/cache/strategy/local_cache.rb:136:in `block in read_entry'
  /opt/gitlab/embedded/lib/ruby/gems/2.7.0/gems/activesupport-6.1.4.1/lib/active_support/cache/strategy/local_cache.rb:78:in `block in fetch_entry'
  /opt/gitlab/embedded/lib/ruby/gems/2.7.0/gems/activesupport-6.1.4.1/lib/active_support/cache/strategy/local_cache.rb:78:in `fetch'
  /opt/gitlab/embedded/lib/ruby/gems/2.7.0/gems/activesupport-6.1.4.1/lib/active_support/cache/strategy/local_cache.rb:78:in `fetch_entry'
  /opt/gitlab/embedded/lib/ruby/gems/2.7.0/gems/activesupport-6.1.4.1/lib/active_support/cache/strategy/local_cache.rb:134:in `read_entry'
  /opt/gitlab/embedded/lib/ruby/gems/2.7.0/gems/activesupport-6.1.4.1/lib/active_support/cache.rb:333:in `block in fetch'
  /opt/gitlab/embedded/lib/ruby/gems/2.7.0/gems/activesupport-6.1.4.1/lib/active_support/cache.rb:726:in `block in instrument'
  /opt/gitlab/embedded/lib/ruby/gems/2.7.0/gems/activesupport-6.1.4.1/lib/active_support/notifications.rb:203:in `block in instrument'
  /opt/gitlab/embedded/lib/ruby/gems/2.7.0/gems/activesupport-6.1.4.1/lib/active_support/notifications/instrumenter.rb:24:in `instrument'
  /opt/gitlab/embedded/lib/ruby/gems/2.7.0/gems/activesupport-6.1.4.1/lib/active_support/notifications.rb:203:in `instrument'
  /opt/gitlab/embedded/lib/ruby/gems/2.7.0/gems/activesupport-6.1.4.1/lib/active_support/cache.rb:726:in `instrument'
  /opt/gitlab/embedded/lib/ruby/gems/2.7.0/gems/activesupport-6.1.4.1/lib/active_support/cache.rb:332:in `fetch'
  /opt/gitlab/embedded/lib/ruby/gems/2.7.0/gems/flipper-active_support_cache_store-0.21.0/lib/flipper/adapters/active_support_cache_store.rb:72:in `get'
  /opt/gitlab/embedded/lib/ruby/gems/2.7.0/gems/flipper-active_support_cache_store-0.21.0/lib/flipper/adapters/active_support_cache_store.rb:73:in `block in get'
  /opt/gitlab/embedded/lib/ruby/gems/2.7.0/gems/activesupport-6.1.4.1/lib/active_support/cache.rb:752:in `block in save_block_result_to_cache'
  /opt/gitlab/embedded/lib/ruby/gems/2.7.0/gems/activesupport-6.1.4.1/lib/active_support/cache.rb:726:in `block in instrument'
  /opt/gitlab/embedded/lib/ruby/gems/2.7.0/gems/activesupport-6.1.4.1/lib/active_support/notifications.rb:203:in `block in instrument'
  /opt/gitlab/embedded/lib/ruby/gems/2.7.0/gems/activesupport-6.1.4.1/lib/active_support/notifications/instrumenter.rb:24:in `instrument'
  /opt/gitlab/embedded/lib/ruby/gems/2.7.0/gems/activesupport-6.1.4.1/lib/active_support/notifications.rb:203:in `instrument'
  /opt/gitlab/embedded/lib/ruby/gems/2.7.0/gems/activesupport-6.1.4.1/lib/active_support/cache.rb:726:in `instrument'
  /opt/gitlab/embedded/lib/ruby/gems/2.7.0/gems/activesupport-6.1.4.1/lib/active_support/cache.rb:751:in `save_block_result_to_cache'
  /opt/gitlab/embedded/lib/ruby/gems/2.7.0/gems/activesupport-6.1.4.1/lib/active_support/cache.rb:343:in `fetch'
  /opt/gitlab/embedded/lib/ruby/gems/2.7.0/gems/flipper-active_support_cache_store-0.21.0/lib/flipper/adapters/active_support_cache_store.rb:72:in `get'
  /opt/gitlab/embedded/lib/ruby/gems/2.7.0/gems/flipper-0.21.0/lib/flipper/adapters/memoizable.rb:71:in `block in get'
  /opt/gitlab/embedded/lib/ruby/gems/2.7.0/gems/flipper-0.21.0/lib/flipper/adapters/memoizable.rb:71:in `fetch'
  /opt/gitlab/embedded/lib/ruby/gems/2.7.0/gems/flipper-0.21.0/lib/flipper/adapters/memoizable.rb:71:in `get'
  /opt/gitlab/embedded/lib/ruby/gems/2.7.0/gems/flipper-0.21.0/lib/flipper/feature.rb:235:in `gate_values'
  /opt/gitlab/embedded/lib/ruby/gems/2.7.0/gems/flipper-0.21.0/lib/flipper/feature.rb:104:in `block in enabled?'
  /opt/gitlab/embedded/lib/ruby/gems/2.7.0/gems/flipper-0.21.0/lib/flipper/feature.rb:375:in `block in instrument'
  /opt/gitlab/embedded/lib/ruby/gems/2.7.0/gems/flipper-0.21.0/lib/flipper/instrumenters/noop.rb:5:in `instrument'
  /opt/gitlab/embedded/lib/ruby/gems/2.7.0/gems/flipper-0.21.0/lib/flipper/feature.rb:372:in `instrument'
  /opt/gitlab/embedded/lib/ruby/gems/2.7.0/gems/flipper-0.21.0/lib/flipper/feature.rb:103:in `enabled?'
  /opt/gitlab/embedded/service/gitlab-rails/lib/feature.rb:86:in `enabled?'
  /opt/gitlab/embedded/service/gitlab-rails/lib/feature.rb:96:in `disabled?'
  /opt/gitlab/embedded/service/gitlab-rails/lib/feature/definition.rb:121:in `log_states?'
  /opt/gitlab/embedded/service/gitlab-rails/lib/feature.rb:162:in `log_feature_flag_states?'
  /opt/gitlab/embedded/service/gitlab-rails/lib/feature.rb:89:in `enabled?'
  /opt/gitlab/embedded/service/gitlab-rails/lib/gitlab/json.rb:197:in `call'
  /opt/gitlab/embedded/lib/ruby/gems/2.7.0/gems/grape-1.5.2/lib/grape/middleware/formatter.rb:47:in `block (2 levels) in build_formatted_response'
  /opt/gitlab/embedded/lib/ruby/gems/2.7.0/gems/grape-1.5.2/lib/grape/middleware/formatter.rb:47:in `collect'
  /opt/gitlab/embedded/lib/ruby/gems/2.7.0/gems/grape-1.5.2/lib/grape/middleware/formatter.rb:47:in `block in build_formatted_response'
  /opt/gitlab/embedded/lib/ruby/gems/2.7.0/gems/activesupport-6.1.4.1/lib/active_support/notifications.rb:203:in `block in instrument'
  /opt/gitlab/embedded/lib/ruby/gems/2.7.0/gems/activesupport-6.1.4.1/lib/active_support/notifications/instrumenter.rb:24:in `instrument'
  /opt/gitlab/embedded/lib/ruby/gems/2.7.0/gems/activesupport-6.1.4.1/lib/active_support/notifications.rb:203:in `instrument'
  /opt/gitlab/embedded/lib/ruby/gems/2.7.0/gems/grape-1.5.2/lib/grape/middleware/formatter.rb:46:in `build_formatted_response'
  /opt/gitlab/embedded/lib/ruby/gems/2.7.0/gems/grape-1.5.2/lib/grape/middleware/formatter.rb:30:in `after'
  /opt/gitlab/embedded/lib/ruby/gems/2.7.0/gems/grape-1.5.2/lib/grape/middleware/base.rb:39:in `call!'
  /opt/gitlab/embedded/lib/ruby/gems/2.7.0/gems/grape-1.5.2/lib/grape/middleware/base.rb:29:in `call'
  /opt/gitlab/embedded/lib/ruby/gems/2.7.0/gems/grape-1.5.2/lib/grape/middleware/base.rb:36:in `call!'
  /opt/gitlab/embedded/lib/ruby/gems/2.7.0/gems/grape-1.5.2/lib/grape/middleware/base.rb:29:in `call'
  /opt/gitlab/embedded/lib/ruby/gems/2.7.0/gems/grape-1.5.2/lib/grape/middleware/base.rb:36:in `call!'
  /opt/gitlab/embedded/lib/ruby/gems/2.7.0/gems/grape-1.5.2/lib/grape/middleware/base.rb:29:in `call'
  /opt/gitlab/embedded/service/gitlab-rails/lib/api/api_guard.rb:213:in `call'
  /opt/gitlab/embedded/lib/ruby/gems/2.7.0/gems/grape-1.5.2/lib/grape/middleware/base.rb:36:in `call!'
  /opt/gitlab/embedded/lib/ruby/gems/2.7.0/gems/grape-1.5.2/lib/grape/middleware/base.rb:29:in `call'
  /opt/gitlab/embedded/lib/ruby/gems/2.7.0/gems/rack-oauth2-1.16.0/lib/rack/oauth2/server/resource.rb:20:in `_call'
  /opt/gitlab/embedded/lib/ruby/gems/2.7.0/gems/rack-oauth2-1.16.0/lib/rack/oauth2/server/resource/bearer.rb:8:in `_call'
  /opt/gitlab/embedded/lib/ruby/gems/2.7.0/gems/rack-oauth2-1.16.0/lib/rack/oauth2/server/abstract/handler.rb:17:in `call'
  /opt/gitlab/embedded/lib/ruby/gems/2.7.0/gems/grape-1.5.2/lib/grape/middleware/error.rb:39:in `block in call!'
  /opt/gitlab/embedded/lib/ruby/gems/2.7.0/gems/grape-1.5.2/lib/grape/middleware/error.rb:38:in `catch'
  /opt/gitlab/embedded/lib/ruby/gems/2.7.0/gems/grape-1.5.2/lib/grape/middleware/error.rb:38:in `call!'
  /opt/gitlab/embedded/lib/ruby/gems/2.7.0/gems/grape-1.5.2/lib/grape/middleware/base.rb:29:in `call'
  /opt/gitlab/embedded/lib/ruby/gems/2.7.0/gems/grape_logging-1.8.3/lib/grape_logging/middleware/request_logger.rb:60:in `block in call!'
  /opt/gitlab/embedded/lib/ruby/gems/2.7.0/gems/grape_logging-1.8.3/lib/grape_logging/middleware/request_logger.rb:58:in `catch'
  /opt/gitlab/embedded/lib/ruby/gems/2.7.0/gems/grape_logging-1.8.3/lib/grape_logging/middleware/request_logger.rb:58:in `call!'
  /opt/gitlab/embedded/lib/ruby/gems/2.7.0/gems/grape-1.5.2/lib/grape/middleware/base.rb:29:in `call'
  /opt/gitlab/embedded/lib/ruby/gems/2.7.0/gems/rack-2.2.3/lib/rack/head.rb:12:in `call'
  /opt/gitlab/embedded/lib/ruby/gems/2.7.0/gems/grape-1.5.2/lib/grape/endpoint.rb:231:in `call!'
  /opt/gitlab/embedded/lib/ruby/gems/2.7.0/gems/grape-1.5.2/lib/grape/endpoint.rb:225:in `call'
  /opt/gitlab/embedded/lib/ruby/gems/2.7.0/gems/grape-1.5.2/lib/grape/router/route.rb:58:in `exec'
  /opt/gitlab/embedded/lib/ruby/gems/2.7.0/gems/grape-1.5.2/lib/grape/router.rb:116:in `process_route'
  /opt/gitlab/embedded/lib/ruby/gems/2.7.0/gems/grape-1.5.2/lib/grape/router.rb:72:in `block in identity'
  /opt/gitlab/embedded/lib/ruby/gems/2.7.0/gems/grape-1.5.2/lib/grape/router.rb:91:in `transaction'
  /opt/gitlab/embedded/lib/ruby/gems/2.7.0/gems/grape-1.5.2/lib/grape/router.rb:70:in `identity'
  /opt/gitlab/embedded/lib/ruby/gems/2.7.0/gems/grape-1.5.2/lib/grape/router.rb:55:in `block in call'
  /opt/gitlab/embedded/lib/ruby/gems/2.7.0/gems/grape-1.5.2/lib/grape/router.rb:132:in `with_optimization'
  /opt/gitlab/embedded/lib/ruby/gems/2.7.0/gems/grape-1.5.2/lib/grape/router.rb:54:in `call'
  /opt/gitlab/embedded/lib/ruby/gems/2.7.0/gems/grape-1.5.2/lib/grape/api/instance.rb:167:in `call'
  /opt/gitlab/embedded/lib/ruby/gems/2.7.0/gems/grape-1.5.2/lib/grape/api/instance.rb:71:in `call!'
  /opt/gitlab/embedded/lib/ruby/gems/2.7.0/gems/grape-1.5.2/lib/grape/api/instance.rb:66:in `call'
  /opt/gitlab/embedded/lib/ruby/gems/2.7.0/gems/actionpack-6.1.4.1/lib/action_dispatch/routing/mapper.rb:20:in `block in <class:Constraints>'
  /opt/gitlab/embedded/lib/ruby/gems/2.7.0/gems/actionpack-6.1.4.1/lib/action_dispatch/routing/mapper.rb:49:in `serve'
  /opt/gitlab/embedded/lib/ruby/gems/2.7.0/gems/actionpack-6.1.4.1/lib/action_dispatch/journey/router.rb:50:in `block in serve'
  /opt/gitlab/embedded/lib/ruby/gems/2.7.0/gems/actionpack-6.1.4.1/lib/action_dispatch/journey/router.rb:32:in `each'
  /opt/gitlab/embedded/lib/ruby/gems/2.7.0/gems/actionpack-6.1.4.1/lib/action_dispatch/journey/router.rb:32:in `serve'
  /opt/gitlab/embedded/lib/ruby/gems/2.7.0/gems/actionpack-6.1.4.1/lib/action_dispatch/routing/route_set.rb:842:in `call'
  /opt/gitlab/embedded/lib/ruby/gems/2.7.0/gems/gitlab-experiment-0.6.5/lib/gitlab/experiment/middleware.rb:19:in `call'
  /opt/gitlab/embedded/lib/ruby/gems/2.7.0/gems/flipper-0.21.0/lib/flipper/middleware/memoizer.rb:77:in `memoized_call'
  /opt/gitlab/embedded/lib/ruby/gems/2.7.0/gems/flipper-0.21.0/lib/flipper/middleware/memoizer.rb:42:in `call'
  /opt/gitlab/embedded/service/gitlab-rails/lib/gitlab/metrics/elasticsearch_rack_middleware.rb:16:in `call'
  /opt/gitlab/embedded/service/gitlab-rails/lib/gitlab/middleware/rails_queue_duration.rb:33:in `call'
  /opt/gitlab/embedded/service/gitlab-rails/lib/gitlab/middleware/speedscope.rb:13:in `call'
  /opt/gitlab/embedded/service/gitlab-rails/lib/gitlab/request_profiler/middleware.rb:17:in `call'
  /opt/gitlab/embedded/service/gitlab-rails/lib/gitlab/database/load_balancing/rack_middleware.rb:23:in `call'
  /opt/gitlab/embedded/service/gitlab-rails/lib/gitlab/metrics/rack_middleware.rb:16:in `block in call'
  /opt/gitlab/embedded/service/gitlab-rails/lib/gitlab/metrics/web_transaction.rb:46:in `run'
  /opt/gitlab/embedded/service/gitlab-rails/lib/gitlab/metrics/rack_middleware.rb:16:in `call'
  /opt/gitlab/embedded/service/gitlab-rails/lib/gitlab/jira/middleware.rb:19:in `call'
  /opt/gitlab/embedded/service/gitlab-rails/lib/gitlab/middleware/go.rb:20:in `call'
  /opt/gitlab/embedded/service/gitlab-rails/lib/gitlab/etag_caching/middleware.rb:21:in `call'
  /opt/gitlab/embedded/lib/ruby/gems/2.7.0/gems/batch-loader-2.0.1/lib/batch_loader/middleware.rb:11:in `call'
  /opt/gitlab/embedded/lib/ruby/gems/2.7.0/gems/rack-attack-6.3.0/lib/rack/attack.rb:97:in `call'
  /opt/gitlab/embedded/lib/ruby/gems/2.7.0/gems/apollo_upload_server-2.1.0/lib/apollo_upload_server/middleware.rb:19:in `call'
  /opt/gitlab/embedded/service/gitlab-rails/lib/gitlab/middleware/multipart.rb:173:in `call'
  /opt/gitlab/embedded/lib/ruby/gems/2.7.0/gems/rack-attack-6.3.0/lib/rack/attack.rb:111:in `call'
  /opt/gitlab/embedded/lib/ruby/gems/2.7.0/gems/warden-1.2.8/lib/warden/manager.rb:36:in `block in call'
  /opt/gitlab/embedded/lib/ruby/gems/2.7.0/gems/warden-1.2.8/lib/warden/manager.rb:34:in `catch'
  /opt/gitlab/embedded/lib/ruby/gems/2.7.0/gems/warden-1.2.8/lib/warden/manager.rb:34:in `call'
  /opt/gitlab/embedded/lib/ruby/gems/2.7.0/gems/rack-cors-1.0.6/lib/rack/cors.rb:98:in `call'
  /opt/gitlab/embedded/lib/ruby/gems/2.7.0/gems/rack-2.2.3/lib/rack/tempfile_reaper.rb:15:in `call'
  /opt/gitlab/embedded/lib/ruby/gems/2.7.0/gems/rack-2.2.3/lib/rack/etag.rb:27:in `call'
  /opt/gitlab/embedded/lib/ruby/gems/2.7.0/gems/rack-2.2.3/lib/rack/conditional_get.rb:27:in `call'
  /opt/gitlab/embedded/lib/ruby/gems/2.7.0/gems/rack-2.2.3/lib/rack/head.rb:12:in `call'
  /opt/gitlab/embedded/lib/ruby/gems/2.7.0/gems/actionpack-6.1.4.1/lib/action_dispatch/http/permissions_policy.rb:22:in `call'
  /opt/gitlab/embedded/lib/ruby/gems/2.7.0/gems/actionpack-6.1.4.1/lib/action_dispatch/http/content_security_policy.rb:18:in `call'
  /opt/gitlab/embedded/service/gitlab-rails/lib/gitlab/middleware/read_only/controller.rb:50:in `call'
  /opt/gitlab/embedded/service/gitlab-rails/lib/gitlab/middleware/read_only.rb:18:in `call'
  /opt/gitlab/embedded/lib/ruby/gems/2.7.0/gems/rack-2.2.3/lib/rack/session/abstract/id.rb:266:in `context'
  /opt/gitlab/embedded/lib/ruby/gems/2.7.0/gems/rack-2.2.3/lib/rack/session/abstract/id.rb:260:in `call'
  /opt/gitlab/embedded/lib/ruby/gems/2.7.0/gems/actionpack-6.1.4.1/lib/action_dispatch/middleware/cookies.rb:689:in `call'
  /opt/gitlab/embedded/service/gitlab-rails/lib/gitlab/middleware/same_site_cookies.rb:27:in `call'
  /opt/gitlab/embedded/lib/ruby/gems/2.7.0/gems/actionpack-6.1.4.1/lib/action_dispatch/middleware/callbacks.rb:27:in `block in call'
  /opt/gitlab/embedded/lib/ruby/gems/2.7.0/gems/activesupport-6.1.4.1/lib/active_support/callbacks.rb:98:in `run_callbacks'
  /opt/gitlab/embedded/lib/ruby/gems/2.7.0/gems/actionpack-6.1.4.1/lib/action_dispatch/middleware/callbacks.rb:26:in `call'
  /opt/gitlab/embedded/service/gitlab-rails/lib/gitlab/middleware/handle_malformed_strings.rb:21:in `call'
  /opt/gitlab/embedded/lib/ruby/gems/2.7.0/gems/actionpack-6.1.4.1/lib/action_dispatch/middleware/actionable_exceptions.rb:18:in `call'
  /opt/gitlab/embedded/lib/ruby/gems/2.7.0/gems/actionpack-6.1.4.1/lib/action_dispatch/middleware/debug_exceptions.rb:29:in `call'
  /opt/gitlab/embedded/lib/ruby/gems/2.7.0/gems/actionpack-6.1.4.1/lib/action_dispatch/middleware/show_exceptions.rb:33:in `call'
  /opt/gitlab/embedded/service/gitlab-rails/lib/gitlab/middleware/basic_health_check.rb:25:in `call'
  /opt/gitlab/embedded/lib/ruby/gems/2.7.0/gems/railties-6.1.4.1/lib/rails/rack/logger.rb:37:in `call_app'
  /opt/gitlab/embedded/lib/ruby/gems/2.7.0/gems/railties-6.1.4.1/lib/rails/rack/logger.rb:26:in `block in call'
  /opt/gitlab/embedded/lib/ruby/gems/2.7.0/gems/activesupport-6.1.4.1/lib/active_support/tagged_logging.rb:99:in `block in tagged'
  /opt/gitlab/embedded/lib/ruby/gems/2.7.0/gems/activesupport-6.1.4.1/lib/active_support/tagged_logging.rb:37:in `tagged'
  /opt/gitlab/embedded/lib/ruby/gems/2.7.0/gems/activesupport-6.1.4.1/lib/active_support/tagged_logging.rb:99:in `tagged'
  /opt/gitlab/embedded/lib/ruby/gems/2.7.0/gems/railties-6.1.4.1/lib/rails/rack/logger.rb:26:in `call'
  /opt/gitlab/embedded/lib/ruby/gems/2.7.0/gems/actionpack-6.1.4.1/lib/action_dispatch/middleware/remote_ip.rb:81:in `call'
  /opt/gitlab/embedded/service/gitlab-rails/lib/gitlab/middleware/handle_ip_spoof_attack_error.rb:25:in `call'
  /opt/gitlab/embedded/service/gitlab-rails/lib/gitlab/middleware/request_context.rb:21:in `call'
  /opt/gitlab/embedded/lib/ruby/gems/2.7.0/gems/request_store-1.5.0/lib/request_store/middleware.rb:19:in `call'
  /opt/gitlab/embedded/lib/ruby/gems/2.7.0/gems/rack-2.2.3/lib/rack/method_override.rb:24:in `call'
  /opt/gitlab/embedded/lib/ruby/gems/2.7.0/gems/rack-2.2.3/lib/rack/runtime.rb:22:in `call'
  /opt/gitlab/embedded/lib/ruby/gems/2.7.0/gems/rack-timeout-0.5.2/lib/rack/timeout/core.rb:123:in `block in call'
  /opt/gitlab/embedded/lib/ruby/gems/2.7.0/gems/rack-timeout-0.5.2/lib/rack/timeout/support/timeout.rb:19:in `timeout'
  /opt/gitlab/embedded/lib/ruby/gems/2.7.0/gems/rack-timeout-0.5.2/lib/rack/timeout/core.rb:122:in `call'
  /opt/gitlab/embedded/service/gitlab-rails/config/initializers/fix_local_cache_middleware.rb:11:in `call'
  /opt/gitlab/embedded/service/gitlab-rails/lib/gitlab/middleware/compressed_json.rb:26:in `call'
  /opt/gitlab/embedded/lib/ruby/gems/2.7.0/gems/actionpack-6.1.4.1/lib/action_dispatch/middleware/executor.rb:14:in `call'
  /opt/gitlab/embedded/service/gitlab-rails/lib/gitlab/middleware/rack_multipart_tempfile_factory.rb:19:in `call'
  /opt/gitlab/embedded/lib/ruby/gems/2.7.0/gems/rack-2.2.3/lib/rack/sendfile.rb:110:in `call'
  /opt/gitlab/embedded/service/gitlab-rails/lib/gitlab/middleware/sidekiq_web_static.rb:20:in `call'
  /opt/gitlab/embedded/lib/ruby/gems/2.7.0/gems/actionpack-6.1.4.1/lib/action_dispatch/middleware/host_authorization.rb:92:in `call'
  /opt/gitlab/embedded/service/gitlab-rails/lib/gitlab/metrics/requests_rack_middleware.rb:75:in `call'
  /opt/gitlab/embedded/lib/ruby/gems/2.7.0/gems/gitlab-labkit-0.21.1/lib/labkit/middleware/rack.rb:19:in `block in call'
  /opt/gitlab/embedded/lib/ruby/gems/2.7.0/gems/gitlab-labkit-0.21.1/lib/labkit/context.rb:39:in `with_context'
  /opt/gitlab/embedded/lib/ruby/gems/2.7.0/gems/gitlab-labkit-0.21.1/lib/labkit/middleware/rack.rb:18:in `call'
  /opt/gitlab/embedded/lib/ruby/gems/2.7.0/gems/actionpack-6.1.4.1/lib/action_dispatch/middleware/request_id.rb:26:in `call'
  /opt/gitlab/embedded/lib/ruby/gems/2.7.0/gems/sentry-raven-3.1.2/lib/raven/integrations/rack.rb:51:in `call'
  /opt/gitlab/embedded/lib/ruby/gems/2.7.0/gems/railties-6.1.4.1/lib/rails/engine.rb:539:in `call'
  /opt/gitlab/embedded/lib/ruby/gems/2.7.0/gems/railties-6.1.4.1/lib/rails/railtie.rb:207:in `public_send'
  /opt/gitlab/embedded/lib/ruby/gems/2.7.0/gems/railties-6.1.4.1/lib/rails/railtie.rb:207:in `method_missing'
  /opt/gitlab/embedded/service/gitlab-rails/lib/gitlab/middleware/release_env.rb:13:in `call'
  /opt/gitlab/embedded/lib/ruby/gems/2.7.0/gems/rack-2.2.3/lib/rack/urlmap.rb:74:in `block in call'
  /opt/gitlab/embedded/lib/ruby/gems/2.7.0/gems/rack-2.2.3/lib/rack/urlmap.rb:58:in `each'
  /opt/gitlab/embedded/lib/ruby/gems/2.7.0/gems/rack-2.2.3/lib/rack/urlmap.rb:58:in `call'
  /opt/gitlab/embedded/lib/ruby/gems/2.7.0/gems/puma-5.5.2/lib/puma/configuration.rb:249:in `call'
  /opt/gitlab/embedded/lib/ruby/gems/2.7.0/gems/puma-5.5.2/lib/puma/request.rb:77:in `block in handle_request'
  /opt/gitlab/embedded/lib/ruby/gems/2.7.0/gems/puma-5.5.2/lib/puma/thread_pool.rb:340:in `with_force_shutdown'
  /opt/gitlab/embedded/lib/ruby/gems/2.7.0/gems/puma-5.5.2/lib/puma/request.rb:76:in `handle_request'
  /opt/gitlab/embedded/lib/ruby/gems/2.7.0/gems/puma-5.5.2/lib/puma/server.rb:447:in `process_client'
  /opt/gitlab/embedded/lib/ruby/gems/2.7.0/gems/puma-5.5.2/lib/puma/thread_pool.rb:147:in `block in spawn_thread'
  Rendered layout layouts/help.html.haml (Duration: 2659.8ms | Allocations: 80260)
Completed 200 OK in 2978ms (Views: 2660.5ms | ActiveRecord: 19.2ms | Elasticsearch: 0.0ms | Allocations: 82294)
