2022-01-26T22:30:57.778728+08:00 0 [Warning] TIMESTAMP with implicit DEFAULT value is deprecated. Please use --explicit_defaults_for_timestamp server option (see documentation for more details).
2022-01-26T22:30:57.778811+08:00 0 [Warning] 'NO_ZERO_DATE', 'NO_ZERO_IN_DATE' and 'ERROR_FOR_DIVISION_BY_ZERO' sql modes should be used with strict mode. They will be merged with strict mode in a future release.
2022-01-26T22:30:57.778826+08:00 0 [Warning] 'NO_AUTO_CREATE_USER' sql mode was not set.
2022-01-26T22:30:57.790050+08:00 0 [Warning] Setting lower_case_table_names=2 because file system for /var/lib/mysql/ is case insensitive
2022-01-26T22:30:59.116213+08:00 0 [Warning] InnoDB: New log files created, LSN=45790
2022-01-26T22:30:59.476704+08:00 0 [Warning] InnoDB: Creating foreign key constraint system tables.
mysqld: File '/var/lib/mysql/slow-query-log/slow.log' not found (Errcode: 2 - No such file or directory)
2022-01-26T22:30:59.565387+08:00 0 [ERROR] Could not use /var/lib/mysql/slow-query-log/slow.log for logging (error 2 - No such file or directory). Turning logging off for the server process. To turn it on again: fix the cause, then either restart the query logging by using "SET GLOBAL SLOW_QUERY_LOG=ON" or restart the MySQL server.
2022-01-26T22:30:59.598025+08:00 0 [Warning] No existing UUID has been found, so we assume that this is the first time that this server has been started. Generating a new UUID: 94b892dc-7eb4-11ec-917d-0242ac180002.
2022-01-26T22:30:59.607890+08:00 0 [Warning] Gtid table is not ready to be used. Table 'mysql.gtid_executed' cannot be opened.
2022-01-26T22:31:00.088120+08:00 0 [Warning] A deprecated TLS version TLSv1 is enabled. Please use TLSv1.2 or higher.
2022-01-26T22:31:00.088794+08:00 0 [Warning] A deprecated TLS version TLSv1.1 is enabled. Please use TLSv1.2 or higher.
2022-01-26T22:31:00.096513+08:00 0 [Warning] CA certificate ca.pem is self signed.
2022-01-26T22:31:00.545671+08:00 1 [Warning] root@localhost is created with an empty password ! Please consider switching off the --initialize-insecure option.
2022-01-26T22:31:09.675425+08:00 0 [Warning] TIMESTAMP with implicit DEFAULT value is deprecated. Please use --explicit_defaults_for_timestamp server option (see documentation for more details).
2022-01-26T22:31:09.675496+08:00 0 [Warning] 'NO_ZERO_DATE', 'NO_ZERO_IN_DATE' and 'ERROR_FOR_DIVISION_BY_ZERO' sql modes should be used with strict mode. They will be merged with strict mode in a future release.
2022-01-26T22:31:09.675511+08:00 0 [Warning] 'NO_AUTO_CREATE_USER' sql mode was not set.
2022-01-26T22:31:09.687448+08:00 0 [Note] mysqld (mysqld 5.7.36-log) starting as process 77 ...
2022-01-26T22:31:09.696239+08:00 0 [Warning] Setting lower_case_table_names=2 because file system for /var/lib/mysql/ is case insensitive
2022-01-26T22:31:09.706683+08:00 0 [Note] InnoDB: PUNCH HOLE support available
2022-01-26T22:31:09.707338+08:00 0 [Note] InnoDB: Mutexes and rw_locks use GCC atomic builtins
2022-01-26T22:31:09.708248+08:00 0 [Note] InnoDB: Uses event mutexes
2022-01-26T22:31:09.708979+08:00 0 [Note] InnoDB: GCC builtin __atomic_thread_fence() is used for memory barrier
2022-01-26T22:31:09.709833+08:00 0 [Note] InnoDB: Compressed tables use zlib 1.2.11
2022-01-26T22:31:09.710764+08:00 0 [Note] InnoDB: Using Linux native AIO
2022-01-26T22:31:09.711924+08:00 0 [Note] InnoDB: Number of pools: 1
2022-01-26T22:31:09.713516+08:00 0 [Note] InnoDB: Using CPU crc32 instructions
2022-01-26T22:31:09.716327+08:00 0 [Note] InnoDB: Initializing buffer pool, total size = 128M, instances = 1, chunk size = 128M
2022-01-26T22:31:09.728388+08:00 0 [Note] InnoDB: Completed initialization of buffer pool
2022-01-26T22:31:09.731925+08:00 0 [Note] InnoDB: If the mysqld execution user is authorized, page cleaner thread priority can be changed. See the man page of setpriority().
2022-01-26T22:31:09.804539+08:00 0 [Note] InnoDB: Highest supported file format is Barracuda.
2022-01-26T22:31:09.927688+08:00 0 [Note] InnoDB: Creating shared tablespace for temporary tables
2022-01-26T22:31:09.931393+08:00 0 [Note] InnoDB: Setting file './ibtmp1' size to 12 MB. Physically writing the file full; Please wait ...
2022-01-26T22:31:10.009009+08:00 0 [Note] InnoDB: File './ibtmp1' size is now 12 MB.
2022-01-26T22:31:10.015404+08:00 0 [Note] InnoDB: 96 redo rollback segment(s) found. 96 redo rollback segment(s) are active.
2022-01-26T22:31:10.016287+08:00 0 [Note] InnoDB: 32 non-redo rollback segment(s) are active.
2022-01-26T22:31:10.018336+08:00 0 [Note] InnoDB: Waiting for purge to start
2022-01-26T22:31:10.069848+08:00 0 [Note] InnoDB: 5.7.36 started; log sequence number 2750787
2022-01-26T22:31:10.071865+08:00 0 [Note] InnoDB: Loading buffer pool(s) from /var/lib/mysql/ib_buffer_pool
2022-01-26T22:31:10.072328+08:00 0 [Note] Plugin 'FEDERATED' is disabled.
mysqld: File '/var/lib/mysql/slow-query-log/slow.log' not found (Errcode: 2 - No such file or directory)
2022-01-26T22:31:10.118392+08:00 0 [ERROR] Could not use /var/lib/mysql/slow-query-log/slow.log for logging (error 2 - No such file or directory). Turning logging off for the server process. To turn it on again: fix the cause, then either restart the query logging by using "SET GLOBAL SLOW_QUERY_LOG=ON" or restart the MySQL server.
2022-01-26T22:31:10.147524+08:00 0 [Note] InnoDB: Buffer pool(s) load completed at 220126 22:31:10
2022-01-26T22:31:10.197848+08:00 0 [Note] Found ca.pem, server-cert.pem and server-key.pem in data directory. Trying to enable SSL support using them.
2022-01-26T22:31:10.198906+08:00 0 [Note] Skipping generation of SSL certificates as certificate files are present in data directory.
2022-01-26T22:31:10.199692+08:00 0 [Warning] A deprecated TLS version TLSv1 is enabled. Please use TLSv1.2 or higher.
2022-01-26T22:31:10.200369+08:00 0 [Warning] A deprecated TLS version TLSv1.1 is enabled. Please use TLSv1.2 or higher.
2022-01-26T22:31:10.208718+08:00 0 [Warning] CA certificate ca.pem is self signed.
2022-01-26T22:31:10.209491+08:00 0 [Note] Skipping generation of RSA key pair as key files are present in data directory.
2022-01-26T22:31:10.214772+08:00 0 [Warning] Insecure configuration for --pid-file: Location '/var/run/mysqld' in the path is accessible to all OS users. Consider choosing a different directory.
2022-01-26T22:31:10.353918+08:00 0 [Note] Failed to start slave threads for channel ''
2022-01-26T22:31:10.575143+08:00 0 [Note] Event Scheduler: Loaded 0 events
2022-01-26T22:31:10.576211+08:00 0 [Note] mysqld: ready for connections.
Version: '5.7.36-log'  socket: '/var/run/mysqld/mysqld.sock'  port: 0  MySQL Community Server (GPL)
2022-01-26T22:31:15.217514+08:00 0 [Note] Giving 0 client threads a chance to die gracefully
2022-01-26T22:31:15.219095+08:00 0 [Note] Shutting down slave threads
2022-01-26T22:31:15.219919+08:00 0 [Note] Forcefully disconnecting 0 remaining clients
2022-01-26T22:31:15.220753+08:00 0 [Note] Event Scheduler: Purging the queue. 0 events
2022-01-26T22:31:15.221677+08:00 0 [Note] Binlog end
2022-01-26T22:31:15.229391+08:00 0 [Note] Shutting down plugin 'ngram'
2022-01-26T22:31:15.230412+08:00 0 [Note] Shutting down plugin 'partition'
2022-01-26T22:31:15.230905+08:00 0 [Note] Shutting down plugin 'BLACKHOLE'
2022-01-26T22:31:15.231793+08:00 0 [Note] Shutting down plugin 'ARCHIVE'
2022-01-26T22:31:15.232346+08:00 0 [Note] Shutting down plugin 'PERFORMANCE_SCHEMA'
2022-01-26T22:31:15.232843+08:00 0 [Note] Shutting down plugin 'MRG_MYISAM'
2022-01-26T22:31:15.233290+08:00 0 [Note] Shutting down plugin 'MyISAM'
2022-01-26T22:31:15.234107+08:00 0 [Note] Shutting down plugin 'INNODB_SYS_VIRTUAL'
2022-01-26T22:31:15.234729+08:00 0 [Note] Shutting down plugin 'INNODB_SYS_DATAFILES'
2022-01-26T22:31:15.235366+08:00 0 [Note] Shutting down plugin 'INNODB_SYS_TABLESPACES'
2022-01-26T22:31:15.235829+08:00 0 [Note] Shutting down plugin 'INNODB_SYS_FOREIGN_COLS'
2022-01-26T22:31:15.236803+08:00 0 [Note] Shutting down plugin 'INNODB_SYS_FOREIGN'
2022-01-26T22:31:15.237297+08:00 0 [Note] Shutting down plugin 'INNODB_SYS_FIELDS'
2022-01-26T22:31:15.237761+08:00 0 [Note] Shutting down plugin 'INNODB_SYS_COLUMNS'
2022-01-26T22:31:15.238310+08:00 0 [Note] Shutting down plugin 'INNODB_SYS_INDEXES'
2022-01-26T22:31:15.239590+08:00 0 [Note] Shutting down plugin 'INNODB_SYS_TABLESTATS'
2022-01-26T22:31:15.240224+08:00 0 [Note] Shutting down plugin 'INNODB_SYS_TABLES'
2022-01-26T22:31:15.240853+08:00 0 [Note] Shutting down plugin 'INNODB_FT_INDEX_TABLE'
2022-01-26T22:31:15.241555+08:00 0 [Note] Shutting down plugin 'INNODB_FT_INDEX_CACHE'
2022-01-26T22:31:15.242194+08:00 0 [Note] Shutting down plugin 'INNODB_FT_CONFIG'
2022-01-26T22:31:15.242789+08:00 0 [Note] Shutting down plugin 'INNODB_FT_BEING_DELETED'
2022-01-26T22:31:15.243433+08:00 0 [Note] Shutting down plugin 'INNODB_FT_DELETED'
2022-01-26T22:31:15.244441+08:00 0 [Note] Shutting down plugin 'INNODB_FT_DEFAULT_STOPWORD'
2022-01-26T22:31:15.245192+08:00 0 [Note] Shutting down plugin 'INNODB_METRICS'
2022-01-26T22:31:15.245778+08:00 0 [Note] Shutting down plugin 'INNODB_TEMP_TABLE_INFO'
2022-01-26T22:31:15.246429+08:00 0 [Note] Shutting down plugin 'INNODB_BUFFER_POOL_STATS'
2022-01-26T22:31:15.247156+08:00 0 [Note] Shutting down plugin 'INNODB_BUFFER_PAGE_LRU'
2022-01-26T22:31:15.247986+08:00 0 [Note] Shutting down plugin 'INNODB_BUFFER_PAGE'
2022-01-26T22:31:15.248649+08:00 0 [Note] Shutting down plugin 'INNODB_CMP_PER_INDEX_RESET'
2022-01-26T22:31:15.249314+08:00 0 [Note] Shutting down plugin 'INNODB_CMP_PER_INDEX'
2022-01-26T22:31:15.250343+08:00 0 [Note] Shutting down plugin 'INNODB_CMPMEM_RESET'
2022-01-26T22:31:15.250833+08:00 0 [Note] Shutting down plugin 'INNODB_CMPMEM'
2022-01-26T22:31:15.251469+08:00 0 [Note] Shutting down plugin 'INNODB_CMP_RESET'
2022-01-26T22:31:15.252112+08:00 0 [Note] Shutting down plugin 'INNODB_CMP'
2022-01-26T22:31:15.252864+08:00 0 [Note] Shutting down plugin 'INNODB_LOCK_WAITS'
2022-01-26T22:31:15.253560+08:00 0 [Note] Shutting down plugin 'INNODB_LOCKS'
2022-01-26T22:31:15.254155+08:00 0 [Note] Shutting down plugin 'INNODB_TRX'
2022-01-26T22:31:15.254846+08:00 0 [Note] Shutting down plugin 'InnoDB'
2022-01-26T22:31:15.255816+08:00 0 [Note] InnoDB: FTS optimize thread exiting.
2022-01-26T22:31:15.256582+08:00 0 [Note] InnoDB: Starting shutdown...
2022-01-26T22:31:15.360464+08:00 0 [Note] InnoDB: Dumping buffer pool(s) to /var/lib/mysql/ib_buffer_pool
2022-01-26T22:31:15.370350+08:00 0 [Note] InnoDB: Buffer pool(s) dump completed at 220126 22:31:15
2022-01-26T22:31:17.090096+08:00 0 [Note] InnoDB: Shutdown completed; log sequence number 12661091
2022-01-26T22:31:17.095052+08:00 0 [Note] InnoDB: Removed temporary tablespace data file: "ibtmp1"
2022-01-26T22:31:17.112474+08:00 0 [Note] Shutting down plugin 'MEMORY'
2022-01-26T22:31:17.114156+08:00 0 [Note] Shutting down plugin 'CSV'
2022-01-26T22:31:17.115427+08:00 0 [Note] Shutting down plugin 'sha256_password'
2022-01-26T22:31:17.116532+08:00 0 [Note] Shutting down plugin 'mysql_native_password'
2022-01-26T22:31:17.118142+08:00 0 [Note] Shutting down plugin 'binlog'
2022-01-26T22:31:17.128215+08:00 0 [Note] mysqld: Shutdown complete

2022-01-26T22:31:17.416986+08:00 0 [Warning] TIMESTAMP with implicit DEFAULT value is deprecated. Please use --explicit_defaults_for_timestamp server option (see documentation for more details).
2022-01-26T22:31:17.417205+08:00 0 [Warning] 'NO_ZERO_DATE', 'NO_ZERO_IN_DATE' and 'ERROR_FOR_DIVISION_BY_ZERO' sql modes should be used with strict mode. They will be merged with strict mode in a future release.
2022-01-26T22:31:17.417220+08:00 0 [Warning] 'NO_AUTO_CREATE_USER' sql mode was not set.
2022-01-26T22:31:17.449711+08:00 0 [Note] mysqld (mysqld 5.7.36-log) starting as process 1 ...
2022-01-26T22:31:17.457640+08:00 0 [Warning] Setting lower_case_table_names=2 because file system for /var/lib/mysql/ is case insensitive
2022-01-26T22:31:17.467853+08:00 0 [Note] InnoDB: PUNCH HOLE support available
2022-01-26T22:31:17.469081+08:00 0 [Note] InnoDB: Mutexes and rw_locks use GCC atomic builtins
2022-01-26T22:31:17.469728+08:00 0 [Note] InnoDB: Uses event mutexes
2022-01-26T22:31:17.470418+08:00 0 [Note] InnoDB: GCC builtin __atomic_thread_fence() is used for memory barrier
2022-01-26T22:31:17.471194+08:00 0 [Note] InnoDB: Compressed tables use zlib 1.2.11
2022-01-26T22:31:17.472653+08:00 0 [Note] InnoDB: Using Linux native AIO
2022-01-26T22:31:17.473804+08:00 0 [Note] InnoDB: Number of pools: 1
2022-01-26T22:31:17.474688+08:00 0 [Note] InnoDB: Using CPU crc32 instructions
2022-01-26T22:31:17.476891+08:00 0 [Note] InnoDB: Initializing buffer pool, total size = 128M, instances = 1, chunk size = 128M
2022-01-26T22:31:17.487492+08:00 0 [Note] InnoDB: Completed initialization of buffer pool
2022-01-26T22:31:17.490323+08:00 0 [Note] InnoDB: If the mysqld execution user is authorized, page cleaner thread priority can be changed. See the man page of setpriority().
2022-01-26T22:31:17.554357+08:00 0 [Note] InnoDB: Highest supported file format is Barracuda.
2022-01-26T22:31:17.688738+08:00 0 [Note] InnoDB: Creating shared tablespace for temporary tables
2022-01-26T22:31:17.692643+08:00 0 [Note] InnoDB: Setting file './ibtmp1' size to 12 MB. Physically writing the file full; Please wait ...
2022-01-26T22:31:17.762730+08:00 0 [Note] InnoDB: File './ibtmp1' size is now 12 MB.
2022-01-26T22:31:17.771110+08:00 0 [Note] InnoDB: 96 redo rollback segment(s) found. 96 redo rollback segment(s) are active.
2022-01-26T22:31:17.771785+08:00 0 [Note] InnoDB: 32 non-redo rollback segment(s) are active.
2022-01-26T22:31:17.773587+08:00 0 [Note] InnoDB: Waiting for purge to start
2022-01-26T22:31:17.825751+08:00 0 [Note] InnoDB: 5.7.36 started; log sequence number 12661091
2022-01-26T22:31:17.828188+08:00 0 [Note] InnoDB: Loading buffer pool(s) from /var/lib/mysql/ib_buffer_pool
2022-01-26T22:31:17.828360+08:00 0 [Note] Plugin 'FEDERATED' is disabled.
mysqld: File '/var/lib/mysql/slow-query-log/slow.log' not found (Errcode: 2 - No such file or directory)
2022-01-26T22:31:17.864726+08:00 0 [ERROR] Could not use /var/lib/mysql/slow-query-log/slow.log for logging (error 2 - No such file or directory). Turning logging off for the server process. To turn it on again: fix the cause, then either restart the query logging by using "SET GLOBAL SLOW_QUERY_LOG=ON" or restart the MySQL server.
2022-01-26T22:31:17.952789+08:00 0 [Note] InnoDB: Buffer pool(s) load completed at 220126 22:31:17
2022-01-26T22:31:18.023185+08:00 0 [Note] Found ca.pem, server-cert.pem and server-key.pem in data directory. Trying to enable SSL support using them.
2022-01-26T22:31:18.024194+08:00 0 [Note] Skipping generation of SSL certificates as certificate files are present in data directory.
2022-01-26T22:31:18.024920+08:00 0 [Warning] A deprecated TLS version TLSv1 is enabled. Please use TLSv1.2 or higher.
2022-01-26T22:31:18.025687+08:00 0 [Warning] A deprecated TLS version TLSv1.1 is enabled. Please use TLSv1.2 or higher.
2022-01-26T22:31:18.031119+08:00 0 [Warning] CA certificate ca.pem is self signed.
2022-01-26T22:31:18.032148+08:00 0 [Note] Skipping generation of RSA key pair as key files are present in data directory.
2022-01-26T22:31:18.037341+08:00 0 [Note] Server hostname (bind-address): '*'; port: 3306
2022-01-26T22:31:18.038211+08:00 0 [Note] IPv6 is available.
2022-01-26T22:31:18.039202+08:00 0 [Note]   - '::' resolves to '::';
2022-01-26T22:31:18.039961+08:00 0 [Note] Server socket created on IP: '::'.
2022-01-26T22:31:18.042460+08:00 0 [Warning] Insecure configuration for --pid-file: Location '/var/run/mysqld' in the path is accessible to all OS users. Consider choosing a different directory.
2022-01-26T22:31:18.135577+08:00 0 [Note] Failed to start slave threads for channel ''
2022-01-26T22:31:18.320436+08:00 0 [Note] Event Scheduler: Loaded 0 events
2022-01-26T22:31:18.321417+08:00 0 [Note] mysqld: ready for connections.
Version: '5.7.36-log'  socket: '/var/run/mysqld/mysqld.sock'  port: 3306  MySQL Community Server (GPL)
2022-01-26T22:53:07.480907+08:00 0 [Note] Giving 0 client threads a chance to die gracefully
2022-01-26T22:53:07.482355+08:00 0 [Note] Shutting down slave threads
2022-01-26T22:53:07.485112+08:00 0 [Note] Forcefully disconnecting 0 remaining clients
2022-01-26T22:53:07.485984+08:00 0 [Note] Event Scheduler: Purging the queue. 0 events
2022-01-26T22:53:07.487382+08:00 0 [Note] Binlog end
2022-01-26T22:53:07.489917+08:00 0 [Note] Shutting down plugin 'ngram'
2022-01-26T22:53:07.492806+08:00 0 [Note] Shutting down plugin 'partition'
2022-01-26T22:53:07.494951+08:00 0 [Note] Shutting down plugin 'BLACKHOLE'
2022-01-26T22:53:07.496117+08:00 0 [Note] Shutting down plugin 'ARCHIVE'
2022-01-26T22:53:07.496756+08:00 0 [Note] Shutting down plugin 'PERFORMANCE_SCHEMA'
2022-01-26T22:53:07.497447+08:00 0 [Note] Shutting down plugin 'MRG_MYISAM'
2022-01-26T22:53:07.498032+08:00 0 [Note] Shutting down plugin 'MyISAM'
2022-01-26T22:53:07.498583+08:00 0 [Note] Shutting down plugin 'INNODB_SYS_VIRTUAL'
2022-01-26T22:53:07.499253+08:00 0 [Note] Shutting down plugin 'INNODB_SYS_DATAFILES'
2022-01-26T22:53:07.499803+08:00 0 [Note] Shutting down plugin 'INNODB_SYS_TABLESPACES'
2022-01-26T22:53:07.500431+08:00 0 [Note] Shutting down plugin 'INNODB_SYS_FOREIGN_COLS'
2022-01-26T22:53:07.500985+08:00 0 [Note] Shutting down plugin 'INNODB_SYS_FOREIGN'
2022-01-26T22:53:07.501580+08:00 0 [Note] Shutting down plugin 'INNODB_SYS_FIELDS'
2022-01-26T22:53:07.502142+08:00 0 [Note] Shutting down plugin 'INNODB_SYS_COLUMNS'
2022-01-26T22:53:07.502717+08:00 0 [Note] Shutting down plugin 'INNODB_SYS_INDEXES'
2022-01-26T22:53:07.503392+08:00 0 [Note] Shutting down plugin 'INNODB_SYS_TABLESTATS'
2022-01-26T22:53:07.503941+08:00 0 [Note] Shutting down plugin 'INNODB_SYS_TABLES'
2022-01-26T22:53:07.504590+08:00 0 [Note] Shutting down plugin 'INNODB_FT_INDEX_TABLE'
2022-01-26T22:53:07.505288+08:00 0 [Note] Shutting down plugin 'INNODB_FT_INDEX_CACHE'
2022-01-26T22:53:07.505890+08:00 0 [Note] Shutting down plugin 'INNODB_FT_CONFIG'
2022-01-26T22:53:07.506498+08:00 0 [Note] Shutting down plugin 'INNODB_FT_BEING_DELETED'
2022-01-26T22:53:07.507071+08:00 0 [Note] Shutting down plugin 'INNODB_FT_DELETED'
2022-01-26T22:53:07.507744+08:00 0 [Note] Shutting down plugin 'INNODB_FT_DEFAULT_STOPWORD'
2022-01-26T22:53:07.508579+08:00 0 [Note] Shutting down plugin 'INNODB_METRICS'
2022-01-26T22:53:07.509353+08:00 0 [Note] Shutting down plugin 'INNODB_TEMP_TABLE_INFO'
2022-01-26T22:53:07.510286+08:00 0 [Note] Shutting down plugin 'INNODB_BUFFER_POOL_STATS'
2022-01-26T22:53:07.510993+08:00 0 [Note] Shutting down plugin 'INNODB_BUFFER_PAGE_LRU'
2022-01-26T22:53:07.511565+08:00 0 [Note] Shutting down plugin 'INNODB_BUFFER_PAGE'
2022-01-26T22:53:07.512268+08:00 0 [Note] Shutting down plugin 'INNODB_CMP_PER_INDEX_RESET'
2022-01-26T22:53:07.512808+08:00 0 [Note] Shutting down plugin 'INNODB_CMP_PER_INDEX'
2022-01-26T22:53:07.513381+08:00 0 [Note] Shutting down plugin 'INNODB_CMPMEM_RESET'
2022-01-26T22:53:07.513969+08:00 0 [Note] Shutting down plugin 'INNODB_CMPMEM'
2022-01-26T22:53:07.514514+08:00 0 [Note] Shutting down plugin 'INNODB_CMP_RESET'
2022-01-26T22:53:07.514978+08:00 0 [Note] Shutting down plugin 'INNODB_CMP'
2022-01-26T22:53:07.515523+08:00 0 [Note] Shutting down plugin 'INNODB_LOCK_WAITS'
2022-01-26T22:53:07.516234+08:00 0 [Note] Shutting down plugin 'INNODB_LOCKS'
2022-01-26T22:53:07.516909+08:00 0 [Note] Shutting down plugin 'INNODB_TRX'
2022-01-26T22:53:07.517498+08:00 0 [Note] Shutting down plugin 'InnoDB'
2022-01-26T22:53:07.518189+08:00 0 [Note] InnoDB: FTS optimize thread exiting.
2022-01-26T22:53:07.518876+08:00 0 [Note] InnoDB: Starting shutdown...
2022-01-26T22:53:07.624982+08:00 0 [Note] InnoDB: Dumping buffer pool(s) to /var/lib/mysql/ib_buffer_pool
2022-01-26T22:53:07.635443+08:00 0 [Note] InnoDB: Buffer pool(s) dump completed at 220126 22:53:07
2022-01-26T22:53:09.064033+08:00 0 [Note] InnoDB: Shutdown completed; log sequence number 12661119
2022-01-26T22:53:09.067563+08:00 0 [Note] InnoDB: Removed temporary tablespace data file: "ibtmp1"
2022-01-26T22:53:09.068351+08:00 0 [Note] Shutting down plugin 'MEMORY'
2022-01-26T22:53:09.069595+08:00 0 [Note] Shutting down plugin 'CSV'
2022-01-26T22:53:09.070493+08:00 0 [Note] Shutting down plugin 'sha256_password'
2022-01-26T22:53:09.071166+08:00 0 [Note] Shutting down plugin 'mysql_native_password'
2022-01-26T22:53:09.072385+08:00 0 [Note] Shutting down plugin 'binlog'
2022-01-26T22:53:09.077799+08:00 0 [Note] mysqld: Shutdown complete

2022-01-26T23:00:43.482709+08:00 0 [Warning] TIMESTAMP with implicit DEFAULT value is deprecated. Please use --explicit_defaults_for_timestamp server option (see documentation for more details).
2022-01-26T23:00:43.483000+08:00 0 [Warning] 'NO_ZERO_DATE', 'NO_ZERO_IN_DATE' and 'ERROR_FOR_DIVISION_BY_ZERO' sql modes should be used with strict mode. They will be merged with strict mode in a future release.
2022-01-26T23:00:43.483016+08:00 0 [Warning] 'NO_AUTO_CREATE_USER' sql mode was not set.
2022-01-26T23:00:43.491607+08:00 0 [Note] mysqld (mysqld 5.7.36-log) starting as process 1 ...
2022-01-26T23:00:43.499515+08:00 0 [Warning] Setting lower_case_table_names=2 because file system for /var/lib/mysql/ is case insensitive
2022-01-26T23:00:43.512402+08:00 0 [Note] InnoDB: PUNCH HOLE support available
2022-01-26T23:00:43.513284+08:00 0 [Note] InnoDB: Mutexes and rw_locks use GCC atomic builtins
2022-01-26T23:00:43.513984+08:00 0 [Note] InnoDB: Uses event mutexes
2022-01-26T23:00:43.514693+08:00 0 [Note] InnoDB: GCC builtin __atomic_thread_fence() is used for memory barrier
2022-01-26T23:00:43.515419+08:00 0 [Note] InnoDB: Compressed tables use zlib 1.2.11
2022-01-26T23:00:43.516405+08:00 0 [Note] InnoDB: Using Linux native AIO
2022-01-26T23:00:43.518107+08:00 0 [Note] InnoDB: Number of pools: 1
2022-01-26T23:00:43.519592+08:00 0 [Note] InnoDB: Using CPU crc32 instructions
2022-01-26T23:00:43.526552+08:00 0 [Note] InnoDB: Initializing buffer pool, total size = 128M, instances = 1, chunk size = 128M
2022-01-26T23:00:43.551575+08:00 0 [Note] InnoDB: Completed initialization of buffer pool
2022-01-26T23:00:43.563470+08:00 0 [Note] InnoDB: If the mysqld execution user is authorized, page cleaner thread priority can be changed. See the man page of setpriority().
2022-01-26T23:00:43.632671+08:00 0 [Note] InnoDB: Highest supported file format is Barracuda.
2022-01-26T23:00:43.804100+08:00 0 [Note] InnoDB: Creating shared tablespace for temporary tables
2022-01-26T23:00:43.807948+08:00 0 [Note] InnoDB: Setting file './ibtmp1' size to 12 MB. Physically writing the file full; Please wait ...
2022-01-26T23:00:43.887852+08:00 0 [Note] InnoDB: File './ibtmp1' size is now 12 MB.
2022-01-26T23:00:43.893687+08:00 0 [Note] InnoDB: 96 redo rollback segment(s) found. 96 redo rollback segment(s) are active.
2022-01-26T23:00:43.894691+08:00 0 [Note] InnoDB: 32 non-redo rollback segment(s) are active.
2022-01-26T23:00:43.896181+08:00 0 [Note] InnoDB: Waiting for purge to start
2022-01-26T23:00:43.947524+08:00 0 [Note] InnoDB: 5.7.36 started; log sequence number 12661119
2022-01-26T23:00:43.949889+08:00 0 [Note] InnoDB: Loading buffer pool(s) from /var/lib/mysql/ib_buffer_pool
2022-01-26T23:00:43.950287+08:00 0 [Note] Plugin 'FEDERATED' is disabled.
mysqld: File '/var/lib/mysql/slow-query-log/slow.log' not found (Errcode: 2 - No such file or directory)
2022-01-26T23:00:43.990338+08:00 0 [ERROR] Could not use /var/lib/mysql/slow-query-log/slow.log for logging (error 2 - No such file or directory). Turning logging off for the server process. To turn it on again: fix the cause, then either restart the query logging by using "SET GLOBAL SLOW_QUERY_LOG=ON" or restart the MySQL server.
2022-01-26T23:00:44.083879+08:00 0 [Note] Found ca.pem, server-cert.pem and server-key.pem in data directory. Trying to enable SSL support using them.
2022-01-26T23:00:44.084906+08:00 0 [Note] Skipping generation of SSL certificates as certificate files are present in data directory.
2022-01-26T23:00:44.085497+08:00 0 [Warning] A deprecated TLS version TLSv1 is enabled. Please use TLSv1.2 or higher.
2022-01-26T23:00:44.086352+08:00 0 [Warning] A deprecated TLS version TLSv1.1 is enabled. Please use TLSv1.2 or higher.
2022-01-26T23:00:44.091823+08:00 0 [Note] InnoDB: Buffer pool(s) load completed at 220126 23:00:44
2022-01-26T23:00:44.095706+08:00 0 [Warning] CA certificate ca.pem is self signed.
2022-01-26T23:00:44.096289+08:00 0 [Note] Skipping generation of RSA key pair as key files are present in data directory.
2022-01-26T23:00:44.102617+08:00 0 [Note] Server hostname (bind-address): '*'; port: 3306
2022-01-26T23:00:44.103523+08:00 0 [Note] IPv6 is available.
2022-01-26T23:00:44.104151+08:00 0 [Note]   - '::' resolves to '::';
2022-01-26T23:00:44.104616+08:00 0 [Note] Server socket created on IP: '::'.
2022-01-26T23:00:44.107476+08:00 0 [Warning] Insecure configuration for --pid-file: Location '/var/run/mysqld' in the path is accessible to all OS users. Consider choosing a different directory.
2022-01-26T23:00:44.205666+08:00 0 [Note] Failed to start slave threads for channel ''
2022-01-26T23:00:44.472624+08:00 0 [Note] Event Scheduler: Loaded 0 events
2022-01-26T23:00:44.473984+08:00 0 [Note] mysqld: ready for connections.
Version: '5.7.36-log'  socket: '/var/run/mysqld/mysqld.sock'  port: 3306  MySQL Community Server (GPL)
2022-01-26T23:00:51.361152+08:00 0 [Note] Giving 0 client threads a chance to die gracefully
2022-01-26T23:00:51.363140+08:00 0 [Note] Shutting down slave threads
2022-01-26T23:00:51.364224+08:00 0 [Note] Forcefully disconnecting 0 remaining clients
2022-01-26T23:00:51.365516+08:00 0 [Note] Event Scheduler: Purging the queue. 0 events
2022-01-26T23:00:51.367375+08:00 0 [Note] Binlog end
2022-01-26T23:00:51.372577+08:00 0 [Note] Shutting down plugin 'ngram'
2022-01-26T23:00:51.379592+08:00 0 [Note] Shutting down plugin 'partition'
2022-01-26T23:00:51.381164+08:00 0 [Note] Shutting down plugin 'BLACKHOLE'
2022-01-26T23:00:51.382878+08:00 0 [Note] Shutting down plugin 'ARCHIVE'
2022-01-26T23:00:51.383567+08:00 0 [Note] Shutting down plugin 'PERFORMANCE_SCHEMA'
2022-01-26T23:00:51.384567+08:00 0 [Note] Shutting down plugin 'MRG_MYISAM'
2022-01-26T23:00:51.385647+08:00 0 [Note] Shutting down plugin 'MyISAM'
2022-01-26T23:00:51.386546+08:00 0 [Note] Shutting down plugin 'INNODB_SYS_VIRTUAL'
2022-01-26T23:00:51.387327+08:00 0 [Note] Shutting down plugin 'INNODB_SYS_DATAFILES'
2022-01-26T23:00:51.387972+08:00 0 [Note] Shutting down plugin 'INNODB_SYS_TABLESPACES'
2022-01-26T23:00:51.388605+08:00 0 [Note] Shutting down plugin 'INNODB_SYS_FOREIGN_COLS'
2022-01-26T23:00:51.389636+08:00 0 [Note] Shutting down plugin 'INNODB_SYS_FOREIGN'
2022-01-26T23:00:51.392558+08:00 0 [Note] Shutting down plugin 'INNODB_SYS_FIELDS'
2022-01-26T23:00:51.393394+08:00 0 [Note] Shutting down plugin 'INNODB_SYS_COLUMNS'
2022-01-26T23:00:51.394076+08:00 0 [Note] Shutting down plugin 'INNODB_SYS_INDEXES'
2022-01-26T23:00:51.394861+08:00 0 [Note] Shutting down plugin 'INNODB_SYS_TABLESTATS'
2022-01-26T23:00:51.396242+08:00 0 [Note] Shutting down plugin 'INNODB_SYS_TABLES'
2022-01-26T23:00:51.397028+08:00 0 [Note] Shutting down plugin 'INNODB_FT_INDEX_TABLE'
2022-01-26T23:00:51.397539+08:00 0 [Note] Shutting down plugin 'INNODB_FT_INDEX_CACHE'
2022-01-26T23:00:51.398160+08:00 0 [Note] Shutting down plugin 'INNODB_FT_CONFIG'
2022-01-26T23:00:51.399441+08:00 0 [Note] Shutting down plugin 'INNODB_FT_BEING_DELETED'
2022-01-26T23:00:51.400062+08:00 0 [Note] Shutting down plugin 'INNODB_FT_DELETED'
2022-01-26T23:00:51.400723+08:00 0 [Note] Shutting down plugin 'INNODB_FT_DEFAULT_STOPWORD'
2022-01-26T23:00:51.401408+08:00 0 [Note] Shutting down plugin 'INNODB_METRICS'
2022-01-26T23:00:51.402021+08:00 0 [Note] Shutting down plugin 'INNODB_TEMP_TABLE_INFO'
2022-01-26T23:00:51.402695+08:00 0 [Note] Shutting down plugin 'INNODB_BUFFER_POOL_STATS'
2022-01-26T23:00:51.403277+08:00 0 [Note] Shutting down plugin 'INNODB_BUFFER_PAGE_LRU'
2022-01-26T23:00:51.404063+08:00 0 [Note] Shutting down plugin 'INNODB_BUFFER_PAGE'
2022-01-26T23:00:51.405020+08:00 0 [Note] Shutting down plugin 'INNODB_CMP_PER_INDEX_RESET'
2022-01-26T23:00:51.405962+08:00 0 [Note] Shutting down plugin 'INNODB_CMP_PER_INDEX'
2022-01-26T23:00:51.406564+08:00 0 [Note] Shutting down plugin 'INNODB_CMPMEM_RESET'
2022-01-26T23:00:51.407445+08:00 0 [Note] Shutting down plugin 'INNODB_CMPMEM'
2022-01-26T23:00:51.408093+08:00 0 [Note] Shutting down plugin 'INNODB_CMP_RESET'
2022-01-26T23:00:51.408957+08:00 0 [Note] Shutting down plugin 'INNODB_CMP'
2022-01-26T23:00:51.409660+08:00 0 [Note] Shutting down plugin 'INNODB_LOCK_WAITS'
2022-01-26T23:00:51.410951+08:00 0 [Note] Shutting down plugin 'INNODB_LOCKS'
2022-01-26T23:00:51.411677+08:00 0 [Note] Shutting down plugin 'INNODB_TRX'
2022-01-26T23:00:51.412452+08:00 0 [Note] Shutting down plugin 'InnoDB'
2022-01-26T23:00:51.413721+08:00 0 [Note] InnoDB: FTS optimize thread exiting.
2022-01-26T23:00:51.414532+08:00 0 [Note] InnoDB: Starting shutdown...
2022-01-26T23:00:51.519212+08:00 0 [Note] InnoDB: Dumping buffer pool(s) to /var/lib/mysql/ib_buffer_pool
2022-01-26T23:00:51.529683+08:00 0 [Note] InnoDB: Buffer pool(s) dump completed at 220126 23:00:51
2022-01-26T23:00:52.845675+08:00 0 [Note] InnoDB: Shutdown completed; log sequence number 12661147
2022-01-26T23:00:52.850158+08:00 0 [Note] InnoDB: Removed temporary tablespace data file: "ibtmp1"
2022-01-26T23:00:52.851038+08:00 0 [Note] Shutting down plugin 'MEMORY'
2022-01-26T23:00:52.851756+08:00 0 [Note] Shutting down plugin 'CSV'
2022-01-26T23:00:52.852528+08:00 0 [Note] Shutting down plugin 'sha256_password'
2022-01-26T23:00:52.853352+08:00 0 [Note] Shutting down plugin 'mysql_native_password'
2022-01-26T23:00:52.854220+08:00 0 [Note] Shutting down plugin 'binlog'
2022-01-26T23:00:52.858876+08:00 0 [Note] mysqld: Shutdown complete

2022-01-27T15:14:05.653827+08:00 0 [Warning] TIMESTAMP with implicit DEFAULT value is deprecated. Please use --explicit_defaults_for_timestamp server option (see documentation for more details).
2022-01-27T15:14:05.653910+08:00 0 [Warning] 'NO_ZERO_DATE', 'NO_ZERO_IN_DATE' and 'ERROR_FOR_DIVISION_BY_ZERO' sql modes should be used with strict mode. They will be merged with strict mode in a future release.
2022-01-27T15:14:05.653925+08:00 0 [Warning] 'NO_AUTO_CREATE_USER' sql mode was not set.
2022-01-27T15:14:05.664193+08:00 0 [Note] mysqld (mysqld 5.7.36-log) starting as process 1 ...
2022-01-27T15:14:05.673920+08:00 0 [Warning] Setting lower_case_table_names=2 because file system for /var/lib/mysql/ is case insensitive
2022-01-27T15:14:05.684911+08:00 0 [Note] InnoDB: PUNCH HOLE support available
2022-01-27T15:14:05.685721+08:00 0 [Note] InnoDB: Mutexes and rw_locks use GCC atomic builtins
2022-01-27T15:14:05.686301+08:00 0 [Note] InnoDB: Uses event mutexes
2022-01-27T15:14:05.687061+08:00 0 [Note] InnoDB: GCC builtin __atomic_thread_fence() is used for memory barrier
2022-01-27T15:14:05.687734+08:00 0 [Note] InnoDB: Compressed tables use zlib 1.2.11
2022-01-27T15:14:05.688313+08:00 0 [Note] InnoDB: Using Linux native AIO
2022-01-27T15:14:05.690062+08:00 0 [Note] InnoDB: Number of pools: 1
2022-01-27T15:14:05.692566+08:00 0 [Note] InnoDB: Using CPU crc32 instructions
2022-01-27T15:14:05.695145+08:00 0 [Note] InnoDB: Initializing buffer pool, total size = 128M, instances = 1, chunk size = 128M
2022-01-27T15:14:05.707727+08:00 0 [Note] InnoDB: Completed initialization of buffer pool
2022-01-27T15:14:05.714617+08:00 0 [Note] InnoDB: If the mysqld execution user is authorized, page cleaner thread priority can be changed. See the man page of setpriority().
2022-01-27T15:14:05.760128+08:00 0 [Note] InnoDB: Highest supported file format is Barracuda.
2022-01-27T15:14:05.894733+08:00 0 [Note] InnoDB: Creating shared tablespace for temporary tables
2022-01-27T15:14:05.899650+08:00 0 [Note] InnoDB: Setting file './ibtmp1' size to 12 MB. Physically writing the file full; Please wait ...
2022-01-27T15:14:05.987619+08:00 0 [Note] InnoDB: File './ibtmp1' size is now 12 MB.
2022-01-27T15:14:05.995903+08:00 0 [Note] InnoDB: 96 redo rollback segment(s) found. 96 redo rollback segment(s) are active.
2022-01-27T15:14:05.996861+08:00 0 [Note] InnoDB: 32 non-redo rollback segment(s) are active.
2022-01-27T15:14:05.998152+08:00 0 [Note] InnoDB: Waiting for purge to start
2022-01-27T15:14:06.049479+08:00 0 [Note] InnoDB: 5.7.36 started; log sequence number 12661147
2022-01-27T15:14:06.052101+08:00 0 [Note] Plugin 'FEDERATED' is disabled.
2022-01-27T15:14:06.052322+08:00 0 [Note] InnoDB: Loading buffer pool(s) from /var/lib/mysql/ib_buffer_pool
mysqld: File '/var/lib/mysql/slow-query-log/slow.log' not found (Errcode: 2 - No such file or directory)
2022-01-27T15:14:06.083183+08:00 0 [ERROR] Could not use /var/lib/mysql/slow-query-log/slow.log for logging (error 2 - No such file or directory). Turning logging off for the server process. To turn it on again: fix the cause, then either restart the query logging by using "SET GLOBAL SLOW_QUERY_LOG=ON" or restart the MySQL server.
2022-01-27T15:14:06.197206+08:00 0 [Note] InnoDB: Buffer pool(s) load completed at 220127 15:14:06
2022-01-27T15:14:06.203933+08:00 0 [Note] Found ca.pem, server-cert.pem and server-key.pem in data directory. Trying to enable SSL support using them.
2022-01-27T15:14:06.204815+08:00 0 [Note] Skipping generation of SSL certificates as certificate files are present in data directory.
2022-01-27T15:14:06.205848+08:00 0 [Warning] A deprecated TLS version TLSv1 is enabled. Please use TLSv1.2 or higher.
2022-01-27T15:14:06.206645+08:00 0 [Warning] A deprecated TLS version TLSv1.1 is enabled. Please use TLSv1.2 or higher.
2022-01-27T15:14:06.216669+08:00 0 [Warning] CA certificate ca.pem is self signed.
2022-01-27T15:14:06.217753+08:00 0 [Note] Skipping generation of RSA key pair as key files are present in data directory.
2022-01-27T15:14:06.224712+08:00 0 [Note] Server hostname (bind-address): '*'; port: 3306
2022-01-27T15:14:06.225530+08:00 0 [Note] IPv6 is available.
2022-01-27T15:14:06.226227+08:00 0 [Note]   - '::' resolves to '::';
2022-01-27T15:14:06.226880+08:00 0 [Note] Server socket created on IP: '::'.
2022-01-27T15:14:06.229381+08:00 0 [Warning] Insecure configuration for --pid-file: Location '/var/run/mysqld' in the path is accessible to all OS users. Consider choosing a different directory.
2022-01-27T15:14:06.350143+08:00 0 [Note] Failed to start slave threads for channel ''
2022-01-27T15:14:06.665474+08:00 0 [Note] Event Scheduler: Loaded 0 events
2022-01-27T15:14:06.666746+08:00 0 [Note] mysqld: ready for connections.
Version: '5.7.36-log'  socket: '/var/run/mysqld/mysqld.sock'  port: 3306  MySQL Community Server (GPL)
2022-01-27T15:42:53.678697+08:00 11 [Note] Aborted connection 11 to db: 'unconnected' user: 'xulei' host: '172.19.0.9' (Got an error reading communication packets)
2022-01-27T15:42:53.680103+08:00 2 [Note] Aborted connection 2 to db: 'unconnected' user: 'xulei' host: '172.19.0.9' (Got an error reading communication packets)
2022-01-27T15:45:19.005645+08:00 13 [Note] Aborted connection 13 to db: 'unconnected' user: 'root' host: '172.19.0.9' (Got an error reading communication packets)
2022-01-27T15:45:19.006477+08:00 12 [Note] Aborted connection 12 to db: 'unconnected' user: 'root' host: '172.19.0.9' (Got an error reading communication packets)
2022-01-27T15:47:44.653337+08:00 18 [Note] Aborted connection 18 to db: 'unconnected' user: 'root' host: '172.19.0.9' (Got an error reading communication packets)
2022-01-27T15:47:44.654922+08:00 17 [Note] Aborted connection 17 to db: 'unconnected' user: 'root' host: '172.19.0.9' (Got an error reading communication packets)
2022-01-27T17:11:03.001681+08:00 9 [Note] Aborted connection 9 to db: 'test' user: 'xulei' host: '172.19.0.1' (Got an error reading communication packets)
2022-01-27T17:11:03.001767+08:00 6 [Note] Aborted connection 6 to db: 'unconnected' user: 'xulei' host: '172.19.0.1' (Got an error reading communication packets)
2022-01-27T17:11:03.001681+08:00 16 [Note] Aborted connection 16 to db: 'unconnected' user: 'root' host: '172.19.0.1' (Got an error reading communication packets)
2022-01-27T17:11:03.001780+08:00 15 [Note] Aborted connection 15 to db: 'test' user: 'root' host: '172.19.0.1' (Got an error reading communication packets)
2022-01-27T17:11:03.001844+08:00 10 [Note] Aborted connection 10 to db: 'unconnected' user: 'xulei' host: '172.19.0.1' (Got an error reading communication packets)
2022-01-27T17:11:03.001887+08:00 5 [Note] Aborted connection 5 to db: 'test' user: 'xulei' host: '172.19.0.1' (Got an error reading communication packets)
2022-01-27T23:29:24.362791+08:00 114 [Note] Aborted connection 114 to db: 'unconnected' user: 'root' host: '172.19.0.9' (Got an error reading communication packets)
2022-01-27T23:29:24.362791+08:00 19 [Note] Aborted connection 19 to db: 'unconnected' user: 'root' host: '172.19.0.9' (Got an error reading communication packets)
2022-01-27T23:29:41.527559+08:00 84 [Note] Aborted connection 84 to db: 'dtm' user: 'root' host: '172.19.0.1' (Got an error reading communication packets)
2022-01-27T23:29:41.527559+08:00 85 [Note] Aborted connection 85 to db: 'unconnected' user: 'root' host: '172.19.0.1' (Got an error reading communication packets)
2022-01-27T23:30:05.219644+08:00 0 [Note] Giving 0 client threads a chance to die gracefully
2022-01-27T23:30:05.221094+08:00 0 [Note] Shutting down slave threads
2022-01-27T23:30:05.221898+08:00 0 [Note] Forcefully disconnecting 0 remaining clients
2022-01-27T23:30:05.222572+08:00 0 [Note] Event Scheduler: Purging the queue. 0 events
2022-01-27T23:30:05.223391+08:00 0 [Note] Binlog end
2022-01-27T23:30:05.228001+08:00 0 [Note] Shutting down plugin 'ngram'
2022-01-27T23:30:05.230560+08:00 0 [Note] Shutting down plugin 'partition'
2022-01-27T23:30:05.232839+08:00 0 [Note] Shutting down plugin 'BLACKHOLE'
2022-01-27T23:30:05.233662+08:00 0 [Note] Shutting down plugin 'ARCHIVE'
2022-01-27T23:30:05.234437+08:00 0 [Note] Shutting down plugin 'PERFORMANCE_SCHEMA'
2022-01-27T23:30:05.235342+08:00 0 [Note] Shutting down plugin 'MRG_MYISAM'
2022-01-27T23:30:05.236038+08:00 0 [Note] Shutting down plugin 'MyISAM'
2022-01-27T23:30:05.236890+08:00 0 [Note] Shutting down plugin 'INNODB_SYS_VIRTUAL'
2022-01-27T23:30:05.237570+08:00 0 [Note] Shutting down plugin 'INNODB_SYS_DATAFILES'
2022-01-27T23:30:05.238360+08:00 0 [Note] Shutting down plugin 'INNODB_SYS_TABLESPACES'
2022-01-27T23:30:05.239121+08:00 0 [Note] Shutting down plugin 'INNODB_SYS_FOREIGN_COLS'
2022-01-27T23:30:05.239751+08:00 0 [Note] Shutting down plugin 'INNODB_SYS_FOREIGN'
2022-01-27T23:30:05.240618+08:00 0 [Note] Shutting down plugin 'INNODB_SYS_FIELDS'
2022-01-27T23:30:05.241498+08:00 0 [Note] Shutting down plugin 'INNODB_SYS_COLUMNS'
2022-01-27T23:30:05.242160+08:00 0 [Note] Shutting down plugin 'INNODB_SYS_INDEXES'
2022-01-27T23:30:05.243144+08:00 0 [Note] Shutting down plugin 'INNODB_SYS_TABLESTATS'
2022-01-27T23:30:05.243956+08:00 0 [Note] Shutting down plugin 'INNODB_SYS_TABLES'
2022-01-27T23:30:05.244639+08:00 0 [Note] Shutting down plugin 'INNODB_FT_INDEX_TABLE'
2022-01-27T23:30:05.245315+08:00 0 [Note] Shutting down plugin 'INNODB_FT_INDEX_CACHE'
2022-01-27T23:30:05.245925+08:00 0 [Note] Shutting down plugin 'INNODB_FT_CONFIG'
2022-01-27T23:30:05.246807+08:00 0 [Note] Shutting down plugin 'INNODB_FT_BEING_DELETED'
2022-01-27T23:30:05.247706+08:00 0 [Note] Shutting down plugin 'INNODB_FT_DELETED'
2022-01-27T23:30:05.248694+08:00 0 [Note] Shutting down plugin 'INNODB_FT_DEFAULT_STOPWORD'
2022-01-27T23:30:05.249573+08:00 0 [Note] Shutting down plugin 'INNODB_METRICS'
2022-01-27T23:30:05.250178+08:00 0 [Note] Shutting down plugin 'INNODB_TEMP_TABLE_INFO'
2022-01-27T23:30:05.250905+08:00 0 [Note] Shutting down plugin 'INNODB_BUFFER_POOL_STATS'
2022-01-27T23:30:05.251528+08:00 0 [Note] Shutting down plugin 'INNODB_BUFFER_PAGE_LRU'
2022-01-27T23:30:05.252259+08:00 0 [Note] Shutting down plugin 'INNODB_BUFFER_PAGE'
2022-01-27T23:30:05.252842+08:00 0 [Note] Shutting down plugin 'INNODB_CMP_PER_INDEX_RESET'
2022-01-27T23:30:05.253532+08:00 0 [Note] Shutting down plugin 'INNODB_CMP_PER_INDEX'
2022-01-27T23:30:05.254497+08:00 0 [Note] Shutting down plugin 'INNODB_CMPMEM_RESET'
2022-01-27T23:30:05.255081+08:00 0 [Note] Shutting down plugin 'INNODB_CMPMEM'
2022-01-27T23:30:05.255843+08:00 0 [Note] Shutting down plugin 'INNODB_CMP_RESET'
2022-01-27T23:30:05.256840+08:00 0 [Note] Shutting down plugin 'INNODB_CMP'
2022-01-27T23:30:05.257483+08:00 0 [Note] Shutting down plugin 'INNODB_LOCK_WAITS'
2022-01-27T23:30:05.257923+08:00 0 [Note] Shutting down plugin 'INNODB_LOCKS'
2022-01-27T23:30:05.258437+08:00 0 [Note] Shutting down plugin 'INNODB_TRX'
2022-01-27T23:30:05.258989+08:00 0 [Note] Shutting down plugin 'InnoDB'
2022-01-27T23:30:05.261047+08:00 0 [Note] InnoDB: FTS optimize thread exiting.
2022-01-27T23:30:05.262794+08:00 0 [Note] InnoDB: Starting shutdown...
2022-01-27T23:30:05.369194+08:00 0 [Note] InnoDB: Dumping buffer pool(s) to /var/lib/mysql/ib_buffer_pool
2022-01-27T23:30:05.380199+08:00 0 [Note] InnoDB: Buffer pool(s) dump completed at 220127 23:30:05
2022-01-27T23:30:07.022872+08:00 0 [Note] InnoDB: Shutdown completed; log sequence number 41514206
2022-01-27T23:30:07.028483+08:00 0 [Note] InnoDB: Removed temporary tablespace data file: "ibtmp1"
2022-01-27T23:30:07.029537+08:00 0 [Note] Shutting down plugin 'MEMORY'
2022-01-27T23:30:07.030611+08:00 0 [Note] Shutting down plugin 'CSV'
2022-01-27T23:30:07.031552+08:00 0 [Note] Shutting down plugin 'sha256_password'
2022-01-27T23:30:07.032350+08:00 0 [Note] Shutting down plugin 'mysql_native_password'
2022-01-27T23:30:07.033677+08:00 0 [Note] Shutting down plugin 'binlog'
2022-01-27T23:30:07.041773+08:00 0 [Note] mysqld: Shutdown complete

