2022-01-18 00:21:35.148 [main] INFO  com.alibaba.otter.canal.admin.CanalAdminApplication - Starting CanalAdminApplication on canal-admin with PID 308 (/home/admin/canal-admin/lib/canal.admin-web-1.1.5.jar started by admin in /home/admin/canal-admin/bin)
2022-01-18 00:21:35.323 [main] INFO  com.alibaba.otter.canal.admin.CanalAdminApplication - No active profile set, falling back to default profiles: default
2022-01-18 00:21:35.655 [main] INFO  o.s.b.w.s.c.AnnotationConfigServletWebServerApplicationContext - Refreshing org.springframework.boot.web.servlet.context.AnnotationConfigServletWebServerApplicationContext@9d5509a: startup date [Tue Jan 18 00:21:35 CST 2022]; root of context hierarchy
2022-01-18 00:21:43.316 [main] INFO  o.s.boot.web.embedded.tomcat.TomcatWebServer - Tomcat initialized with port(s): 8089 (http)
2022-01-18 00:21:43.442 [main] INFO  org.apache.coyote.http11.Http11NioProtocol - Initializing ProtocolHandler ["http-nio-8089"]
2022-01-18 00:21:43.672 [main] INFO  org.apache.catalina.core.StandardService - Starting service [Tomcat]
2022-01-18 00:21:43.684 [main] INFO  org.apache.catalina.core.StandardEngine - Starting Servlet Engine: Apache Tomcat/8.5.29
2022-01-18 00:21:43.817 [localhost-startStop-1] INFO  org.apache.catalina.core.AprLifecycleListener - The APR based Apache Tomcat Native library which allows optimal performance in production environments was not found on the java.library.path: [/usr/java/packages/lib/amd64:/usr/lib64:/lib64:/lib:/usr/lib]
2022-01-18 00:21:44.490 [localhost-startStop-1] INFO  o.a.catalina.core.ContainerBase.[Tomcat].[localhost].[/] - Initializing Spring embedded WebApplicationContext
2022-01-18 00:21:44.492 [localhost-startStop-1] INFO  org.springframework.web.context.ContextLoader - Root WebApplicationContext: initialization completed in 8839 ms
2022-01-18 00:21:44.744 [localhost-startStop-1] INFO  o.s.boot.web.servlet.ServletRegistrationBean - Servlet dispatcherServlet mapped to [/]
2022-01-18 00:21:44.778 [localhost-startStop-1] INFO  o.s.boot.web.servlet.FilterRegistrationBean - Mapping filter: 'characterEncodingFilter' to: [/*]
2022-01-18 00:21:44.782 [localhost-startStop-1] INFO  o.s.boot.web.servlet.FilterRegistrationBean - Mapping filter: 'hiddenHttpMethodFilter' to: [/*]
2022-01-18 00:21:44.785 [localhost-startStop-1] INFO  o.s.boot.web.servlet.FilterRegistrationBean - Mapping filter: 'httpPutFormContentFilter' to: [/*]
2022-01-18 00:21:44.787 [localhost-startStop-1] INFO  o.s.boot.web.servlet.FilterRegistrationBean - Mapping filter: 'requestContextFilter' to: [/*]
2022-01-18 00:21:45.890 [main] INFO  io.ebean.EbeanVersion - ebean version: 11.41.1
2022-01-18 00:21:45.933 [main] INFO  io.ebean.config.properties.LoadContext - loaded properties from [application.yml]
2022-01-18 00:21:46.100 [main] INFO  com.zaxxer.hikari.HikariDataSource - HikariPool-1 - Starting...
2022-01-18 00:21:46.737 [main] INFO  com.zaxxer.hikari.HikariDataSource - HikariPool-1 - Start completed.
2022-01-18 00:21:46.755 [main] WARN  io.ebean.internal.DefaultContainer - DataSource [ebeanServer] has autoCommit defaulting to true!
2022-01-18 00:21:46.805 [main] INFO  io.ebean.internal.DefaultContainer - DatabasePlatform name:ebeanServer platform:mysql
2022-01-18 00:21:47.673 [main] INFO  o.s.web.servlet.handler.SimpleUrlHandlerMapping - Mapped URL path [/**/favicon.ico] onto handler of type [class org.springframework.web.servlet.resource.ResourceHttpRequestHandler]
2022-01-18 00:21:48.250 [main] INFO  o.s.w.s.m.method.annotation.RequestMappingHandlerAdapter - Looking for @ControllerAdvice: org.springframework.boot.web.servlet.context.AnnotationConfigServletWebServerApplicationContext@9d5509a: startup date [Tue Jan 18 00:21:35 CST 2022]; root of context hierarchy
2022-01-18 00:21:48.475 [main] INFO  o.s.w.s.m.method.annotation.RequestMappingHandlerMapping - Mapped "{[/api/{env}/canal/config/template],methods=[GET]}" onto public com.alibaba.otter.canal.admin.model.BaseModel<java.lang.String> com.alibaba.otter.canal.admin.controller.CanalConfigController.template(java.lang.String)
2022-01-18 00:21:48.498 [main] INFO  o.s.w.s.m.method.annotation.RequestMappingHandlerMapping - Mapped "{[/api/{env}/canal/config],methods=[PUT]}" onto public com.alibaba.otter.canal.admin.model.BaseModel<java.lang.String> com.alibaba.otter.canal.admin.controller.CanalConfigController.updateConfig(com.alibaba.otter.canal.admin.model.CanalConfig,java.lang.String)
2022-01-18 00:21:48.503 [main] INFO  o.s.w.s.m.method.annotation.RequestMappingHandlerMapping - Mapped "{[/api/{env}/canal/config/{clusterId}/{serverId}],methods=[GET]}" onto public com.alibaba.otter.canal.admin.model.BaseModel<com.alibaba.otter.canal.admin.model.CanalConfig> com.alibaba.otter.canal.admin.controller.CanalConfigController.canalConfig(java.lang.Long,java.lang.Long,java.lang.String)
2022-01-18 00:21:48.513 [main] INFO  o.s.w.s.m.method.annotation.RequestMappingHandlerMapping - Mapped "{[/api/{env}/config/server_polling],methods=[GET]}" onto public com.alibaba.otter.canal.admin.model.BaseModel<com.alibaba.otter.canal.admin.model.CanalConfig> com.alibaba.otter.canal.admin.controller.PollingConfigController.canalConfigPoll(java.lang.String,java.lang.String,java.lang.String,java.lang.Integer,java.lang.String,boolean,java.lang.String,java.lang.String,java.lang.String)
2022-01-18 00:21:48.519 [main] INFO  o.s.w.s.m.method.annotation.RequestMappingHandlerMapping - Mapped "{[/api/{env}/config/instance_polling/{destination}],methods=[GET]}" onto public com.alibaba.otter.canal.admin.model.BaseModel<com.alibaba.otter.canal.admin.model.CanalInstanceConfig> com.alibaba.otter.canal.admin.controller.PollingConfigController.instanceConfigPoll(java.lang.String,java.lang.String,java.lang.String,java.lang.String,java.lang.String)
2022-01-18 00:21:48.524 [main] INFO  o.s.w.s.m.method.annotation.RequestMappingHandlerMapping - Mapped "{[/api/{env}/config/instances_polling],methods=[GET]}" onto public com.alibaba.otter.canal.admin.model.BaseModel<com.alibaba.otter.canal.admin.model.CanalInstanceConfig> com.alibaba.otter.canal.admin.controller.PollingConfigController.instancesPoll(java.lang.String,java.lang.String,java.lang.String,java.lang.Integer,java.lang.String,java.lang.String)
2022-01-18 00:21:48.537 [main] INFO  o.s.w.s.m.method.annotation.RequestMappingHandlerMapping - Mapped "{[/api/{env}/user],methods=[PUT]}" onto public com.alibaba.otter.canal.admin.model.BaseModel<java.lang.String> com.alibaba.otter.canal.admin.controller.UserController.update(com.alibaba.otter.canal.admin.model.User,java.lang.String,javax.servlet.http.HttpServletRequest)
2022-01-18 00:21:48.540 [main] INFO  o.s.w.s.m.method.annotation.RequestMappingHandlerMapping - Mapped "{[/api/{env}/user/info],methods=[GET]}" onto public com.alibaba.otter.canal.admin.model.BaseModel<com.alibaba.otter.canal.admin.model.User> com.alibaba.otter.canal.admin.controller.UserController.info(java.lang.String,java.lang.String)
2022-01-18 00:21:48.544 [main] INFO  o.s.w.s.m.method.annotation.RequestMappingHandlerMapping - Mapped "{[/api/{env}/user/login],methods=[POST]}" onto public com.alibaba.otter.canal.admin.model.BaseModel<java.util.Map<java.lang.String, java.lang.String>> com.alibaba.otter.canal.admin.controller.UserController.login(com.alibaba.otter.canal.admin.model.User,java.lang.String)
2022-01-18 00:21:48.548 [main] INFO  o.s.w.s.m.method.annotation.RequestMappingHandlerMapping - Mapped "{[/api/{env}/user/logout],methods=[POST]}" onto public com.alibaba.otter.canal.admin.model.BaseModel<java.lang.String> com.alibaba.otter.canal.admin.controller.UserController.logout(java.lang.String)
2022-01-18 00:21:48.566 [main] INFO  o.s.w.s.m.method.annotation.RequestMappingHandlerMapping - Mapped "{[/api/{env}/canal/cluster],methods=[PUT]}" onto public com.alibaba.otter.canal.admin.model.BaseModel<java.lang.String> com.alibaba.otter.canal.admin.controller.CanalClusterController.update(com.alibaba.otter.canal.admin.model.CanalCluster,java.lang.String)
2022-01-18 00:21:48.568 [main] INFO  o.s.w.s.m.method.annotation.RequestMappingHandlerMapping - Mapped "{[/api/{env}/canal/cluster/{id}],methods=[DELETE]}" onto public com.alibaba.otter.canal.admin.model.BaseModel<java.lang.String> com.alibaba.otter.canal.admin.controller.CanalClusterController.delete(java.lang.Long,java.lang.String)
2022-01-18 00:21:48.574 [main] INFO  o.s.w.s.m.method.annotation.RequestMappingHandlerMapping - Mapped "{[/api/{env}/canal/cluster],methods=[POST]}" onto public com.alibaba.otter.canal.admin.model.BaseModel<java.lang.String> com.alibaba.otter.canal.admin.controller.CanalClusterController.save(com.alibaba.otter.canal.admin.model.CanalCluster,java.lang.String)
2022-01-18 00:21:48.582 [main] INFO  o.s.w.s.m.method.annotation.RequestMappingHandlerMapping - Mapped "{[/api/{env}/canal/clustersAndServers],methods=[GET]}" onto public com.alibaba.otter.canal.admin.model.BaseModel<java.util.List<?>> com.alibaba.otter.canal.admin.controller.CanalClusterController.clustersAndServers(java.lang.String)
2022-01-18 00:21:48.584 [main] INFO  o.s.w.s.m.method.annotation.RequestMappingHandlerMapping - Mapped "{[/api/{env}/canal/clusters],methods=[GET]}" onto public com.alibaba.otter.canal.admin.model.BaseModel<java.util.List<com.alibaba.otter.canal.admin.model.CanalCluster>> com.alibaba.otter.canal.admin.controller.CanalClusterController.clusters(com.alibaba.otter.canal.admin.model.CanalCluster,java.lang.String)
2022-01-18 00:21:48.586 [main] INFO  o.s.w.s.m.method.annotation.RequestMappingHandlerMapping - Mapped "{[/api/{env}/canal/cluster/{id}],methods=[GET]}" onto public com.alibaba.otter.canal.admin.model.BaseModel<com.alibaba.otter.canal.admin.model.CanalCluster> com.alibaba.otter.canal.admin.controller.CanalClusterController.detail(java.lang.Long,java.lang.String)
2022-01-18 00:21:48.603 [main] INFO  o.s.w.s.m.method.annotation.RequestMappingHandlerMapping - Mapped "{[/api/{env}/canal/instance],methods=[GET]}" onto public com.alibaba.otter.canal.admin.model.BaseModel<com.alibaba.otter.canal.admin.model.CanalInstanceConfig> com.alibaba.otter.canal.admin.controller.CanalInstanceController.config(java.lang.Long,java.lang.String)
2022-01-18 00:21:48.606 [main] INFO  o.s.w.s.m.method.annotation.RequestMappingHandlerMapping - Mapped "{[/api/{env}/canal/instance/template],methods=[GET]}" onto public com.alibaba.otter.canal.admin.model.BaseModel<java.lang.String> com.alibaba.otter.canal.admin.controller.CanalInstanceController.template(java.lang.String)
2022-01-18 00:21:48.609 [main] INFO  o.s.w.s.m.method.annotation.RequestMappingHandlerMapping - Mapped "{[/api/{env}/canal/instance],methods=[PUT]}" onto public com.alibaba.otter.canal.admin.model.BaseModel<java.lang.String> com.alibaba.otter.canal.admin.controller.CanalInstanceController.update(com.alibaba.otter.canal.admin.model.CanalInstanceConfig,java.lang.String)
2022-01-18 00:21:48.611 [main] INFO  o.s.w.s.m.method.annotation.RequestMappingHandlerMapping - Mapped "{[/api/{env}/canal/instance/{id}],methods=[DELETE]}" onto public com.alibaba.otter.canal.admin.model.BaseModel<java.lang.String> com.alibaba.otter.canal.admin.controller.CanalInstanceController.delete(java.lang.Long,java.lang.String)
2022-01-18 00:21:48.613 [main] INFO  o.s.w.s.m.method.annotation.RequestMappingHandlerMapping - Mapped "{[/api/{env}/canal/instance/start/{id}/{nodeId}],methods=[PUT]}" onto public com.alibaba.otter.canal.admin.model.BaseModel<java.lang.Boolean> com.alibaba.otter.canal.admin.controller.CanalInstanceController.start(java.lang.Long,java.lang.Long,java.lang.String)
2022-01-18 00:21:48.617 [main] INFO  o.s.w.s.m.method.annotation.RequestMappingHandlerMapping - Mapped "{[/api/{env}/canal/instance/stop/{id}/{nodeId}],methods=[PUT]}" onto public com.alibaba.otter.canal.admin.model.BaseModel<java.lang.Boolean> com.alibaba.otter.canal.admin.controller.CanalInstanceController.stop(java.lang.Long,java.lang.Long,java.lang.String)
2022-01-18 00:21:48.621 [main] INFO  o.s.w.s.m.method.annotation.RequestMappingHandlerMapping - Mapped "{[/api/{env}/canal/instances],methods=[GET]}" onto public com.alibaba.otter.canal.admin.model.BaseModel<com.alibaba.otter.canal.admin.model.Pager<com.alibaba.otter.canal.admin.model.CanalInstanceConfig>> com.alibaba.otter.canal.admin.controller.CanalInstanceController.list(com.alibaba.otter.canal.admin.model.CanalInstanceConfig,com.alibaba.otter.canal.admin.model.Pager<com.alibaba.otter.canal.admin.model.CanalInstanceConfig>,java.lang.String)
2022-01-18 00:21:48.626 [main] INFO  o.s.w.s.m.method.annotation.RequestMappingHandlerMapping - Mapped "{[/api/{env}/canal/instance],methods=[POST]}" onto public com.alibaba.otter.canal.admin.model.BaseModel<java.lang.String> com.alibaba.otter.canal.admin.controller.CanalInstanceController.save(com.alibaba.otter.canal.admin.model.CanalInstanceConfig,java.lang.String)
2022-01-18 00:21:48.628 [main] INFO  o.s.w.s.m.method.annotation.RequestMappingHandlerMapping - Mapped "{[/api/{env}/canal/instance/status/{id}],methods=[PUT]}" onto public com.alibaba.otter.canal.admin.model.BaseModel<java.lang.Boolean> com.alibaba.otter.canal.admin.controller.CanalInstanceController.instanceStart(java.lang.Long,java.lang.String,java.lang.String)
2022-01-18 00:21:48.633 [main] INFO  o.s.w.s.m.method.annotation.RequestMappingHandlerMapping - Mapped "{[/api/{env}/canal/active/instances/{serverId}],methods=[GET]}" onto public com.alibaba.otter.canal.admin.model.BaseModel<java.util.List<com.alibaba.otter.canal.admin.model.CanalInstanceConfig>> com.alibaba.otter.canal.admin.controller.CanalInstanceController.activeInstances(java.lang.Long,java.lang.String)
2022-01-18 00:21:48.635 [main] INFO  o.s.w.s.m.method.annotation.RequestMappingHandlerMapping - Mapped "{[/api/{env}/canal/instance/log/{id}/{nodeId}],methods=[GET]}" onto public com.alibaba.otter.canal.admin.model.BaseModel<java.util.Map<java.lang.String, java.lang.String>> com.alibaba.otter.canal.admin.controller.CanalInstanceController.instanceLog(java.lang.Long,java.lang.Long,java.lang.String)
2022-01-18 00:21:48.637 [main] INFO  o.s.w.s.m.method.annotation.RequestMappingHandlerMapping - Mapped "{[/api/{env}/canal/instance/{id}],methods=[GET]}" onto public com.alibaba.otter.canal.admin.model.BaseModel<com.alibaba.otter.canal.admin.model.CanalInstanceConfig> com.alibaba.otter.canal.admin.controller.CanalInstanceController.detail(java.lang.Long,java.lang.String)
2022-01-18 00:21:48.660 [main] INFO  o.s.w.s.m.method.annotation.RequestMappingHandlerMapping - Mapped "{[/api/{env}/nodeServer/log/{id}],methods=[GET]}" onto public com.alibaba.otter.canal.admin.model.BaseModel<java.lang.String> com.alibaba.otter.canal.admin.controller.NodeServerController.log(java.lang.Long,java.lang.String)
2022-01-18 00:21:48.662 [main] INFO  o.s.w.s.m.method.annotation.RequestMappingHandlerMapping - Mapped "{[/api/{env}/nodeServer],methods=[PUT]}" onto public com.alibaba.otter.canal.admin.model.BaseModel<java.lang.String> com.alibaba.otter.canal.admin.controller.NodeServerController.update(com.alibaba.otter.canal.admin.model.NodeServer,java.lang.String)
2022-01-18 00:21:48.665 [main] INFO  o.s.w.s.m.method.annotation.RequestMappingHandlerMapping - Mapped "{[/api/{env}/nodeServer/{id}],methods=[DELETE]}" onto public com.alibaba.otter.canal.admin.model.BaseModel<java.lang.String> com.alibaba.otter.canal.admin.controller.NodeServerController.delete(java.lang.Long,java.lang.String)
2022-01-18 00:21:48.667 [main] INFO  o.s.w.s.m.method.annotation.RequestMappingHandlerMapping - Mapped "{[/api/{env}/nodeServer/start/{id}],methods=[PUT]}" onto public com.alibaba.otter.canal.admin.model.BaseModel<java.lang.Boolean> com.alibaba.otter.canal.admin.controller.NodeServerController.start(java.lang.Long,java.lang.String)
2022-01-18 00:21:48.670 [main] INFO  o.s.w.s.m.method.annotation.RequestMappingHandlerMapping - Mapped "{[/api/{env}/nodeServer/stop/{id}],methods=[PUT]}" onto public com.alibaba.otter.canal.admin.model.BaseModel<java.lang.Boolean> com.alibaba.otter.canal.admin.controller.NodeServerController.stop(java.lang.Long,java.lang.String)
2022-01-18 00:21:48.672 [main] INFO  o.s.w.s.m.method.annotation.RequestMappingHandlerMapping - Mapped "{[/api/{env}/nodeServer],methods=[POST]}" onto public com.alibaba.otter.canal.admin.model.BaseModel<java.lang.String> com.alibaba.otter.canal.admin.controller.NodeServerController.save(com.alibaba.otter.canal.admin.model.NodeServer,java.lang.String)
2022-01-18 00:21:48.677 [main] INFO  o.s.w.s.m.method.annotation.RequestMappingHandlerMapping - Mapped "{[/api/{env}/nodeServer/status],methods=[GET]}" onto public com.alibaba.otter.canal.admin.model.BaseModel<java.lang.Integer> com.alibaba.otter.canal.admin.controller.NodeServerController.status(java.lang.String,java.lang.Integer,java.lang.String)
2022-01-18 00:21:48.683 [main] INFO  o.s.w.s.m.method.annotation.RequestMappingHandlerMapping - Mapped "{[/api/{env}/nodeServers],methods=[GET]}" onto public com.alibaba.otter.canal.admin.model.BaseModel<com.alibaba.otter.canal.admin.model.Pager<com.alibaba.otter.canal.admin.model.NodeServer>> com.alibaba.otter.canal.admin.controller.NodeServerController.nodeServers(com.alibaba.otter.canal.admin.model.NodeServer,com.alibaba.otter.canal.admin.model.Pager<com.alibaba.otter.canal.admin.model.NodeServer>,java.lang.String)
2022-01-18 00:21:48.685 [main] INFO  o.s.w.s.m.method.annotation.RequestMappingHandlerMapping - Mapped "{[/api/{env}/nodeServer/{id}],methods=[GET]}" onto public com.alibaba.otter.canal.admin.model.BaseModel<com.alibaba.otter.canal.admin.model.NodeServer> com.alibaba.otter.canal.admin.controller.NodeServerController.detail(java.lang.Long,java.lang.String)
2022-01-18 00:21:48.695 [main] INFO  o.s.w.s.m.method.annotation.RequestMappingHandlerMapping - Mapped "{[/error]}" onto public org.springframework.http.ResponseEntity<java.util.Map<java.lang.String, java.lang.Object>> org.springframework.boot.autoconfigure.web.servlet.error.BasicErrorController.error(javax.servlet.http.HttpServletRequest)
2022-01-18 00:21:48.699 [main] INFO  o.s.w.s.m.method.annotation.RequestMappingHandlerMapping - Mapped "{[/error],produces=[text/html]}" onto public org.springframework.web.servlet.ModelAndView org.springframework.boot.autoconfigure.web.servlet.error.BasicErrorController.errorHtml(javax.servlet.http.HttpServletRequest,javax.servlet.http.HttpServletResponse)
2022-01-18 00:21:48.766 [main] INFO  o.s.web.servlet.handler.SimpleUrlHandlerMapping - Mapped URL path [/webjars/**] onto handler of type [class org.springframework.web.servlet.resource.ResourceHttpRequestHandler]
2022-01-18 00:21:48.767 [main] INFO  o.s.web.servlet.handler.SimpleUrlHandlerMapping - Mapped URL path [/**] onto handler of type [class org.springframework.web.servlet.resource.ResourceHttpRequestHandler]
2022-01-18 00:21:48.811 [main] INFO  o.s.w.s.m.m.annotation.ExceptionHandlerExceptionResolver - Detected @ExceptionHandler methods in customExceptionHandler
2022-01-18 00:21:48.949 [main] INFO  o.s.b.a.web.servlet.WelcomePageHandlerMapping - Adding welcome page: class path resource [public/index.html]
2022-01-18 00:21:49.517 [main] INFO  o.s.jmx.export.annotation.AnnotationMBeanExporter - Registering beans for JMX exposure on startup
2022-01-18 00:21:49.528 [main] INFO  o.s.jmx.export.annotation.AnnotationMBeanExporter - Bean with name 'dataSource' has been autodetected for JMX exposure
2022-01-18 00:21:49.538 [main] INFO  o.s.jmx.export.annotation.AnnotationMBeanExporter - Located MBean 'dataSource': registering with JMX server as MBean [com.zaxxer.hikari:name=dataSource,type=HikariDataSource]
2022-01-18 00:21:49.564 [main] INFO  org.apache.coyote.http11.Http11NioProtocol - Starting ProtocolHandler ["http-nio-8089"]
2022-01-18 00:21:49.584 [main] INFO  org.apache.tomcat.util.net.NioSelectorPool - Using a shared selector for servlet write/read
2022-01-18 00:21:49.645 [main] INFO  o.s.boot.web.embedded.tomcat.TomcatWebServer - Tomcat started on port(s): 8089 (http) with context path ''
2022-01-18 00:21:49.661 [main] INFO  com.alibaba.otter.canal.admin.CanalAdminApplication - Started CanalAdminApplication in 16.488 seconds (JVM running for 22.447)
2022-01-18 00:21:52.376 [http-nio-8089-exec-2] INFO  o.a.catalina.core.ContainerBase.[Tomcat].[localhost].[/] - Initializing Spring FrameworkServlet 'dispatcherServlet'
2022-01-18 00:21:52.380 [http-nio-8089-exec-2] INFO  org.springframework.web.servlet.DispatcherServlet - FrameworkServlet 'dispatcherServlet': initialization started
2022-01-18 00:21:52.424 [http-nio-8089-exec-2] INFO  org.springframework.web.servlet.DispatcherServlet - FrameworkServlet 'dispatcherServlet': initialization completed in 42 ms
2022-01-18 00:36:42.710 [Thread-4] INFO  o.s.b.w.s.c.AnnotationConfigServletWebServerApplicationContext - Closing org.springframework.boot.web.servlet.context.AnnotationConfigServletWebServerApplicationContext@9d5509a: startup date [Tue Jan 18 00:21:35 CST 2022]; root of context hierarchy
2022-01-18 00:36:42.718 [Thread-4] INFO  o.s.jmx.export.annotation.AnnotationMBeanExporter - Unregistering JMX-exposed beans on shutdown
2022-01-18 00:36:42.725 [Thread-4] INFO  o.s.jmx.export.annotation.AnnotationMBeanExporter - Unregistering JMX-exposed beans
2022-01-18 00:36:42.736 [Thread-4] INFO  com.zaxxer.hikari.HikariDataSource - HikariPool-1 - Shutdown initiated...
2022-01-18 00:36:42.741 [Thread-4] INFO  com.zaxxer.hikari.HikariDataSource - HikariPool-1 - Shutdown completed.
