2022-01-17T16:21:20.832569Z 0 [Warning] TIMESTAMP with implicit DEFAULT value is deprecated. Please use --explicit_defaults_for_timestamp server option (see documentation for more details).
2022-01-17T16:21:20.832648Z 0 [Warning] 'NO_ZERO_DATE', 'NO_ZERO_IN_DATE' and 'ERROR_FOR_DIVISION_BY_ZERO' sql modes should be used with strict mode. They will be merged with strict mode in a future release.
2022-01-17T16:21:20.832660Z 0 [Warning] 'NO_AUTO_CREATE_USER' sql mode was not set.
2022-01-17T16:21:20.858372Z 0 [Warning] Setting lower_case_table_names=2 because file system for /var/lib/mysql/ is case insensitive
2022-01-17T16:21:22.269196Z 0 [Warning] InnoDB: New log files created, LSN=45790
2022-01-17T16:21:22.974903Z 0 [Warning] InnoDB: Creating foreign key constraint system tables.
mysqld: File '/var/lib/mysql/slow-query-log/slow.log' not found (Errcode: 2 - No such file or directory)
2022-01-17T16:21:23.068097Z 0 [ERROR] Could not use /var/lib/mysql/slow-query-log/slow.log for logging (error 2 - No such file or directory). Turning logging off for the server process. To turn it on again: fix the cause, then either restart the query logging by using "SET GLOBAL SLOW_QUERY_LOG=ON" or restart the MySQL server.
2022-01-17T16:21:23.134023Z 0 [Warning] No existing UUID has been found, so we assume that this is the first time that this server has been started. Generating a new UUID: 82f032b3-77b1-11ec-a4e8-0242c0a88002.
2022-01-17T16:21:23.145964Z 0 [Warning] Gtid table is not ready to be used. Table 'mysql.gtid_executed' cannot be opened.
2022-01-17T16:21:23.154401Z 1 [Warning] root@localhost is created with an empty password ! Please consider switching off the --initialize-insecure option.
2022-01-17T16:21:31.311749Z 1 [Warning] 'user' entry 'root@localhost' ignored in --skip-name-resolve mode.
2022-01-17T16:21:31.312418Z 1 [Warning] 'user' entry 'mysql.session@localhost' ignored in --skip-name-resolve mode.
2022-01-17T16:21:31.313183Z 1 [Warning] 'user' entry 'mysql.sys@localhost' ignored in --skip-name-resolve mode.
2022-01-17T16:21:31.315433Z 1 [Warning] 'db' entry 'performance_schema mysql.session@localhost' ignored in --skip-name-resolve mode.
2022-01-17T16:21:31.316265Z 1 [Warning] 'db' entry 'sys mysql.sys@localhost' ignored in --skip-name-resolve mode.
2022-01-17T16:21:31.317115Z 1 [Warning] 'proxies_priv' entry '@ root@localhost' ignored in --skip-name-resolve mode.
2022-01-17T16:21:31.319793Z 1 [Warning] 'tables_priv' entry 'user mysql.session@localhost' ignored in --skip-name-resolve mode.
2022-01-17T16:21:31.321263Z 1 [Warning] 'tables_priv' entry 'sys_config mysql.sys@localhost' ignored in --skip-name-resolve mode.
2022-01-17T16:21:35.246223Z 0 [Warning] TIMESTAMP with implicit DEFAULT value is deprecated. Please use --explicit_defaults_for_timestamp server option (see documentation for more details).
2022-01-17T16:21:35.246288Z 0 [Warning] 'NO_ZERO_DATE', 'NO_ZERO_IN_DATE' and 'ERROR_FOR_DIVISION_BY_ZERO' sql modes should be used with strict mode. They will be merged with strict mode in a future release.
2022-01-17T16:21:35.246296Z 0 [Warning] 'NO_AUTO_CREATE_USER' sql mode was not set.
2022-01-17T16:21:35.263973Z 0 [Note] mysqld (mysqld 5.7.24-log) starting as process 90 ...
2022-01-17T16:21:35.276648Z 0 [Warning] Setting lower_case_table_names=2 because file system for /var/lib/mysql/ is case insensitive
2022-01-17T16:21:35.289543Z 0 [Note] InnoDB: PUNCH HOLE support available
2022-01-17T16:21:35.291660Z 0 [Note] InnoDB: Mutexes and rw_locks use GCC atomic builtins
2022-01-17T16:21:35.292274Z 0 [Note] InnoDB: Uses event mutexes
2022-01-17T16:21:35.293381Z 0 [Note] InnoDB: GCC builtin __atomic_thread_fence() is used for memory barrier
2022-01-17T16:21:35.294120Z 0 [Note] InnoDB: Compressed tables use zlib 1.2.11
2022-01-17T16:21:35.294965Z 0 [Note] InnoDB: Using Linux native AIO
2022-01-17T16:21:35.296550Z 0 [Note] InnoDB: Number of pools: 1
2022-01-17T16:21:35.297731Z 0 [Note] InnoDB: Using CPU crc32 instructions
2022-01-17T16:21:35.304555Z 0 [Note] InnoDB: Initializing buffer pool, total size = 128M, instances = 1, chunk size = 128M
2022-01-17T16:21:35.328853Z 0 [Note] InnoDB: Completed initialization of buffer pool
2022-01-17T16:21:35.334073Z 0 [Note] InnoDB: If the mysqld execution user is authorized, page cleaner thread priority can be changed. See the man page of setpriority().
2022-01-17T16:21:35.423488Z 0 [Note] InnoDB: Highest supported file format is Barracuda.
2022-01-17T16:21:35.520682Z 0 [Note] InnoDB: Creating shared tablespace for temporary tables
2022-01-17T16:21:35.523803Z 0 [Note] InnoDB: Setting file './ibtmp1' size to 12 MB. Physically writing the file full; Please wait ...
2022-01-17T16:21:35.635827Z 0 [Note] InnoDB: File './ibtmp1' size is now 12 MB.
2022-01-17T16:21:35.652974Z 0 [Note] InnoDB: 96 redo rollback segment(s) found. 96 redo rollback segment(s) are active.
2022-01-17T16:21:35.653773Z 0 [Note] InnoDB: 32 non-redo rollback segment(s) are active.
2022-01-17T16:21:35.655201Z 0 [Note] InnoDB: Waiting for purge to start
2022-01-17T16:21:35.707078Z 0 [Note] InnoDB: 5.7.24 started; log sequence number 2592140
2022-01-17T16:21:35.708815Z 0 [Note] InnoDB: Loading buffer pool(s) from /var/lib/mysql/ib_buffer_pool
2022-01-17T16:21:35.711027Z 0 [Note] Plugin 'FEDERATED' is disabled.
2022-01-17T16:21:35.752634Z 0 [Note] InnoDB: Buffer pool(s) load completed at 220118  0:21:35
mysqld: File '/var/lib/mysql/slow-query-log/slow.log' not found (Errcode: 2 - No such file or directory)
2022-01-17T16:21:35.793883Z 0 [ERROR] Could not use /var/lib/mysql/slow-query-log/slow.log for logging (error 2 - No such file or directory). Turning logging off for the server process. To turn it on again: fix the cause, then either restart the query logging by using "SET GLOBAL SLOW_QUERY_LOG=ON" or restart the MySQL server.
2022-01-17T16:21:35.853556Z 0 [Note] Found ca.pem, server-cert.pem and server-key.pem in data directory. Trying to enable SSL support using them.
2022-01-17T16:21:35.863807Z 0 [Warning] CA certificate ca.pem is self signed.
2022-01-17T16:21:35.872556Z 0 [Warning] Insecure configuration for --pid-file: Location '/var/run/mysqld' in the path is accessible to all OS users. Consider choosing a different directory.
2022-01-17T16:21:35.913089Z 0 [Warning] 'user' entry 'root@localhost' ignored in --skip-name-resolve mode.
2022-01-17T16:21:35.916959Z 0 [Warning] 'user' entry 'mysql.session@localhost' ignored in --skip-name-resolve mode.
2022-01-17T16:21:35.917717Z 0 [Warning] 'user' entry 'mysql.sys@localhost' ignored in --skip-name-resolve mode.
2022-01-17T16:21:35.918711Z 0 [Warning] 'db' entry 'performance_schema mysql.session@localhost' ignored in --skip-name-resolve mode.
2022-01-17T16:21:35.919402Z 0 [Warning] 'db' entry 'sys mysql.sys@localhost' ignored in --skip-name-resolve mode.
2022-01-17T16:21:35.920302Z 0 [Warning] 'proxies_priv' entry '@ root@localhost' ignored in --skip-name-resolve mode.
2022-01-17T16:21:35.987632Z 0 [Warning] 'tables_priv' entry 'user mysql.session@localhost' ignored in --skip-name-resolve mode.
2022-01-17T16:21:35.988759Z 0 [Warning] 'tables_priv' entry 'sys_config mysql.sys@localhost' ignored in --skip-name-resolve mode.
2022-01-17T16:21:36.049047Z 0 [Note] Failed to start slave threads for channel ''
2022-01-17T16:21:36.272751Z 0 [Note] Event Scheduler: Loaded 0 events
2022-01-17T16:21:36.273882Z 0 [Note] mysqld: ready for connections.
Version: '5.7.24-log'  socket: '/var/run/mysqld/mysqld.sock'  port: 0  MySQL Community Server (GPL)
2022-01-17T16:21:41.853326Z 4 [Warning] 'user' entry 'root@localhost' ignored in --skip-name-resolve mode.
2022-01-17T16:21:41.855942Z 4 [Warning] 'user' entry 'mysql.session@localhost' ignored in --skip-name-resolve mode.
2022-01-17T16:21:41.856785Z 4 [Warning] 'user' entry 'mysql.sys@localhost' ignored in --skip-name-resolve mode.
2022-01-17T16:21:41.857586Z 4 [Warning] 'db' entry 'performance_schema mysql.session@localhost' ignored in --skip-name-resolve mode.
2022-01-17T16:21:41.858307Z 4 [Warning] 'db' entry 'sys mysql.sys@localhost' ignored in --skip-name-resolve mode.
2022-01-17T16:21:41.860910Z 4 [Warning] 'proxies_priv' entry '@ root@localhost' ignored in --skip-name-resolve mode.
2022-01-17T16:21:41.862390Z 4 [Warning] 'tables_priv' entry 'user mysql.session@localhost' ignored in --skip-name-resolve mode.
2022-01-17T16:21:41.863240Z 4 [Warning] 'tables_priv' entry 'sys_config mysql.sys@localhost' ignored in --skip-name-resolve mode.
2022-01-17T16:21:41.991678Z 8 [Warning] 'user' entry 'root@localhost' ignored in --skip-name-resolve mode.
2022-01-17T16:21:41.992388Z 8 [Warning] 'user' entry 'mysql.session@localhost' ignored in --skip-name-resolve mode.
2022-01-17T16:21:41.993267Z 8 [Warning] 'user' entry 'mysql.sys@localhost' ignored in --skip-name-resolve mode.
2022-01-17T16:21:41.994622Z 8 [Warning] 'db' entry 'performance_schema mysql.session@localhost' ignored in --skip-name-resolve mode.
2022-01-17T16:21:41.995222Z 8 [Warning] 'db' entry 'sys mysql.sys@localhost' ignored in --skip-name-resolve mode.
2022-01-17T16:21:41.995899Z 8 [Warning] 'proxies_priv' entry '@ root@localhost' ignored in --skip-name-resolve mode.
2022-01-17T16:21:42.004885Z 8 [Warning] 'tables_priv' entry 'user mysql.session@localhost' ignored in --skip-name-resolve mode.
2022-01-17T16:21:42.005471Z 8 [Warning] 'tables_priv' entry 'sys_config mysql.sys@localhost' ignored in --skip-name-resolve mode.
2022-01-17T16:21:42.654397Z 0 [Note] Giving 0 client threads a chance to die gracefully
2022-01-17T16:21:42.655669Z 0 [Note] Shutting down slave threads
2022-01-17T16:21:42.656676Z 0 [Note] Forcefully disconnecting 0 remaining clients
2022-01-17T16:21:42.657878Z 0 [Note] Event Scheduler: Purging the queue. 0 events
2022-01-17T16:21:42.658632Z 0 [Note] Binlog end
2022-01-17T16:21:42.669081Z 0 [Note] Shutting down plugin 'ngram'
2022-01-17T16:21:42.672959Z 0 [Note] Shutting down plugin 'partition'
2022-01-17T16:21:42.674284Z 0 [Note] Shutting down plugin 'BLACKHOLE'
2022-01-17T16:21:42.675878Z 0 [Note] Shutting down plugin 'ARCHIVE'
2022-01-17T16:21:42.677918Z 0 [Note] Shutting down plugin 'PERFORMANCE_SCHEMA'
2022-01-17T16:21:42.678613Z 0 [Note] Shutting down plugin 'MRG_MYISAM'
2022-01-17T16:21:42.679348Z 0 [Note] Shutting down plugin 'MyISAM'
2022-01-17T16:21:42.680122Z 0 [Note] Shutting down plugin 'INNODB_SYS_VIRTUAL'
2022-01-17T16:21:42.680908Z 0 [Note] Shutting down plugin 'INNODB_SYS_DATAFILES'
2022-01-17T16:21:42.682705Z 0 [Note] Shutting down plugin 'INNODB_SYS_TABLESPACES'
2022-01-17T16:21:42.684015Z 0 [Note] Shutting down plugin 'INNODB_SYS_FOREIGN_COLS'
2022-01-17T16:21:42.686077Z 0 [Note] Shutting down plugin 'INNODB_SYS_FOREIGN'
2022-01-17T16:21:42.688976Z 0 [Note] Shutting down plugin 'INNODB_SYS_FIELDS'
2022-01-17T16:21:42.689880Z 0 [Note] Shutting down plugin 'INNODB_SYS_COLUMNS'
2022-01-17T16:21:42.690698Z 0 [Note] Shutting down plugin 'INNODB_SYS_INDEXES'
2022-01-17T16:21:42.691708Z 0 [Note] Shutting down plugin 'INNODB_SYS_TABLESTATS'
2022-01-17T16:21:42.692401Z 0 [Note] Shutting down plugin 'INNODB_SYS_TABLES'
2022-01-17T16:21:42.693187Z 0 [Note] Shutting down plugin 'INNODB_FT_INDEX_TABLE'
2022-01-17T16:21:42.693946Z 0 [Note] Shutting down plugin 'INNODB_FT_INDEX_CACHE'
2022-01-17T16:21:42.694644Z 0 [Note] Shutting down plugin 'INNODB_FT_CONFIG'
2022-01-17T16:21:42.695310Z 0 [Note] Shutting down plugin 'INNODB_FT_BEING_DELETED'
2022-01-17T16:21:42.696052Z 0 [Note] Shutting down plugin 'INNODB_FT_DELETED'
2022-01-17T16:21:42.696694Z 0 [Note] Shutting down plugin 'INNODB_FT_DEFAULT_STOPWORD'
2022-01-17T16:21:42.697891Z 0 [Note] Shutting down plugin 'INNODB_METRICS'
2022-01-17T16:21:42.699957Z 0 [Note] Shutting down plugin 'INNODB_TEMP_TABLE_INFO'
2022-01-17T16:21:42.701040Z 0 [Note] Shutting down plugin 'INNODB_BUFFER_POOL_STATS'
2022-01-17T16:21:42.702145Z 0 [Note] Shutting down plugin 'INNODB_BUFFER_PAGE_LRU'
2022-01-17T16:21:42.702970Z 0 [Note] Shutting down plugin 'INNODB_BUFFER_PAGE'
2022-01-17T16:21:42.703955Z 0 [Note] Shutting down plugin 'INNODB_CMP_PER_INDEX_RESET'
2022-01-17T16:21:42.704810Z 0 [Note] Shutting down plugin 'INNODB_CMP_PER_INDEX'
2022-01-17T16:21:42.705841Z 0 [Note] Shutting down plugin 'INNODB_CMPMEM_RESET'
2022-01-17T16:21:42.706558Z 0 [Note] Shutting down plugin 'INNODB_CMPMEM'
2022-01-17T16:21:42.710869Z 0 [Note] Shutting down plugin 'INNODB_CMP_RESET'
2022-01-17T16:21:42.711736Z 0 [Note] Shutting down plugin 'INNODB_CMP'
2022-01-17T16:21:42.712706Z 0 [Note] Shutting down plugin 'INNODB_LOCK_WAITS'
2022-01-17T16:21:42.713564Z 0 [Note] Shutting down plugin 'INNODB_LOCKS'
2022-01-17T16:21:42.714260Z 0 [Note] Shutting down plugin 'INNODB_TRX'
2022-01-17T16:21:42.715197Z 0 [Note] Shutting down plugin 'InnoDB'
2022-01-17T16:21:42.716669Z 0 [Note] InnoDB: FTS optimize thread exiting.
2022-01-17T16:21:42.718032Z 0 [Note] InnoDB: Starting shutdown...
2022-01-17T16:21:42.821653Z 0 [Note] InnoDB: Dumping buffer pool(s) to /var/lib/mysql/ib_buffer_pool
2022-01-17T16:21:42.847107Z 0 [Note] InnoDB: Buffer pool(s) dump completed at 220118  0:21:42
2022-01-17T16:21:44.967911Z 0 [Note] InnoDB: Shutdown completed; log sequence number 12405419
2022-01-17T16:21:44.983807Z 0 [Note] InnoDB: Removed temporary tablespace data file: "ibtmp1"
2022-01-17T16:21:44.984770Z 0 [Note] Shutting down plugin 'MEMORY'
2022-01-17T16:21:44.985613Z 0 [Note] Shutting down plugin 'CSV'
2022-01-17T16:21:44.986230Z 0 [Note] Shutting down plugin 'sha256_password'
2022-01-17T16:21:44.987049Z 0 [Note] Shutting down plugin 'mysql_native_password'
2022-01-17T16:21:44.987921Z 0 [Note] Shutting down plugin 'binlog'
2022-01-17T16:21:44.991848Z 0 [Note] mysqld: Shutdown complete

2022-01-17T16:21:45.257682Z 0 [Warning] TIMESTAMP with implicit DEFAULT value is deprecated. Please use --explicit_defaults_for_timestamp server option (see documentation for more details).
2022-01-17T16:21:45.257750Z 0 [Warning] 'NO_ZERO_DATE', 'NO_ZERO_IN_DATE' and 'ERROR_FOR_DIVISION_BY_ZERO' sql modes should be used with strict mode. They will be merged with strict mode in a future release.
2022-01-17T16:21:45.257758Z 0 [Warning] 'NO_AUTO_CREATE_USER' sql mode was not set.
2022-01-17T16:21:45.271203Z 0 [Note] mysqld (mysqld 5.7.24-log) starting as process 1 ...
2022-01-17T16:21:45.282413Z 0 [Warning] Setting lower_case_table_names=2 because file system for /var/lib/mysql/ is case insensitive
2022-01-17T16:21:45.293487Z 0 [Note] InnoDB: PUNCH HOLE support available
2022-01-17T16:21:45.294532Z 0 [Note] InnoDB: Mutexes and rw_locks use GCC atomic builtins
2022-01-17T16:21:45.295870Z 0 [Note] InnoDB: Uses event mutexes
2022-01-17T16:21:45.296620Z 0 [Note] InnoDB: GCC builtin __atomic_thread_fence() is used for memory barrier
2022-01-17T16:21:45.297201Z 0 [Note] InnoDB: Compressed tables use zlib 1.2.11
2022-01-17T16:21:45.297856Z 0 [Note] InnoDB: Using Linux native AIO
2022-01-17T16:21:45.299181Z 0 [Note] InnoDB: Number of pools: 1
2022-01-17T16:21:45.300192Z 0 [Note] InnoDB: Using CPU crc32 instructions
2022-01-17T16:21:45.304866Z 0 [Note] InnoDB: Initializing buffer pool, total size = 128M, instances = 1, chunk size = 128M
2022-01-17T16:21:45.321268Z 0 [Note] InnoDB: Completed initialization of buffer pool
2022-01-17T16:21:45.328329Z 0 [Note] InnoDB: If the mysqld execution user is authorized, page cleaner thread priority can be changed. See the man page of setpriority().
2022-01-17T16:21:45.407958Z 0 [Note] InnoDB: Highest supported file format is Barracuda.
2022-01-17T16:21:45.598023Z 0 [Note] InnoDB: Creating shared tablespace for temporary tables
2022-01-17T16:21:45.602085Z 0 [Note] InnoDB: Setting file './ibtmp1' size to 12 MB. Physically writing the file full; Please wait ...
2022-01-17T16:21:45.713245Z 0 [Note] InnoDB: File './ibtmp1' size is now 12 MB.
2022-01-17T16:21:45.719877Z 0 [Note] InnoDB: 96 redo rollback segment(s) found. 96 redo rollback segment(s) are active.
2022-01-17T16:21:45.722026Z 0 [Note] InnoDB: 32 non-redo rollback segment(s) are active.
2022-01-17T16:21:45.723562Z 0 [Note] InnoDB: Waiting for purge to start
2022-01-17T16:21:45.775720Z 0 [Note] InnoDB: 5.7.24 started; log sequence number 12405419
2022-01-17T16:21:45.777108Z 0 [Note] Plugin 'FEDERATED' is disabled.
2022-01-17T16:21:45.777269Z 0 [Note] InnoDB: Loading buffer pool(s) from /var/lib/mysql/ib_buffer_pool
mysqld: File '/var/lib/mysql/slow-query-log/slow.log' not found (Errcode: 2 - No such file or directory)
2022-01-17T16:21:45.826616Z 0 [ERROR] Could not use /var/lib/mysql/slow-query-log/slow.log for logging (error 2 - No such file or directory). Turning logging off for the server process. To turn it on again: fix the cause, then either restart the query logging by using "SET GLOBAL SLOW_QUERY_LOG=ON" or restart the MySQL server.
2022-01-17T16:21:46.059112Z 0 [Note] Found ca.pem, server-cert.pem and server-key.pem in data directory. Trying to enable SSL support using them.
2022-01-17T16:21:46.062089Z 0 [Note] InnoDB: Buffer pool(s) load completed at 220118  0:21:46
2022-01-17T16:21:46.068263Z 0 [Warning] CA certificate ca.pem is self signed.
2022-01-17T16:21:46.072905Z 0 [Note] Server hostname (bind-address): '*'; port: 3306
2022-01-17T16:21:46.073891Z 0 [Note] IPv6 is available.
2022-01-17T16:21:46.074776Z 0 [Note]   - '::' resolves to '::';
2022-01-17T16:21:46.075901Z 0 [Note] Server socket created on IP: '::'.
2022-01-17T16:21:46.080120Z 0 [Warning] Insecure configuration for --pid-file: Location '/var/run/mysqld' in the path is accessible to all OS users. Consider choosing a different directory.
2022-01-17T16:21:46.111629Z 0 [Warning] 'user' entry 'root@localhost' ignored in --skip-name-resolve mode.
2022-01-17T16:21:46.112749Z 0 [Warning] 'user' entry 'mysql.session@localhost' ignored in --skip-name-resolve mode.
2022-01-17T16:21:46.113755Z 0 [Warning] 'user' entry 'mysql.sys@localhost' ignored in --skip-name-resolve mode.
2022-01-17T16:21:46.114764Z 0 [Warning] 'db' entry 'performance_schema mysql.session@localhost' ignored in --skip-name-resolve mode.
2022-01-17T16:21:46.115687Z 0 [Warning] 'db' entry 'sys mysql.sys@localhost' ignored in --skip-name-resolve mode.
2022-01-17T16:21:46.116614Z 0 [Warning] 'proxies_priv' entry '@ root@localhost' ignored in --skip-name-resolve mode.
2022-01-17T16:21:46.157161Z 0 [Warning] 'tables_priv' entry 'user mysql.session@localhost' ignored in --skip-name-resolve mode.
2022-01-17T16:21:46.158014Z 0 [Warning] 'tables_priv' entry 'sys_config mysql.sys@localhost' ignored in --skip-name-resolve mode.
2022-01-17T16:21:46.237394Z 0 [Note] Failed to start slave threads for channel ''
2022-01-17T16:21:46.443807Z 0 [Note] Event Scheduler: Loaded 0 events
2022-01-17T16:21:46.444871Z 0 [Note] mysqld: ready for connections.
Version: '5.7.24-log'  socket: '/var/run/mysqld/mysqld.sock'  port: 3306  MySQL Community Server (GPL)
2022-01-17T16:36:47.022938Z 0 [Note] Giving 2 client threads a chance to die gracefully
2022-01-17T16:36:47.024569Z 0 [Note] Shutting down slave threads
2022-01-17T16:36:49.030621Z 0 [Note] Forcefully disconnecting 2 remaining clients
2022-01-17T16:36:49.032539Z 0 [Warning] mysqld: Forcing close of thread 2  user: 'root'

2022-01-17T16:36:49.033719Z 0 [Warning] mysqld: Forcing close of thread 3  user: 'root'

2022-01-17T16:36:49.035094Z 0 [Note] Event Scheduler: Purging the queue. 0 events
2022-01-17T16:36:49.036436Z 0 [Note] Binlog end
2022-01-17T16:36:49.041355Z 0 [Note] Shutting down plugin 'ngram'
2022-01-17T16:36:49.043878Z 0 [Note] Shutting down plugin 'partition'
2022-01-17T16:36:49.045788Z 0 [Note] Shutting down plugin 'BLACKHOLE'
2022-01-17T16:36:49.046543Z 0 [Note] Shutting down plugin 'ARCHIVE'
2022-01-17T16:36:49.047246Z 0 [Note] Shutting down plugin 'PERFORMANCE_SCHEMA'
2022-01-17T16:36:49.047943Z 0 [Note] Shutting down plugin 'MRG_MYISAM'
2022-01-17T16:36:49.048710Z 0 [Note] Shutting down plugin 'MyISAM'
2022-01-17T16:36:49.049427Z 0 [Note] Shutting down plugin 'INNODB_SYS_VIRTUAL'
2022-01-17T16:36:49.050521Z 0 [Note] Shutting down plugin 'INNODB_SYS_DATAFILES'
2022-01-17T16:36:49.051288Z 0 [Note] Shutting down plugin 'INNODB_SYS_TABLESPACES'
2022-01-17T16:36:49.052066Z 0 [Note] Shutting down plugin 'INNODB_SYS_FOREIGN_COLS'
2022-01-17T16:36:49.052810Z 0 [Note] Shutting down plugin 'INNODB_SYS_FOREIGN'
2022-01-17T16:36:49.053525Z 0 [Note] Shutting down plugin 'INNODB_SYS_FIELDS'
2022-01-17T16:36:49.054191Z 0 [Note] Shutting down plugin 'INNODB_SYS_COLUMNS'
2022-01-17T16:36:49.054869Z 0 [Note] Shutting down plugin 'INNODB_SYS_INDEXES'
2022-01-17T16:36:49.056147Z 0 [Note] Shutting down plugin 'INNODB_SYS_TABLESTATS'
2022-01-17T16:36:49.056667Z 0 [Note] Shutting down plugin 'INNODB_SYS_TABLES'
2022-01-17T16:36:49.057399Z 0 [Note] Shutting down plugin 'INNODB_FT_INDEX_TABLE'
2022-01-17T16:36:49.058307Z 0 [Note] Shutting down plugin 'INNODB_FT_INDEX_CACHE'
2022-01-17T16:36:49.058988Z 0 [Note] Shutting down plugin 'INNODB_FT_CONFIG'
2022-01-17T16:36:49.059594Z 0 [Note] Shutting down plugin 'INNODB_FT_BEING_DELETED'
2022-01-17T16:36:49.060510Z 0 [Note] Shutting down plugin 'INNODB_FT_DELETED'
2022-01-17T16:36:49.061545Z 0 [Note] Shutting down plugin 'INNODB_FT_DEFAULT_STOPWORD'
2022-01-17T16:36:49.062309Z 0 [Note] Shutting down plugin 'INNODB_METRICS'
2022-01-17T16:36:49.062935Z 0 [Note] Shutting down plugin 'INNODB_TEMP_TABLE_INFO'
2022-01-17T16:36:49.063671Z 0 [Note] Shutting down plugin 'INNODB_BUFFER_POOL_STATS'
2022-01-17T16:36:49.064283Z 0 [Note] Shutting down plugin 'INNODB_BUFFER_PAGE_LRU'
2022-01-17T16:36:49.064802Z 0 [Note] Shutting down plugin 'INNODB_BUFFER_PAGE'
2022-01-17T16:36:49.065422Z 0 [Note] Shutting down plugin 'INNODB_CMP_PER_INDEX_RESET'
2022-01-17T16:36:49.066120Z 0 [Note] Shutting down plugin 'INNODB_CMP_PER_INDEX'
2022-01-17T16:36:49.066774Z 0 [Note] Shutting down plugin 'INNODB_CMPMEM_RESET'
2022-01-17T16:36:49.067561Z 0 [Note] Shutting down plugin 'INNODB_CMPMEM'
2022-01-17T16:36:49.068331Z 0 [Note] Shutting down plugin 'INNODB_CMP_RESET'
2022-01-17T16:36:49.068937Z 0 [Note] Shutting down plugin 'INNODB_CMP'
2022-01-17T16:36:49.069571Z 0 [Note] Shutting down plugin 'INNODB_LOCK_WAITS'
2022-01-17T16:36:49.070285Z 0 [Note] Shutting down plugin 'INNODB_LOCKS'
2022-01-17T16:36:49.071286Z 0 [Note] Shutting down plugin 'INNODB_TRX'
2022-01-17T16:36:49.072341Z 0 [Note] Shutting down plugin 'InnoDB'
2022-01-17T16:36:49.073733Z 0 [Note] InnoDB: FTS optimize thread exiting.
2022-01-17T16:36:49.074681Z 0 [Note] InnoDB: Starting shutdown...
2022-01-17T16:36:49.179602Z 0 [Note] InnoDB: Dumping buffer pool(s) to /var/lib/mysql/ib_buffer_pool
2022-01-17T16:36:49.191409Z 0 [Note] InnoDB: Buffer pool(s) dump completed at 220118  0:36:49
2022-01-17T16:36:50.127860Z 0 [Note] InnoDB: Shutdown completed; log sequence number 12405447
2022-01-17T16:36:50.134682Z 0 [Note] InnoDB: Removed temporary tablespace data file: "ibtmp1"
2022-01-17T16:36:50.135448Z 0 [Note] Shutting down plugin 'MEMORY'
2022-01-17T16:36:50.136215Z 0 [Note] Shutting down plugin 'CSV'
2022-01-17T16:36:50.136919Z 0 [Note] Shutting down plugin 'sha256_password'
2022-01-17T16:36:50.137660Z 0 [Note] Shutting down plugin 'mysql_native_password'
2022-01-17T16:36:50.138476Z 0 [Note] Shutting down plugin 'binlog'
2022-01-17T16:36:50.142443Z 0 [Note] mysqld: Shutdown complete

